{"C:\\CSE-186\\Assignment7\\backend\\src\\app.js": {"path":"C:\\CSE-186\\Assignment7\\backend\\src\\app.js","statementMap":{"0":{"start":{"line":22,"column":18},"end":{"line":22,"column":49}},"1":{"start":{"line":23,"column":18},"end":{"line":23,"column":42}},"2":{"start":{"line":25,"column":11},"end":{"line":25,"column":21}},"3":{"start":{"line":26,"column":0},"end":{"line":26,"column":null}},"4":{"start":{"line":27,"column":0},"end":{"line":27,"column":null}},"5":{"start":{"line":29,"column":16},"end":{"line":29,"column":59}},"6":{"start":{"line":31,"column":15},"end":{"line":31,"column":58}},"7":{"start":{"line":32,"column":0},"end":{"line":32,"column":null}},"8":{"start":{"line":36,"column":0},"end":{"line":39,"column":null}},"9":{"start":{"line":41,"column":0},"end":{"line":47,"column":null}},"10":{"start":{"line":53,"column":0},"end":{"line":53,"column":null}},"11":{"start":{"line":56,"column":0},"end":{"line":56,"column":null}},"12":{"start":{"line":59,"column":0},"end":{"line":59,"column":null}},"13":{"start":{"line":61,"column":0},"end":{"line":67,"column":null}},"14":{"start":{"line":62,"column":2},"end":{"line":66,"column":null}},"15":{"start":{"line":69,"column":15},"end":{"line":69,"column":37}}},"fnMap":{"0":{"name":"(anonymous_0)","decl":{"start":{"line":61,"column":8},"end":{"line":61,"column":9}},"loc":{"start":{"line":61,"column":33},"end":{"line":67,"column":1}},"line":61}},"branchMap":{},"s":{"0":1,"1":1,"2":1,"3":1,"4":1,"5":1,"6":1,"7":1,"8":1,"9":1,"10":1,"11":1,"12":1,"13":1,"14":1,"15":1},"f":{"0":1},"b":{},"meta":{"lastBranch":0,"lastFunction":1,"lastStatement":16,"seen":{"s:22:18:22:49":0,"s:23:18:23:42":1,"s:25:11:25:21":2,"s:26:0:26:Infinity":3,"s:27:0:27:Infinity":4,"s:29:16:29:59":5,"s:31:15:31:58":6,"s:32:0:32:Infinity":7,"s:36:0:39:Infinity":8,"s:41:0:47:Infinity":9,"s:53:0:53:Infinity":10,"s:56:0:56:Infinity":11,"s:59:0:59:Infinity":12,"s:61:0:67:Infinity":13,"f:61:8:61:9":0,"s:62:2:66:Infinity":14,"s:69:15:69:37":15}}}
,"C:\\CSE-186\\Assignment7\\backend\\src\\model\\mail.js": {"path":"C:\\CSE-186\\Assignment7\\backend\\src\\model\\mail.js","statementMap":{"0":{"start":{"line":15,"column":22},"end":{"line":18,"column":5}},"1":{"start":{"line":19,"column":16},"end":{"line":21,"column":3}},"2":{"start":{"line":22,"column":17},"end":{"line":22,"column":40}},"3":{"start":{"line":24,"column":23},"end":{"line":24,"column":50}},"4":{"start":{"line":24,"column":41},"end":{"line":24,"column":49}},"5":{"start":{"line":25,"column":2},"end":{"line":25,"column":null}},"6":{"start":{"line":34,"column":20},"end":{"line":40,"column":5}},"7":{"start":{"line":41,"column":16},"end":{"line":43,"column":3}},"8":{"start":{"line":44,"column":17},"end":{"line":44,"column":40}},"9":{"start":{"line":46,"column":21},"end":{"line":46,"column":30}},"10":{"start":{"line":48,"column":2},"end":{"line":69,"column":null}},"11":{"start":{"line":50,"column":22},"end":{"line":50,"column":30}},"12":{"start":{"line":51,"column":4},"end":{"line":51,"column":null}},"13":{"start":{"line":54,"column":21},"end":{"line":61,"column":5}},"14":{"start":{"line":64,"column":4},"end":{"line":66,"column":null}},"15":{"start":{"line":65,"column":6},"end":{"line":65,"column":null}},"16":{"start":{"line":68,"column":4},"end":{"line":68,"column":null}},"17":{"start":{"line":71,"column":14},"end":{"line":71,"column":70}},"18":{"start":{"line":71,"column":56},"end":{"line":71,"column":68}},"19":{"start":{"line":72,"column":2},"end":{"line":72,"column":null}},"20":{"start":{"line":82,"column":17},"end":{"line":82,"column":45}},"21":{"start":{"line":85,"column":26},"end":{"line":85,"column":64}},"22":{"start":{"line":85,"column":45},"end":{"line":85,"column":63}},"23":{"start":{"line":87,"column":2},"end":{"line":87,"column":null}},"24":{"start":{"line":97,"column":2},"end":{"line":101,"column":null}},"25":{"start":{"line":98,"column":14},"end":{"line":98,"column":46}},"26":{"start":{"line":99,"column":4},"end":{"line":99,"column":null}},"27":{"start":{"line":100,"column":4},"end":{"line":100,"column":null}},"28":{"start":{"line":104,"column":2},"end":{"line":106,"column":null}},"29":{"start":{"line":105,"column":4},"end":{"line":105,"column":null}},"30":{"start":{"line":108,"column":20},"end":{"line":111,"column":4}},"31":{"start":{"line":113,"column":2},"end":{"line":115,"column":null}},"32":{"start":{"line":114,"column":4},"end":{"line":114,"column":null}},"33":{"start":{"line":118,"column":24},"end":{"line":123,"column":4}},"34":{"start":{"line":125,"column":2},"end":{"line":127,"column":null}},"35":{"start":{"line":126,"column":4},"end":{"line":126,"column":null}},"36":{"start":{"line":129,"column":20},"end":{"line":129,"column":44}},"37":{"start":{"line":132,"column":15},"end":{"line":137,"column":5}},"38":{"start":{"line":139,"column":17},"end":{"line":142,"column":4}},"39":{"start":{"line":145,"column":2},"end":{"line":145,"column":null}}},"fnMap":{"0":{"name":"retrieveMailboxNames","decl":{"start":{"line":14,"column":22},"end":{"line":14,"column":42}},"loc":{"start":{"line":14,"column":45},"end":{"line":26,"column":null}},"line":14},"1":{"name":"(anonymous_1)","decl":{"start":{"line":24,"column":32},"end":{"line":24,"column":33}},"loc":{"start":{"line":24,"column":41},"end":{"line":24,"column":49}},"line":24},"2":{"name":"retrieveAllMailboxes","decl":{"start":{"line":33,"column":22},"end":{"line":33,"column":42}},"loc":{"start":{"line":33,"column":45},"end":{"line":73,"column":null}},"line":33},"3":{"name":"(anonymous_3)","decl":{"start":{"line":71,"column":37},"end":{"line":71,"column":38}},"loc":{"start":{"line":71,"column":56},"end":{"line":71,"column":68}},"line":71},"4":{"name":"retrieveMailbox","decl":{"start":{"line":81,"column":22},"end":{"line":81,"column":37}},"loc":{"start":{"line":81,"column":47},"end":{"line":88,"column":null}},"line":81},"5":{"name":"(anonymous_5)","decl":{"start":{"line":85,"column":38},"end":{"line":85,"column":39}},"loc":{"start":{"line":85,"column":45},"end":{"line":85,"column":63}},"line":85},"6":{"name":"puttingIt","decl":{"start":{"line":96,"column":22},"end":{"line":96,"column":31}},"loc":{"start":{"line":96,"column":45},"end":{"line":146,"column":null}},"line":96}},"branchMap":{"0":{"loc":{"start":{"line":64,"column":4},"end":{"line":66,"column":null}},"type":"if","locations":[{"start":{"line":64,"column":4},"end":{"line":66,"column":null}},{"start":{},"end":{}}],"line":64},"1":{"loc":{"start":{"line":87,"column":9},"end":{"line":87,"column":32}},"type":"binary-expr","locations":[{"start":{"line":87,"column":9},"end":{"line":87,"column":24}},{"start":{"line":87,"column":28},"end":{"line":87,"column":32}}],"line":87},"2":{"loc":{"start":{"line":97,"column":2},"end":{"line":101,"column":null}},"type":"if","locations":[{"start":{"line":97,"column":2},"end":{"line":101,"column":null}},{"start":{},"end":{}}],"line":97},"3":{"loc":{"start":{"line":104,"column":2},"end":{"line":106,"column":null}},"type":"if","locations":[{"start":{"line":104,"column":2},"end":{"line":106,"column":null}},{"start":{},"end":{}}],"line":104},"4":{"loc":{"start":{"line":113,"column":2},"end":{"line":115,"column":null}},"type":"if","locations":[{"start":{"line":113,"column":2},"end":{"line":115,"column":null}},{"start":{},"end":{}}],"line":113},"5":{"loc":{"start":{"line":125,"column":2},"end":{"line":127,"column":null}},"type":"if","locations":[{"start":{"line":125,"column":2},"end":{"line":127,"column":null}},{"start":{},"end":{}}],"line":125}},"s":{"0":4,"1":4,"2":4,"3":4,"4":12,"5":4,"6":10,"7":10,"8":10,"9":10,"10":10,"11":3000,"12":3000,"13":3000,"14":3000,"15":30,"16":3000,"17":10,"18":30,"19":10,"20":4,"21":4,"22":9,"23":4,"24":7,"25":1,"26":1,"27":1,"28":6,"29":1,"30":5,"31":5,"32":1,"33":4,"34":4,"35":1,"36":3,"37":3,"38":3,"39":3},"f":{"0":4,"1":12,"2":10,"3":30,"4":4,"5":9,"6":7},"b":{"0":[30,2970],"1":[4,1],"2":[1,6],"3":[1,5],"4":[1,4],"5":[1,3]},"meta":{"lastBranch":6,"lastFunction":7,"lastStatement":40,"seen":{"f:14:22:14:42":0,"s:15:22:18:5":0,"s:19:16:21:3":1,"s:22:17:22:40":2,"s:24:23:24:50":3,"f:24:32:24:33":1,"s:24:41:24:49":4,"s:25:2:25:Infinity":5,"f:33:22:33:42":2,"s:34:20:40:5":6,"s:41:16:43:3":7,"s:44:17:44:40":8,"s:46:21:46:30":9,"s:48:2:69:Infinity":10,"s:50:22:50:30":11,"s:51:4:51:Infinity":12,"s:54:21:61:5":13,"b:64:4:66:Infinity:undefined:undefined:undefined:undefined":0,"s:64:4:66:Infinity":14,"s:65:6:65:Infinity":15,"s:68:4:68:Infinity":16,"s:71:14:71:70":17,"f:71:37:71:38":3,"s:71:56:71:68":18,"s:72:2:72:Infinity":19,"f:81:22:81:37":4,"s:82:17:82:45":20,"s:85:26:85:64":21,"f:85:38:85:39":5,"s:85:45:85:63":22,"s:87:2:87:Infinity":23,"b:87:9:87:24:87:28:87:32":1,"f:96:22:96:31":6,"b:97:2:101:Infinity:undefined:undefined:undefined:undefined":2,"s:97:2:101:Infinity":24,"s:98:14:98:46":25,"s:99:4:99:Infinity":26,"s:100:4:100:Infinity":27,"b:104:2:106:Infinity:undefined:undefined:undefined:undefined":3,"s:104:2:106:Infinity":28,"s:105:4:105:Infinity":29,"s:108:20:111:4":30,"b:113:2:115:Infinity:undefined:undefined:undefined:undefined":4,"s:113:2:115:Infinity":31,"s:114:4:114:Infinity":32,"s:118:24:123:4":33,"b:125:2:127:Infinity:undefined:undefined:undefined:undefined":5,"s:125:2:127:Infinity":34,"s:126:4:126:Infinity":35,"s:129:20:129:44":36,"s:132:15:137:5":37,"s:139:17:142:4":38,"s:145:2:145:Infinity":39}}}
,"C:\\CSE-186\\Assignment7\\backend\\src\\model\\pool.js": {"path":"C:\\CSE-186\\Assignment7\\backend\\src\\model\\pool.js","statementMap":{"0":{"start":{"line":14,"column":20},"end":{"line":20,"column":2}}},"fnMap":{},"branchMap":{},"s":{"0":1},"f":{},"b":{},"meta":{"lastBranch":0,"lastFunction":0,"lastStatement":1,"seen":{"s:14:20:20:2":0}}}
,"C:\\CSE-186\\Assignment7\\backend\\src\\router\\route.js": {"path":"C:\\CSE-186\\Assignment7\\backend\\src\\router\\route.js","statementMap":{"0":{"start":{"line":9,"column":16},"end":{"line":9,"column":50}},"1":{"start":{"line":10,"column":2},"end":{"line":10,"column":null}},"2":{"start":{"line":20,"column":20},"end":{"line":20,"column":29}},"3":{"start":{"line":23,"column":2},"end":{"line":30,"column":null}},"4":{"start":{"line":24,"column":19},"end":{"line":24,"column":55}},"5":{"start":{"line":26,"column":4},"end":{"line":28,"column":null}},"6":{"start":{"line":27,"column":6},"end":{"line":27,"column":null}},"7":{"start":{"line":29,"column":4},"end":{"line":29,"column":null}},"8":{"start":{"line":32,"column":20},"end":{"line":32,"column":54}},"9":{"start":{"line":33,"column":2},"end":{"line":33,"column":null}},"10":{"start":{"line":48,"column":15},"end":{"line":48,"column":25}},"11":{"start":{"line":49,"column":20},"end":{"line":49,"column":29}},"12":{"start":{"line":51,"column":2},"end":{"line":65,"column":null}},"13":{"start":{"line":53,"column":18},"end":{"line":53,"column":52}},"14":{"start":{"line":54,"column":4},"end":{"line":56,"column":null}},"15":{"start":{"line":55,"column":6},"end":{"line":55,"column":null}},"16":{"start":{"line":58,"column":4},"end":{"line":58,"column":null}},"17":{"start":{"line":61,"column":4},"end":{"line":63,"column":null}},"18":{"start":{"line":62,"column":6},"end":{"line":62,"column":null}},"19":{"start":{"line":64,"column":4},"end":{"line":64,"column":null}}},"fnMap":{"0":{"name":"getName","decl":{"start":{"line":8,"column":22},"end":{"line":8,"column":29}},"loc":{"start":{"line":8,"column":40},"end":{"line":11,"column":null}},"line":8},"1":{"name":"getAll","decl":{"start":{"line":19,"column":22},"end":{"line":19,"column":28}},"loc":{"start":{"line":19,"column":39},"end":{"line":39,"column":null}},"line":19},"2":{"name":"put","decl":{"start":{"line":47,"column":22},"end":{"line":47,"column":25}},"loc":{"start":{"line":47,"column":36},"end":{"line":66,"column":null}},"line":47}},"branchMap":{"0":{"loc":{"start":{"line":23,"column":2},"end":{"line":30,"column":null}},"type":"if","locations":[{"start":{"line":23,"column":2},"end":{"line":30,"column":null}},{"start":{},"end":{}}],"line":23},"1":{"loc":{"start":{"line":26,"column":4},"end":{"line":28,"column":null}},"type":"if","locations":[{"start":{"line":26,"column":4},"end":{"line":28,"column":null}},{"start":{},"end":{}}],"line":26},"2":{"loc":{"start":{"line":54,"column":4},"end":{"line":56,"column":null}},"type":"if","locations":[{"start":{"line":54,"column":4},"end":{"line":56,"column":null}},{"start":{},"end":{}}],"line":54},"3":{"loc":{"start":{"line":61,"column":4},"end":{"line":63,"column":null}},"type":"if","locations":[{"start":{"line":61,"column":4},"end":{"line":63,"column":null}},{"start":{},"end":{}}],"line":61}},"s":{"0":4,"1":4,"2":10,"3":10,"4":4,"5":4,"6":1,"7":3,"8":6,"9":6,"10":7,"11":7,"12":7,"13":7,"14":5,"15":2,"16":3,"17":2,"18":1,"19":1},"f":{"0":4,"1":10,"2":7},"b":{"0":[4,6],"1":[1,3],"2":[2,3],"3":[1,1]},"meta":{"lastBranch":4,"lastFunction":3,"lastStatement":20,"seen":{"f:8:22:8:29":0,"s:9:16:9:50":0,"s:10:2:10:Infinity":1,"f:19:22:19:28":1,"s:20:20:20:29":2,"b:23:2:30:Infinity:undefined:undefined:undefined:undefined":0,"s:23:2:30:Infinity":3,"s:24:19:24:55":4,"b:26:4:28:Infinity:undefined:undefined:undefined:undefined":1,"s:26:4:28:Infinity":5,"s:27:6:27:Infinity":6,"s:29:4:29:Infinity":7,"s:32:20:32:54":8,"s:33:2:33:Infinity":9,"f:47:22:47:25":2,"s:48:15:48:25":10,"s:49:20:49:29":11,"s:51:2:65:Infinity":12,"s:53:18:53:52":13,"b:54:4:56:Infinity:undefined:undefined:undefined:undefined":2,"s:54:4:56:Infinity":14,"s:55:6:55:Infinity":15,"s:58:4:58:Infinity":16,"b:61:4:63:Infinity:undefined:undefined:undefined:undefined":3,"s:61:4:63:Infinity":17,"s:62:6:62:Infinity":18,"s:64:4:64:Infinity":19}}}
,"C:\\CSE-186\\Assignment7\\backend\\test\\db.js": {"path":"C:\\CSE-186\\Assignment7\\backend\\test\\db.js","statementMap":{"0":{"start":{"line":21,"column":0},"end":{"line":21,"column":null}},"1":{"start":{"line":22,"column":0},"end":{"line":22,"column":null}},"2":{"start":{"line":24,"column":13},"end":{"line":30,"column":2}},"3":{"start":{"line":32,"column":12},"end":{"line":46,"column":1}},"4":{"start":{"line":33,"column":18},"end":{"line":33,"column":47}},"5":{"start":{"line":34,"column":16},"end":{"line":34,"column":38}},"6":{"start":{"line":35,"column":18},"end":{"line":35,"column":20}},"7":{"start":{"line":36,"column":2},"end":{"line":45,"column":null}},"8":{"start":{"line":37,"column":4},"end":{"line":37,"column":null}},"9":{"start":{"line":38,"column":4},"end":{"line":44,"column":null}},"10":{"start":{"line":39,"column":6},"end":{"line":39,"column":null}},"11":{"start":{"line":40,"column":6},"end":{"line":43,"column":null}},"12":{"start":{"line":41,"column":8},"end":{"line":41,"column":null}},"13":{"start":{"line":42,"column":8},"end":{"line":42,"column":null}},"14":{"start":{"line":51,"column":2},"end":{"line":51,"column":null}},"15":{"start":{"line":52,"column":2},"end":{"line":52,"column":null}},"16":{"start":{"line":58,"column":2},"end":{"line":58,"column":null}}},"fnMap":{"0":{"name":"(anonymous_0)","decl":{"start":{"line":32,"column":12},"end":{"line":32,"column":17}},"loc":{"start":{"line":32,"column":28},"end":{"line":46,"column":1}},"line":32},"1":{"name":"reset","decl":{"start":{"line":50,"column":22},"end":{"line":50,"column":27}},"loc":{"start":{"line":50,"column":30},"end":{"line":53,"column":1}},"line":50},"2":{"name":"close","decl":{"start":{"line":57,"column":16},"end":{"line":57,"column":21}},"loc":{"start":{"line":57,"column":24},"end":{"line":59,"column":1}},"line":57}},"branchMap":{"0":{"loc":{"start":{"line":38,"column":4},"end":{"line":44,"column":null}},"type":"if","locations":[{"start":{"line":38,"column":4},"end":{"line":44,"column":null}},{"start":{},"end":{}}],"line":38},"1":{"loc":{"start":{"line":40,"column":6},"end":{"line":43,"column":null}},"type":"if","locations":[{"start":{"line":40,"column":6},"end":{"line":43,"column":null}},{"start":{},"end":{}}],"line":40}},"s":{"0":1,"1":1,"2":1,"3":1,"4":2,"5":2,"6":2,"7":2,"8":348,"9":348,"10":325,"11":325,"12":309,"13":309,"14":1,"15":1,"16":1},"f":{"0":2,"1":1,"2":1},"b":{"0":[325,23],"1":[309,16]},"meta":{"lastBranch":2,"lastFunction":3,"lastStatement":17,"seen":{"s:21:0:21:Infinity":0,"s:22:0:22:Infinity":1,"s:24:13:30:2":2,"s:32:12:46:1":3,"f:32:12:32:17":0,"s:33:18:33:47":4,"s:34:16:34:38":5,"s:35:18:35:20":6,"s:36:2:45:Infinity":7,"s:37:4:37:Infinity":8,"b:38:4:44:Infinity:undefined:undefined:undefined:undefined":0,"s:38:4:44:Infinity":9,"s:39:6:39:Infinity":10,"b:40:6:43:Infinity:undefined:undefined:undefined:undefined":1,"s:40:6:43:Infinity":11,"s:41:8:41:Infinity":12,"s:42:8:42:Infinity":13,"f:50:22:50:27":1,"s:51:2:51:Infinity":14,"s:52:2:52:Infinity":15,"f:57:16:57:21":2,"s:58:2:58:Infinity":16}}}
}
