<?xml version="1.0" encoding="UTF-8"?>
<coverage generated="1772701674974" clover="3.2.0">
  <project timestamp="1772701674974" name="All files">
    <metrics statements="35" coveredstatements="22" conditionals="8" coveredconditionals="4" methods="11" coveredmethods="9" elements="54" coveredelements="35" complexity="0" loc="35" ncloc="35" packages="2" files="5" classes="5"/>
    <package name="src">
      <metrics statements="5" coveredstatements="5" conditionals="0" coveredconditionals="0" methods="1" coveredmethods="1"/>
      <file name="App.jsx" path="C:\CSE-186\Assignment8\frontend\src\App.jsx">
        <metrics statements="5" coveredstatements="5" conditionals="0" coveredconditionals="0" methods="1" coveredmethods="1"/>
        <line num="26" count="1" type="stmt"/>
        <line num="27" count="1" type="stmt"/>
        <line num="35" count="3" type="stmt"/>
        <line num="36" count="3" type="stmt"/>
        <line num="38" count="3" type="stmt"/>
      </file>
    </package>
    <package name="src.view">
      <metrics statements="30" coveredstatements="17" conditionals="8" coveredconditionals="4" methods="10" coveredmethods="8"/>
      <file name="Drawer.jsx" path="C:\CSE-186\Assignment8\frontend\src\view\Drawer.jsx">
        <metrics statements="5" coveredstatements="5" conditionals="2" coveredconditionals="1" methods="2" coveredmethods="2"/>
        <line num="25" count="12" type="stmt"/>
        <line num="28" count="12" type="stmt"/>
        <line num="29" count="12" type="stmt"/>
        <line num="55" count="12" type="stmt"/>
        <line num="59" count="1" type="stmt"/>
      </file>
      <file name="Header.jsx" path="C:\CSE-186\Assignment8\frontend\src\view\Header.jsx">
        <metrics statements="6" coveredstatements="5" conditionals="2" coveredconditionals="2" methods="5" coveredmethods="4"/>
        <line num="20" count="12" type="stmt"/>
        <line num="21" count="12" type="stmt"/>
        <line num="23" count="12" type="stmt"/>
        <line num="29" count="12" type="stmt"/>
        <line num="39" count="5" type="stmt"/>
        <line num="56" count="0" type="stmt"/>
      </file>
      <file name="Home.jsx" path="C:\CSE-186\Assignment8\frontend\src\view\Home.jsx">
        <metrics statements="1" coveredstatements="1" conditionals="0" coveredconditionals="0" methods="1" coveredmethods="1"/>
        <line num="9" count="12" type="stmt"/>
      </file>
      <file name="Login.jsx" path="C:\CSE-186\Assignment8\frontend\src\view\Login.jsx">
        <metrics statements="18" coveredstatements="6" conditionals="4" coveredconditionals="1" methods="2" coveredmethods="1"/>
        <line num="11" count="3" type="stmt"/>
        <line num="12" count="3" type="stmt"/>
        <line num="13" count="3" type="stmt"/>
        <line num="14" count="3" type="stmt"/>
        <line num="42" count="3" type="stmt"/>
        <line num="43" count="0" type="stmt"/>
        <line num="44" count="0" type="stmt"/>
        <line num="45" count="0" type="stmt"/>
        <line num="48" count="0" type="stmt"/>
        <line num="55" count="0" type="stmt"/>
        <line num="57" count="0" type="cond" truecount="0" falsecount="2"/>
        <line num="58" count="0" type="stmt"/>
        <line num="59" count="0" type="stmt"/>
        <line num="60" count="0" type="stmt"/>
        <line num="63" count="0" type="stmt"/>
        <line num="66" count="0" type="stmt"/>
        <line num="67" count="0" type="stmt"/>
        <line num="75" count="3" type="stmt"/>
      </file>
    </package>
  </project>
</coverage>
