{"C:\\CSE-186\\Assignment8\\frontend\\src\\App.jsx": {"path":"C:\\CSE-186\\Assignment8\\frontend\\src\\App.jsx","statementMap":{"0":{"start":{"line":26,"column":13},"end":{"line":26,"column":null}},"1":{"start":{"line":27,"column":20},"end":{"line":27,"column":null}},"2":{"start":{"line":38,"column":34},"end":{"line":38,"column":null}},"3":{"start":{"line":42,"column":8},"end":{"line":42,"column":null}},"4":{"start":{"line":43,"column":8},"end":{"line":44,"column":null}},"5":{"start":{"line":46,"column":2},"end":{"line":67,"column":null}}},"fnMap":{"0":{"name":"App","decl":{"start":{"line":37,"column":9},"end":{"line":37,"column":15}},"loc":{"start":{"line":37,"column":15},"end":{"line":69,"column":null}},"line":37}},"branchMap":{},"s":{"0":5,"1":5,"2":1,"3":1,"4":1,"5":1},"f":{"0":1},"b":{},"meta":{"lastBranch":0,"lastFunction":1,"lastStatement":6,"seen":{"s:26:13:26:Infinity":0,"s:27:20:27:Infinity":1,"f:37:9:37:15":0,"s:38:34:38:Infinity":2,"s:42:8:42:Infinity":3,"s:43:8:44:Infinity":4,"s:46:2:67:Infinity":5}}}
,"C:\\CSE-186\\Assignment8\\frontend\\src\\__tests__\\testHelpers.js": {"path":"C:\\CSE-186\\Assignment8\\frontend\\src\\__tests__\\testHelpers.js","statementMap":{"0":{"start":{"line":10,"column":0},"end":{"line":16,"column":null}},"1":{"start":{"line":11,"column":17},"end":{"line":11,"column":58}},"2":{"start":{"line":12,"column":2},"end":{"line":15,"column":null}},"3":{"start":{"line":14,"column":23},"end":{"line":14,"column":35}},"4":{"start":{"line":8,"column":28},"end":{"line":8,"column":35}},"5":{"start":{"line":18,"column":27},"end":{"line":23,"column":1}}},"fnMap":{"0":{"name":"(anonymous_0)","decl":{"start":{"line":10,"column":28},"end":{"line":10,"column":33}},"loc":{"start":{"line":10,"column":40},"end":{"line":16,"column":1}},"line":10},"1":{"name":"(anonymous_1)","decl":{"start":{"line":14,"column":17},"end":{"line":14,"column":18}},"loc":{"start":{"line":14,"column":23},"end":{"line":14,"column":35}},"line":14}},"branchMap":{},"s":{"0":5,"1":5,"2":5,"3":74,"4":5,"5":5},"f":{"0":5,"1":74},"b":{},"meta":{"lastBranch":0,"lastFunction":2,"lastStatement":6,"seen":{"s:10:0:16:Infinity":0,"f:10:28:10:33":0,"s:11:17:11:58":1,"s:12:2:15:Infinity":2,"f:14:17:14:18":1,"s:14:23:14:35":3,"s:8:28:8:35":4,"s:18:27:23:1":5}}}
,"C:\\CSE-186\\Assignment8\\frontend\\src\\view\\Drawer.jsx": {"path":"C:\\CSE-186\\Assignment8\\frontend\\src\\view\\Drawer.jsx","statementMap":{"0":{"start":{"line":30,"column":2},"end":{"line":30,"column":null}},"1":{"start":{"line":31,"column":34},"end":{"line":31,"column":null}},"2":{"start":{"line":32,"column":16},"end":{"line":32,"column":null}},"3":{"start":{"line":33,"column":8},"end":{"line":33,"column":null}},"4":{"start":{"line":34,"column":16},"end":{"line":34,"column":null}},"5":{"start":{"line":35,"column":8},"end":{"line":35,"column":null}},"6":{"start":{"line":37,"column":17},"end":{"line":37,"column":null}},"7":{"start":{"line":39,"column":2},"end":{"line":39,"column":null}},"8":{"start":{"line":39,"column":15},"end":{"line":39,"column":null}},"9":{"start":{"line":42,"column":2},"end":{"line":59,"column":null}},"10":{"start":{"line":43,"column":4},"end":{"line":58,"column":null}},"11":{"start":{"line":51,"column":10},"end":{"line":54,"column":null}},"12":{"start":{"line":53,"column":12},"end":{"line":53,"column":null}},"13":{"start":{"line":55,"column":10},"end":{"line":55,"column":null}},"14":{"start":{"line":58,"column":24},"end":{"line":58,"column":43}},"15":{"start":{"line":62,"column":4},"end":{"line":105,"column":null}},"16":{"start":{"line":72,"column":14},"end":{"line":72,"column":null}},"17":{"start":{"line":73,"column":14},"end":{"line":73,"column":null}},"18":{"start":{"line":86,"column":10},"end":{"line":102,"column":null}},"19":{"start":{"line":91,"column":16},"end":{"line":91,"column":null}},"20":{"start":{"line":92,"column":16},"end":{"line":92,"column":null}},"21":{"start":{"line":108,"column":2},"end":{"line":122,"column":null}},"22":{"start":{"line":112,"column":21},"end":{"line":112,"column":null}},"23":{"start":{"line":128,"column":0},"end":{"line":130,"column":null}}},"fnMap":{"0":{"name":"SideBar","decl":{"start":{"line":25,"column":9},"end":{"line":25,"column":17}},"loc":{"start":{"line":25,"column":32},"end":{"line":124,"column":null}},"line":25},"1":{"name":"(anonymous_1)","decl":{"start":{"line":39,"column":2},"end":{"line":39,"column":3}},"loc":{"start":{"line":39,"column":15},"end":{"line":39,"column":null}},"line":39},"2":{"name":"(anonymous_2)","decl":{"start":{"line":42,"column":12},"end":{"line":42,"column":18}},"loc":{"start":{"line":42,"column":18},"end":{"line":59,"column":5}},"line":42},"3":{"name":"(anonymous_3)","decl":{"start":{"line":50,"column":14},"end":{"line":50,"column":15}},"loc":{"start":{"line":50,"column":23},"end":{"line":56,"column":9}},"line":50},"4":{"name":"(anonymous_4)","decl":{"start":{"line":58,"column":14},"end":{"line":58,"column":15}},"loc":{"start":{"line":58,"column":24},"end":{"line":58,"column":43}},"line":58},"5":{"name":"(anonymous_5)","decl":{"start":{"line":71,"column":21},"end":{"line":71,"column":27}},"loc":{"start":{"line":71,"column":27},"end":{"line":74,"column":null}},"line":71},"6":{"name":"(anonymous_6)","decl":{"start":{"line":85,"column":24},"end":{"line":85,"column":25}},"loc":{"start":{"line":86,"column":10},"end":{"line":102,"column":null}},"line":86},"7":{"name":"(anonymous_7)","decl":{"start":{"line":90,"column":23},"end":{"line":90,"column":29}},"loc":{"start":{"line":90,"column":29},"end":{"line":93,"column":null}},"line":90},"8":{"name":"(anonymous_8)","decl":{"start":{"line":112,"column":15},"end":{"line":112,"column":21}},"loc":{"start":{"line":112,"column":21},"end":{"line":112,"column":null}},"line":112}},"branchMap":{"0":{"loc":{"start":{"line":51,"column":10},"end":{"line":54,"column":null}},"type":"if","locations":[{"start":{"line":51,"column":10},"end":{"line":54,"column":null}},{"start":{},"end":{}}],"line":51},"1":{"loc":{"start":{"line":76,"column":13},"end":{"line":78,"column":null}},"type":"cond-expr","locations":[{"start":{"line":77,"column":12},"end":{"line":77,"column":null}},{"start":{"line":78,"column":12},"end":{"line":78,"column":null}}],"line":76},"2":{"loc":{"start":{"line":96,"column":15},"end":{"line":98,"column":null}},"type":"cond-expr","locations":[{"start":{"line":97,"column":14},"end":{"line":97,"column":null}},{"start":{"line":98,"column":14},"end":{"line":98,"column":null}}],"line":96},"3":{"loc":{"start":{"line":110,"column":15},"end":{"line":110,"column":null}},"type":"cond-expr","locations":[{"start":{"line":110,"column":26},"end":{"line":110,"column":40}},{"start":{"line":110,"column":40},"end":{"line":110,"column":null}}],"line":110}},"s":{"0":29,"1":29,"2":29,"3":29,"4":29,"5":29,"6":29,"7":29,"8":4,"9":29,"10":12,"11":12,"12":1,"13":11,"14":12,"15":29,"16":0,"17":0,"18":4,"19":1,"20":1,"21":29,"22":1,"23":5},"f":{"0":29,"1":4,"2":12,"3":12,"4":12,"5":0,"6":4,"7":1,"8":1},"b":{"0":[1,11],"1":[0,29],"2":[1,3],"3":[21,8]},"meta":{"lastBranch":4,"lastFunction":9,"lastStatement":24,"seen":{"f:25:9:25:17":0,"s:30:2:30:Infinity":0,"s:31:34:31:Infinity":1,"s:32:16:32:Infinity":2,"s:33:8:33:Infinity":3,"s:34:16:34:Infinity":4,"s:35:8:35:Infinity":5,"s:37:17:37:Infinity":6,"s:39:2:39:Infinity":7,"f:39:2:39:3":1,"s:39:15:39:Infinity":8,"s:42:2:59:Infinity":9,"f:42:12:42:18":2,"s:43:4:58:Infinity":10,"f:50:14:50:15":3,"b:51:10:54:Infinity:undefined:undefined:undefined:undefined":0,"s:51:10:54:Infinity":11,"s:53:12:53:Infinity":12,"s:55:10:55:Infinity":13,"f:58:14:58:15":4,"s:58:24:58:43":14,"s:62:4:105:Infinity":15,"f:71:21:71:27":5,"s:72:14:72:Infinity":16,"s:73:14:73:Infinity":17,"b:77:12:77:Infinity:78:12:78:Infinity":1,"f:85:24:85:25":6,"s:86:10:102:Infinity":18,"f:90:23:90:29":7,"s:91:16:91:Infinity":19,"s:92:16:92:Infinity":20,"b:97:14:97:Infinity:98:14:98:Infinity":2,"s:108:2:122:Infinity":21,"b:110:26:110:40:110:40:110:Infinity":3,"f:112:15:112:21":8,"s:112:21:112:Infinity":22,"s:128:0:130:Infinity":23}}}
,"C:\\CSE-186\\Assignment8\\frontend\\src\\view\\Header.jsx": {"path":"C:\\CSE-186\\Assignment8\\frontend\\src\\view\\Header.jsx","statementMap":{"0":{"start":{"line":21,"column":34},"end":{"line":21,"column":null}},"1":{"start":{"line":22,"column":8},"end":{"line":22,"column":null}},"2":{"start":{"line":23,"column":8},"end":{"line":23,"column":null}},"3":{"start":{"line":26,"column":14},"end":{"line":26,"column":null}},"4":{"start":{"line":27,"column":2},"end":{"line":27,"column":null}},"5":{"start":{"line":27,"column":42},"end":{"line":27,"column":null}},"6":{"start":{"line":28,"column":2},"end":{"line":28,"column":null}},"7":{"start":{"line":28,"column":47},"end":{"line":28,"column":null}},"8":{"start":{"line":30,"column":2},"end":{"line":106,"column":null}},"9":{"start":{"line":36,"column":27},"end":{"line":36,"column":null}},"10":{"start":{"line":46,"column":25},"end":{"line":46,"column":null}},"11":{"start":{"line":46,"column":49},"end":{"line":46,"column":54}},"12":{"start":{"line":59,"column":12},"end":{"line":59,"column":null}},"13":{"start":{"line":93,"column":12},"end":{"line":93,"column":null}}},"fnMap":{"0":{"name":"Header","decl":{"start":{"line":20,"column":9},"end":{"line":20,"column":18}},"loc":{"start":{"line":20,"column":18},"end":{"line":108,"column":null}},"line":20},"1":{"name":"(anonymous_1)","decl":{"start":{"line":36,"column":16},"end":{"line":36,"column":17}},"loc":{"start":{"line":36,"column":27},"end":{"line":36,"column":null}},"line":36},"2":{"name":"(anonymous_2)","decl":{"start":{"line":46,"column":19},"end":{"line":46,"column":25}},"loc":{"start":{"line":46,"column":25},"end":{"line":46,"column":null}},"line":46},"3":{"name":"(anonymous_3)","decl":{"start":{"line":46,"column":39},"end":{"line":46,"column":40}},"loc":{"start":{"line":46,"column":49},"end":{"line":46,"column":54}},"line":46},"4":{"name":"(anonymous_4)","decl":{"start":{"line":58,"column":19},"end":{"line":58,"column":25}},"loc":{"start":{"line":58,"column":25},"end":{"line":60,"column":null}},"line":58},"5":{"name":"(anonymous_5)","decl":{"start":{"line":92,"column":19},"end":{"line":92,"column":25}},"loc":{"start":{"line":92,"column":25},"end":{"line":94,"column":null}},"line":92}},"branchMap":{"0":{"loc":{"start":{"line":27,"column":2},"end":{"line":27,"column":null}},"type":"if","locations":[{"start":{"line":27,"column":2},"end":{"line":27,"column":null}},{"start":{},"end":{}}],"line":27},"1":{"loc":{"start":{"line":28,"column":2},"end":{"line":28,"column":null}},"type":"if","locations":[{"start":{"line":28,"column":2},"end":{"line":28,"column":null}},{"start":{},"end":{}}],"line":28},"2":{"loc":{"start":{"line":45,"column":23},"end":{"line":45,"column":null}},"type":"cond-expr","locations":[{"start":{"line":45,"column":36},"end":{"line":45,"column":52}},{"start":{"line":45,"column":52},"end":{"line":45,"column":null}}],"line":45}},"s":{"0":16,"1":16,"2":16,"3":16,"4":16,"5":0,"6":16,"7":0,"8":16,"9":16,"10":6,"11":6,"12":1,"13":1},"f":{"0":16,"1":16,"2":6,"3":6,"4":1,"5":1},"b":{"0":[0,16],"1":[0,16],"2":[5,11]},"meta":{"lastBranch":3,"lastFunction":6,"lastStatement":14,"seen":{"f:20:9:20:18":0,"s:21:34:21:Infinity":0,"s:22:8:22:Infinity":1,"s:23:8:23:Infinity":2,"s:26:14:26:Infinity":3,"b:27:2:27:Infinity:undefined:undefined:undefined:undefined":0,"s:27:2:27:Infinity":4,"s:27:42:27:Infinity":5,"b:28:2:28:Infinity:undefined:undefined:undefined:undefined":1,"s:28:2:28:Infinity":6,"s:28:47:28:Infinity":7,"s:30:2:106:Infinity":8,"f:36:16:36:17":1,"s:36:27:36:Infinity":9,"b:45:36:45:52:45:52:45:Infinity":2,"f:46:19:46:25":2,"s:46:25:46:Infinity":10,"f:46:39:46:40":3,"s:46:49:46:54":11,"f:58:19:58:25":4,"s:59:12:59:Infinity":12,"f:92:19:92:25":5,"s:93:12:93:Infinity":13}}}
,"C:\\CSE-186\\Assignment8\\frontend\\src\\view\\Home.jsx": {"path":"C:\\CSE-186\\Assignment8\\frontend\\src\\view\\Home.jsx","statementMap":{"0":{"start":{"line":19,"column":16},"end":{"line":19,"column":null}},"1":{"start":{"line":20,"column":2},"end":{"line":25,"column":null}},"2":{"start":{"line":31,"column":0},"end":{"line":33,"column":null}}},"fnMap":{"0":{"name":"Home","decl":{"start":{"line":18,"column":9},"end":{"line":18,"column":14}},"loc":{"start":{"line":18,"column":29},"end":{"line":27,"column":null}},"line":18}},"branchMap":{},"s":{"0":15,"1":15,"2":5},"f":{"0":15},"b":{},"meta":{"lastBranch":0,"lastFunction":1,"lastStatement":3,"seen":{"f:18:9:18:14":0,"s:19:16:19:Infinity":0,"s:20:2:25:Infinity":1,"s:31:0:33:Infinity":2}}}
,"C:\\CSE-186\\Assignment8\\frontend\\src\\view\\Login.jsx": {"path":"C:\\CSE-186\\Assignment8\\frontend\\src\\view\\Login.jsx","statementMap":{"0":{"start":{"line":15,"column":6},"end":{"line":39,"column":null}},"1":{"start":{"line":15,"column":43},"end":{"line":39,"column":2}},"2":{"start":{"line":46,"column":8},"end":{"line":46,"column":null}},"3":{"start":{"line":47,"column":8},"end":{"line":47,"column":null}},"4":{"start":{"line":48,"column":28},"end":{"line":48,"column":null}},"5":{"start":{"line":49,"column":8},"end":{"line":49,"column":null}},"6":{"start":{"line":51,"column":22},"end":{"line":69,"column":null}},"7":{"start":{"line":52,"column":18},"end":{"line":52,"column":null}},"8":{"start":{"line":53,"column":21},"end":{"line":53,"column":null}},"9":{"start":{"line":55,"column":16},"end":{"line":59,"column":null}},"10":{"start":{"line":61,"column":17},"end":{"line":61,"column":null}},"11":{"start":{"line":63,"column":4},"end":{"line":68,"column":null}},"12":{"start":{"line":64,"column":6},"end":{"line":64,"column":null}},"13":{"start":{"line":65,"column":6},"end":{"line":65,"column":null}},"14":{"start":{"line":67,"column":6},"end":{"line":67,"column":null}},"15":{"start":{"line":71,"column":2},"end":{"line":148,"column":null}}},"fnMap":{"0":{"name":"(anonymous_0)","decl":{"start":{"line":15,"column":29},"end":{"line":15,"column":30}},"loc":{"start":{"line":15,"column":43},"end":{"line":39,"column":2}},"line":15},"1":{"name":"Login","decl":{"start":{"line":45,"column":24},"end":{"line":45,"column":32}},"loc":{"start":{"line":45,"column":32},"end":{"line":150,"column":null}},"line":45},"2":{"name":"(anonymous_2)","decl":{"start":{"line":51,"column":22},"end":{"line":51,"column":34}},"loc":{"start":{"line":51,"column":34},"end":{"line":69,"column":null}},"line":51}},"branchMap":{"0":{"loc":{"start":{"line":63,"column":4},"end":{"line":68,"column":null}},"type":"if","locations":[{"start":{"line":63,"column":4},"end":{"line":68,"column":null}},{"start":{"line":66,"column":11},"end":{"line":68,"column":null}}],"line":63},"1":{"loc":{"start":{"line":129,"column":11},"end":{"line":136,"column":null}},"type":"binary-expr","locations":[{"start":{"line":129,"column":11},"end":{"line":129,"column":null}},{"start":{"line":130,"column":12},"end":{"line":136,"column":null}}],"line":129}},"s":{"0":6,"1":4,"2":4,"3":4,"4":4,"5":4,"6":4,"7":2,"8":2,"9":2,"10":2,"11":2,"12":1,"13":1,"14":1,"15":4},"f":{"0":4,"1":4,"2":2},"b":{"0":[1,1],"1":[4,1]},"meta":{"lastBranch":2,"lastFunction":3,"lastStatement":16,"seen":{"s:15:6:39:Infinity":0,"f:15:29:15:30":0,"s:15:43:39:2":1,"f:45:24:45:32":1,"s:46:8:46:Infinity":2,"s:47:8:47:Infinity":3,"s:48:28:48:Infinity":4,"s:49:8:49:Infinity":5,"s:51:22:69:Infinity":6,"f:51:22:51:34":2,"s:52:18:52:Infinity":7,"s:53:21:53:Infinity":8,"s:55:16:59:Infinity":9,"s:61:17:61:Infinity":10,"b:63:4:68:Infinity:66:11:68:Infinity":0,"s:63:4:68:Infinity":11,"s:64:6:64:Infinity":12,"s:65:6:65:Infinity":13,"s:67:6:67:Infinity":14,"s:71:2:148:Infinity":15,"b:129:11:129:Infinity:130:12:136:Infinity":1}}}
,"C:\\CSE-186\\Assignment8\\frontend\\src\\view\\Posts.jsx": {"path":"C:\\CSE-186\\Assignment8\\frontend\\src\\view\\Posts.jsx","statementMap":{"0":{"start":{"line":26,"column":24},"end":{"line":26,"column":null}},"1":{"start":{"line":27,"column":17},"end":{"line":27,"column":null}},"2":{"start":{"line":28,"column":16},"end":{"line":28,"column":null}},"3":{"start":{"line":29,"column":8},"end":{"line":29,"column":null}},"4":{"start":{"line":30,"column":8},"end":{"line":30,"column":null}},"5":{"start":{"line":34,"column":2},"end":{"line":77,"column":null}},"6":{"start":{"line":35,"column":4},"end":{"line":35,"column":null}},"7":{"start":{"line":35,"column":16},"end":{"line":35,"column":null}},"8":{"start":{"line":37,"column":21},"end":{"line":74,"column":null}},"9":{"start":{"line":39,"column":6},"end":{"line":63,"column":null}},"10":{"start":{"line":40,"column":8},"end":{"line":46,"column":null}},"11":{"start":{"line":47,"column":6},"end":{"line":63,"column":null}},"12":{"start":{"line":48,"column":8},"end":{"line":54,"column":null}},"13":{"start":{"line":56,"column":8},"end":{"line":62,"column":null}},"14":{"start":{"line":65,"column":6},"end":{"line":68,"column":null}},"15":{"start":{"line":66,"column":8},"end":{"line":66,"column":null}},"16":{"start":{"line":66,"column":21},"end":{"line":66,"column":null}},"17":{"start":{"line":67,"column":8},"end":{"line":67,"column":null}},"18":{"start":{"line":71,"column":19},"end":{"line":71,"column":null}},"19":{"start":{"line":73,"column":6},"end":{"line":73,"column":null}},"20":{"start":{"line":76,"column":4},"end":{"line":76,"column":null}},"21":{"start":{"line":79,"column":2},"end":{"line":136,"column":null}},"22":{"start":{"line":97,"column":12},"end":{"line":131,"column":null}},"23":{"start":{"line":146,"column":20},"end":{"line":146,"column":null}},"24":{"start":{"line":147,"column":14},"end":{"line":147,"column":null}},"25":{"start":{"line":150,"column":4},"end":{"line":152,"column":null}},"26":{"start":{"line":154,"column":20},"end":{"line":154,"column":null}},"27":{"start":{"line":155,"column":2},"end":{"line":155,"column":null}},"28":{"start":{"line":157,"column":4},"end":{"line":159,"column":null}},"29":{"start":{"line":161,"column":21},"end":{"line":161,"column":null}},"30":{"start":{"line":162,"column":2},"end":{"line":162,"column":null}},"31":{"start":{"line":164,"column":15},"end":{"line":166,"column":null}},"32":{"start":{"line":168,"column":2},"end":{"line":180,"column":null}},"33":{"start":{"line":170,"column":4},"end":{"line":170,"column":null}},"34":{"start":{"line":171,"column":2},"end":{"line":180,"column":null}},"35":{"start":{"line":172,"column":4},"end":{"line":172,"column":null}},"36":{"start":{"line":173,"column":2},"end":{"line":180,"column":null}},"37":{"start":{"line":174,"column":18},"end":{"line":174,"column":null}},"38":{"start":{"line":175,"column":16},"end":{"line":175,"column":null}},"39":{"start":{"line":176,"column":4},"end":{"line":176,"column":null}},"40":{"start":{"line":179,"column":4},"end":{"line":179,"column":null}},"41":{"start":{"line":185,"column":0},"end":{"line":188,"column":null}}},"fnMap":{"0":{"name":"Posts","decl":{"start":{"line":25,"column":9},"end":{"line":25,"column":15}},"loc":{"start":{"line":25,"column":39},"end":{"line":138,"column":null}},"line":25},"1":{"name":"(anonymous_1)","decl":{"start":{"line":34,"column":12},"end":{"line":34,"column":18}},"loc":{"start":{"line":34,"column":18},"end":{"line":77,"column":5}},"line":34},"2":{"name":"(anonymous_2)","decl":{"start":{"line":37,"column":21},"end":{"line":37,"column":33}},"loc":{"start":{"line":37,"column":33},"end":{"line":74,"column":null}},"line":37},"3":{"name":"(anonymous_3)","decl":{"start":{"line":96,"column":21},"end":{"line":96,"column":22}},"loc":{"start":{"line":97,"column":12},"end":{"line":131,"column":null}},"line":97},"4":{"name":"formatEmailDate","decl":{"start":{"line":145,"column":9},"end":{"line":145,"column":25}},"loc":{"start":{"line":145,"column":34},"end":{"line":181,"column":null}},"line":145}},"branchMap":{"0":{"loc":{"start":{"line":35,"column":4},"end":{"line":35,"column":null}},"type":"if","locations":[{"start":{"line":35,"column":4},"end":{"line":35,"column":null}},{"start":{},"end":{}}],"line":35},"1":{"loc":{"start":{"line":39,"column":6},"end":{"line":63,"column":null}},"type":"if","locations":[{"start":{"line":39,"column":6},"end":{"line":63,"column":null}},{"start":{"line":47,"column":6},"end":{"line":63,"column":null}}],"line":39},"2":{"loc":{"start":{"line":47,"column":6},"end":{"line":63,"column":null}},"type":"if","locations":[{"start":{"line":47,"column":6},"end":{"line":63,"column":null}},{"start":{"line":55,"column":13},"end":{"line":63,"column":null}}],"line":47},"3":{"loc":{"start":{"line":65,"column":6},"end":{"line":68,"column":null}},"type":"if","locations":[{"start":{"line":65,"column":6},"end":{"line":68,"column":null}},{"start":{},"end":{}}],"line":65},"4":{"loc":{"start":{"line":66,"column":8},"end":{"line":66,"column":null}},"type":"if","locations":[{"start":{"line":66,"column":8},"end":{"line":66,"column":null}},{"start":{},"end":{}}],"line":66},"5":{"loc":{"start":{"line":73,"column":15},"end":{"line":73,"column":45}},"type":"cond-expr","locations":[{"start":{"line":73,"column":25},"end":{"line":73,"column":41}},{"start":{"line":73,"column":41},"end":{"line":73,"column":45}}],"line":73},"6":{"loc":{"start":{"line":86,"column":15},"end":{"line":86,"column":null}},"type":"cond-expr","locations":[{"start":{"line":86,"column":26},"end":{"line":86,"column":35}},{"start":{"line":86,"column":35},"end":{"line":86,"column":null}}],"line":86},"7":{"loc":{"start":{"line":87,"column":12},"end":{"line":87,"column":null}},"type":"cond-expr","locations":[{"start":{"line":87,"column":23},"end":{"line":87,"column":27}},{"start":{"line":87,"column":27},"end":{"line":87,"column":null}}],"line":87},"8":{"loc":{"start":{"line":104,"column":28},"end":{"line":104,"column":null}},"type":"cond-expr","locations":[{"start":{"line":104,"column":39},"end":{"line":104,"column":50}},{"start":{"line":104,"column":50},"end":{"line":104,"column":null}}],"line":104},"9":{"loc":{"start":{"line":150,"column":4},"end":{"line":152,"column":null}},"type":"binary-expr","locations":[{"start":{"line":150,"column":4},"end":{"line":150,"column":null}},{"start":{"line":151,"column":4},"end":{"line":151,"column":null}},{"start":{"line":152,"column":4},"end":{"line":152,"column":null}}],"line":150},"10":{"loc":{"start":{"line":157,"column":4},"end":{"line":159,"column":null}},"type":"binary-expr","locations":[{"start":{"line":157,"column":4},"end":{"line":157,"column":null}},{"start":{"line":158,"column":4},"end":{"line":158,"column":null}},{"start":{"line":159,"column":4},"end":{"line":159,"column":null}}],"line":157},"11":{"loc":{"start":{"line":168,"column":2},"end":{"line":180,"column":null}},"type":"if","locations":[{"start":{"line":168,"column":2},"end":{"line":180,"column":null}},{"start":{"line":171,"column":2},"end":{"line":180,"column":null}}],"line":168},"12":{"loc":{"start":{"line":171,"column":2},"end":{"line":180,"column":null}},"type":"if","locations":[{"start":{"line":171,"column":2},"end":{"line":180,"column":null}},{"start":{"line":173,"column":2},"end":{"line":180,"column":null}}],"line":171},"13":{"loc":{"start":{"line":173,"column":2},"end":{"line":180,"column":null}},"type":"if","locations":[{"start":{"line":173,"column":2},"end":{"line":180,"column":null}},{"start":{"line":177,"column":9},"end":{"line":180,"column":null}}],"line":173}},"s":{"0":26,"1":26,"2":26,"3":26,"4":26,"5":26,"6":15,"7":9,"8":6,"9":6,"10":2,"11":4,"12":0,"13":4,"14":6,"15":2,"16":1,"17":2,"18":4,"19":4,"20":6,"21":26,"22":6,"23":6,"24":6,"25":6,"26":6,"27":6,"28":6,"29":6,"30":6,"31":6,"32":6,"33":1,"34":5,"35":0,"36":5,"37":0,"38":0,"39":0,"40":5,"41":5},"f":{"0":26,"1":15,"2":6,"3":6,"4":6},"b":{"0":[9,6],"1":[2,4],"2":[0,4],"3":[2,4],"4":[1,1],"5":[1,3],"6":[15,11],"7":[15,11],"8":[0,6],"9":[6,1,1],"10":[6,1,1],"11":[1,5],"12":[0,5],"13":[0,5]},"meta":{"lastBranch":14,"lastFunction":5,"lastStatement":42,"seen":{"f:25:9:25:15":0,"s:26:24:26:Infinity":0,"s:27:17:27:Infinity":1,"s:28:16:28:Infinity":2,"s:29:8:29:Infinity":3,"s:30:8:30:Infinity":4,"s:34:2:77:Infinity":5,"f:34:12:34:18":1,"b:35:4:35:Infinity:undefined:undefined:undefined:undefined":0,"s:35:4:35:Infinity":6,"s:35:16:35:Infinity":7,"s:37:21:74:Infinity":8,"f:37:21:37:33":2,"b:39:6:63:Infinity:47:6:63:Infinity":1,"s:39:6:63:Infinity":9,"s:40:8:46:Infinity":10,"b:47:6:63:Infinity:55:13:63:Infinity":2,"s:47:6:63:Infinity":11,"s:48:8:54:Infinity":12,"s:56:8:62:Infinity":13,"b:65:6:68:Infinity:undefined:undefined:undefined:undefined":3,"s:65:6:68:Infinity":14,"b:66:8:66:Infinity:undefined:undefined:undefined:undefined":4,"s:66:8:66:Infinity":15,"s:66:21:66:Infinity":16,"s:67:8:67:Infinity":17,"s:71:19:71:Infinity":18,"s:73:6:73:Infinity":19,"b:73:25:73:41:73:41:73:45":5,"s:76:4:76:Infinity":20,"s:79:2:136:Infinity":21,"b:86:26:86:35:86:35:86:Infinity":6,"b:87:23:87:27:87:27:87:Infinity":7,"f:96:21:96:22":3,"s:97:12:131:Infinity":22,"b:104:39:104:50:104:50:104:Infinity":8,"f:145:9:145:25":4,"s:146:20:146:Infinity":23,"s:147:14:147:Infinity":24,"s:150:4:152:Infinity":25,"b:150:4:150:Infinity:151:4:151:Infinity:152:4:152:Infinity":9,"s:154:20:154:Infinity":26,"s:155:2:155:Infinity":27,"s:157:4:159:Infinity":28,"b:157:4:157:Infinity:158:4:158:Infinity:159:4:159:Infinity":10,"s:161:21:161:Infinity":29,"s:162:2:162:Infinity":30,"s:164:15:166:Infinity":31,"b:168:2:180:Infinity:171:2:180:Infinity":11,"s:168:2:180:Infinity":32,"s:170:4:170:Infinity":33,"b:171:2:180:Infinity:173:2:180:Infinity":12,"s:171:2:180:Infinity":34,"s:172:4:172:Infinity":35,"b:173:2:180:Infinity:177:9:180:Infinity":13,"s:173:2:180:Infinity":36,"s:174:18:174:Infinity":37,"s:175:16:175:Infinity":38,"s:176:4:176:Infinity":39,"s:179:4:179:Infinity":40,"s:185:0:188:Infinity":41}}}
}
