{"C:\\CSE-186\\Assignment8\\frontend\\src\\App.jsx": {"path":"C:\\CSE-186\\Assignment8\\frontend\\src\\App.jsx","statementMap":{"0":{"start":{"line":26,"column":13},"end":{"line":26,"column":null}},"1":{"start":{"line":27,"column":20},"end":{"line":27,"column":null}},"2":{"start":{"line":38,"column":34},"end":{"line":38,"column":null}},"3":{"start":{"line":42,"column":8},"end":{"line":42,"column":null}},"4":{"start":{"line":43,"column":8},"end":{"line":44,"column":null}},"5":{"start":{"line":46,"column":2},"end":{"line":62,"column":null}}},"fnMap":{"0":{"name":"App","decl":{"start":{"line":37,"column":9},"end":{"line":37,"column":15}},"loc":{"start":{"line":37,"column":15},"end":{"line":64,"column":null}},"line":37}},"branchMap":{},"s":{"0":5,"1":5,"2":4,"3":4,"4":4,"5":4},"f":{"0":4},"b":{},"meta":{"lastBranch":0,"lastFunction":1,"lastStatement":6,"seen":{"s:26:13:26:Infinity":0,"s:27:20:27:Infinity":1,"f:37:9:37:15":0,"s:38:34:38:Infinity":2,"s:42:8:42:Infinity":3,"s:43:8:44:Infinity":4,"s:46:2:62:Infinity":5}}}
,"C:\\CSE-186\\Assignment8\\frontend\\src\\__tests__\\testHelpers.js": {"path":"C:\\CSE-186\\Assignment8\\frontend\\src\\__tests__\\testHelpers.js","statementMap":{"0":{"start":{"line":10,"column":0},"end":{"line":16,"column":null}},"1":{"start":{"line":11,"column":17},"end":{"line":11,"column":58}},"2":{"start":{"line":12,"column":2},"end":{"line":15,"column":null}},"3":{"start":{"line":14,"column":23},"end":{"line":14,"column":35}},"4":{"start":{"line":8,"column":28},"end":{"line":8,"column":35}},"5":{"start":{"line":18,"column":27},"end":{"line":23,"column":1}}},"fnMap":{"0":{"name":"(anonymous_0)","decl":{"start":{"line":10,"column":28},"end":{"line":10,"column":33}},"loc":{"start":{"line":10,"column":40},"end":{"line":16,"column":1}},"line":10},"1":{"name":"(anonymous_1)","decl":{"start":{"line":14,"column":17},"end":{"line":14,"column":18}},"loc":{"start":{"line":14,"column":23},"end":{"line":14,"column":35}},"line":14}},"branchMap":{},"s":{"0":4,"1":4,"2":4,"3":12,"4":4,"5":4},"f":{"0":4,"1":12},"b":{},"meta":{"lastBranch":0,"lastFunction":2,"lastStatement":6,"seen":{"s:10:0:16:Infinity":0,"f:10:28:10:33":0,"s:11:17:11:58":1,"s:12:2:15:Infinity":2,"f:14:17:14:18":1,"s:14:23:14:35":3,"s:8:28:8:35":4,"s:18:27:23:1":5}}}
,"C:\\CSE-186\\Assignment8\\frontend\\src\\view\\Drawer.jsx": {"path":"C:\\CSE-186\\Assignment8\\frontend\\src\\view\\Drawer.jsx","statementMap":{"0":{"start":{"line":30,"column":2},"end":{"line":30,"column":null}},"1":{"start":{"line":31,"column":34},"end":{"line":31,"column":null}},"2":{"start":{"line":32,"column":16},"end":{"line":32,"column":null}},"3":{"start":{"line":33,"column":8},"end":{"line":33,"column":null}},"4":{"start":{"line":34,"column":16},"end":{"line":34,"column":null}},"5":{"start":{"line":37,"column":2},"end":{"line":54,"column":null}},"6":{"start":{"line":38,"column":4},"end":{"line":53,"column":null}},"7":{"start":{"line":46,"column":10},"end":{"line":49,"column":null}},"8":{"start":{"line":48,"column":12},"end":{"line":48,"column":null}},"9":{"start":{"line":50,"column":10},"end":{"line":50,"column":null}},"10":{"start":{"line":53,"column":24},"end":{"line":53,"column":43}},"11":{"start":{"line":57,"column":4},"end":{"line":78,"column":null}},"12":{"start":{"line":61,"column":10},"end":{"line":75,"column":null}},"13":{"start":{"line":64,"column":16},"end":{"line":64,"column":null}},"14":{"start":{"line":65,"column":16},"end":{"line":65,"column":null}},"15":{"start":{"line":81,"column":2},"end":{"line":95,"column":null}},"16":{"start":{"line":85,"column":21},"end":{"line":85,"column":null}},"17":{"start":{"line":101,"column":0},"end":{"line":103,"column":null}}},"fnMap":{"0":{"name":"SideBar","decl":{"start":{"line":25,"column":9},"end":{"line":25,"column":17}},"loc":{"start":{"line":25,"column":32},"end":{"line":97,"column":null}},"line":25},"1":{"name":"(anonymous_1)","decl":{"start":{"line":37,"column":12},"end":{"line":37,"column":18}},"loc":{"start":{"line":37,"column":18},"end":{"line":54,"column":5}},"line":37},"2":{"name":"(anonymous_2)","decl":{"start":{"line":45,"column":14},"end":{"line":45,"column":15}},"loc":{"start":{"line":45,"column":23},"end":{"line":51,"column":9}},"line":45},"3":{"name":"(anonymous_3)","decl":{"start":{"line":53,"column":14},"end":{"line":53,"column":15}},"loc":{"start":{"line":53,"column":24},"end":{"line":53,"column":43}},"line":53},"4":{"name":"(anonymous_4)","decl":{"start":{"line":60,"column":24},"end":{"line":60,"column":25}},"loc":{"start":{"line":61,"column":10},"end":{"line":75,"column":null}},"line":61},"5":{"name":"(anonymous_5)","decl":{"start":{"line":63,"column":23},"end":{"line":63,"column":29}},"loc":{"start":{"line":63,"column":29},"end":{"line":66,"column":null}},"line":63},"6":{"name":"(anonymous_6)","decl":{"start":{"line":85,"column":15},"end":{"line":85,"column":21}},"loc":{"start":{"line":85,"column":21},"end":{"line":85,"column":null}},"line":85}},"branchMap":{"0":{"loc":{"start":{"line":46,"column":10},"end":{"line":49,"column":null}},"type":"if","locations":[{"start":{"line":46,"column":10},"end":{"line":49,"column":null}},{"start":{},"end":{}}],"line":46},"1":{"loc":{"start":{"line":69,"column":15},"end":{"line":71,"column":null}},"type":"cond-expr","locations":[{"start":{"line":70,"column":14},"end":{"line":70,"column":null}},{"start":{"line":71,"column":14},"end":{"line":71,"column":null}}],"line":69},"2":{"loc":{"start":{"line":83,"column":15},"end":{"line":83,"column":null}},"type":"cond-expr","locations":[{"start":{"line":83,"column":26},"end":{"line":83,"column":40}},{"start":{"line":83,"column":40},"end":{"line":83,"column":null}}],"line":83}},"s":{"0":52,"1":52,"2":52,"3":52,"4":52,"5":52,"6":20,"7":20,"8":17,"9":3,"10":20,"11":52,"12":4,"13":1,"14":1,"15":52,"16":1,"17":5},"f":{"0":52,"1":20,"2":20,"3":20,"4":4,"5":1,"6":1},"b":{"0":[17,3],"1":[1,3],"2":[44,8]},"meta":{"lastBranch":3,"lastFunction":7,"lastStatement":18,"seen":{"f:25:9:25:17":0,"s:30:2:30:Infinity":0,"s:31:34:31:Infinity":1,"s:32:16:32:Infinity":2,"s:33:8:33:Infinity":3,"s:34:16:34:Infinity":4,"s:37:2:54:Infinity":5,"f:37:12:37:18":1,"s:38:4:53:Infinity":6,"f:45:14:45:15":2,"b:46:10:49:Infinity:undefined:undefined:undefined:undefined":0,"s:46:10:49:Infinity":7,"s:48:12:48:Infinity":8,"s:50:10:50:Infinity":9,"f:53:14:53:15":3,"s:53:24:53:43":10,"s:57:4:78:Infinity":11,"f:60:24:60:25":4,"s:61:10:75:Infinity":12,"f:63:23:63:29":5,"s:64:16:64:Infinity":13,"s:65:16:65:Infinity":14,"b:70:14:70:Infinity:71:14:71:Infinity":1,"s:81:2:95:Infinity":15,"b:83:26:83:40:83:40:83:Infinity":2,"f:85:15:85:21":6,"s:85:21:85:Infinity":16,"s:101:0:103:Infinity":17}}}
,"C:\\CSE-186\\Assignment8\\frontend\\src\\view\\Header.jsx": {"path":"C:\\CSE-186\\Assignment8\\frontend\\src\\view\\Header.jsx","statementMap":{"0":{"start":{"line":21,"column":34},"end":{"line":21,"column":null}},"1":{"start":{"line":22,"column":8},"end":{"line":22,"column":null}},"2":{"start":{"line":24,"column":2},"end":{"line":100,"column":null}},"3":{"start":{"line":30,"column":27},"end":{"line":30,"column":null}},"4":{"start":{"line":40,"column":25},"end":{"line":40,"column":null}},"5":{"start":{"line":40,"column":49},"end":{"line":40,"column":54}},"6":{"start":{"line":53,"column":12},"end":{"line":53,"column":null}},"7":{"start":{"line":87,"column":12},"end":{"line":87,"column":null}}},"fnMap":{"0":{"name":"Header","decl":{"start":{"line":20,"column":9},"end":{"line":20,"column":18}},"loc":{"start":{"line":20,"column":18},"end":{"line":102,"column":null}},"line":20},"1":{"name":"(anonymous_1)","decl":{"start":{"line":30,"column":16},"end":{"line":30,"column":17}},"loc":{"start":{"line":30,"column":27},"end":{"line":30,"column":null}},"line":30},"2":{"name":"(anonymous_2)","decl":{"start":{"line":40,"column":19},"end":{"line":40,"column":25}},"loc":{"start":{"line":40,"column":25},"end":{"line":40,"column":null}},"line":40},"3":{"name":"(anonymous_3)","decl":{"start":{"line":40,"column":39},"end":{"line":40,"column":40}},"loc":{"start":{"line":40,"column":49},"end":{"line":40,"column":54}},"line":40},"4":{"name":"(anonymous_4)","decl":{"start":{"line":52,"column":19},"end":{"line":52,"column":25}},"loc":{"start":{"line":52,"column":25},"end":{"line":54,"column":null}},"line":52},"5":{"name":"(anonymous_5)","decl":{"start":{"line":86,"column":19},"end":{"line":86,"column":25}},"loc":{"start":{"line":86,"column":25},"end":{"line":88,"column":null}},"line":86}},"branchMap":{"0":{"loc":{"start":{"line":39,"column":23},"end":{"line":39,"column":null}},"type":"cond-expr","locations":[{"start":{"line":39,"column":36},"end":{"line":39,"column":52}},{"start":{"line":39,"column":52},"end":{"line":39,"column":null}}],"line":39}},"s":{"0":17,"1":17,"2":17,"3":17,"4":6,"5":6,"6":1,"7":1},"f":{"0":17,"1":17,"2":6,"3":6,"4":1,"5":1},"b":{"0":[5,12]},"meta":{"lastBranch":1,"lastFunction":6,"lastStatement":8,"seen":{"f:20:9:20:18":0,"s:21:34:21:Infinity":0,"s:22:8:22:Infinity":1,"s:24:2:100:Infinity":2,"f:30:16:30:17":1,"s:30:27:30:Infinity":3,"b:39:36:39:52:39:52:39:Infinity":0,"f:40:19:40:25":2,"s:40:25:40:Infinity":4,"f:40:39:40:40":3,"s:40:49:40:54":5,"f:52:19:52:25":4,"s:53:12:53:Infinity":6,"f:86:19:86:25":5,"s:87:12:87:Infinity":7}}}
,"C:\\CSE-186\\Assignment8\\frontend\\src\\view\\Home.jsx": {"path":"C:\\CSE-186\\Assignment8\\frontend\\src\\view\\Home.jsx","statementMap":{"0":{"start":{"line":19,"column":16},"end":{"line":19,"column":null}},"1":{"start":{"line":20,"column":2},"end":{"line":25,"column":null}},"2":{"start":{"line":31,"column":0},"end":{"line":33,"column":null}}},"fnMap":{"0":{"name":"Home","decl":{"start":{"line":18,"column":9},"end":{"line":18,"column":14}},"loc":{"start":{"line":18,"column":29},"end":{"line":27,"column":null}},"line":18}},"branchMap":{},"s":{"0":15,"1":15,"2":5},"f":{"0":15},"b":{},"meta":{"lastBranch":0,"lastFunction":1,"lastStatement":3,"seen":{"f:18:9:18:14":0,"s:19:16:19:Infinity":0,"s:20:2:25:Infinity":1,"s:31:0:33:Infinity":2}}}
,"C:\\CSE-186\\Assignment8\\frontend\\src\\view\\Login.jsx": {"path":"C:\\CSE-186\\Assignment8\\frontend\\src\\view\\Login.jsx","statementMap":{"0":{"start":{"line":15,"column":6},"end":{"line":39,"column":null}},"1":{"start":{"line":15,"column":43},"end":{"line":39,"column":2}},"2":{"start":{"line":46,"column":8},"end":{"line":46,"column":null}},"3":{"start":{"line":47,"column":8},"end":{"line":47,"column":null}},"4":{"start":{"line":48,"column":28},"end":{"line":48,"column":null}},"5":{"start":{"line":49,"column":8},"end":{"line":49,"column":null}},"6":{"start":{"line":51,"column":22},"end":{"line":69,"column":null}},"7":{"start":{"line":52,"column":18},"end":{"line":52,"column":null}},"8":{"start":{"line":53,"column":21},"end":{"line":53,"column":null}},"9":{"start":{"line":55,"column":16},"end":{"line":59,"column":null}},"10":{"start":{"line":61,"column":17},"end":{"line":61,"column":null}},"11":{"start":{"line":63,"column":4},"end":{"line":68,"column":null}},"12":{"start":{"line":64,"column":6},"end":{"line":64,"column":null}},"13":{"start":{"line":65,"column":6},"end":{"line":65,"column":null}},"14":{"start":{"line":67,"column":6},"end":{"line":67,"column":null}},"15":{"start":{"line":71,"column":2},"end":{"line":148,"column":null}}},"fnMap":{"0":{"name":"(anonymous_0)","decl":{"start":{"line":15,"column":29},"end":{"line":15,"column":30}},"loc":{"start":{"line":15,"column":43},"end":{"line":39,"column":2}},"line":15},"1":{"name":"Login","decl":{"start":{"line":45,"column":24},"end":{"line":45,"column":32}},"loc":{"start":{"line":45,"column":32},"end":{"line":150,"column":null}},"line":45},"2":{"name":"(anonymous_2)","decl":{"start":{"line":51,"column":22},"end":{"line":51,"column":34}},"loc":{"start":{"line":51,"column":34},"end":{"line":69,"column":null}},"line":51}},"branchMap":{"0":{"loc":{"start":{"line":63,"column":4},"end":{"line":68,"column":null}},"type":"if","locations":[{"start":{"line":63,"column":4},"end":{"line":68,"column":null}},{"start":{"line":66,"column":11},"end":{"line":68,"column":null}}],"line":63},"1":{"loc":{"start":{"line":129,"column":11},"end":{"line":136,"column":null}},"type":"binary-expr","locations":[{"start":{"line":129,"column":11},"end":{"line":129,"column":null}},{"start":{"line":130,"column":12},"end":{"line":136,"column":null}}],"line":129}},"s":{"0":6,"1":7,"2":7,"3":7,"4":7,"5":7,"6":7,"7":2,"8":2,"9":2,"10":2,"11":2,"12":1,"13":1,"14":1,"15":7},"f":{"0":7,"1":7,"2":2},"b":{"0":[1,1],"1":[7,1]},"meta":{"lastBranch":2,"lastFunction":3,"lastStatement":16,"seen":{"s:15:6:39:Infinity":0,"f:15:29:15:30":0,"s:15:43:39:2":1,"f:45:24:45:32":1,"s:46:8:46:Infinity":2,"s:47:8:47:Infinity":3,"s:48:28:48:Infinity":4,"s:49:8:49:Infinity":5,"s:51:22:69:Infinity":6,"f:51:22:51:34":2,"s:52:18:52:Infinity":7,"s:53:21:53:Infinity":8,"s:55:16:59:Infinity":9,"s:61:17:61:Infinity":10,"b:63:4:68:Infinity:66:11:68:Infinity":0,"s:63:4:68:Infinity":11,"s:64:6:64:Infinity":12,"s:65:6:65:Infinity":13,"s:67:6:67:Infinity":14,"s:71:2:148:Infinity":15,"b:129:11:129:Infinity:130:12:136:Infinity":1}}}
,"C:\\CSE-186\\Assignment8\\frontend\\src\\view\\Posts.jsx": {"path":"C:\\CSE-186\\Assignment8\\frontend\\src\\view\\Posts.jsx","statementMap":{"0":{"start":{"line":23,"column":24},"end":{"line":23,"column":null}},"1":{"start":{"line":24,"column":17},"end":{"line":24,"column":null}},"2":{"start":{"line":25,"column":16},"end":{"line":25,"column":null}},"3":{"start":{"line":29,"column":2},"end":{"line":64,"column":null}},"4":{"start":{"line":30,"column":4},"end":{"line":30,"column":null}},"5":{"start":{"line":30,"column":16},"end":{"line":30,"column":null}},"6":{"start":{"line":32,"column":21},"end":{"line":61,"column":null}},"7":{"start":{"line":34,"column":6},"end":{"line":50,"column":null}},"8":{"start":{"line":35,"column":8},"end":{"line":41,"column":null}},"9":{"start":{"line":43,"column":8},"end":{"line":49,"column":null}},"10":{"start":{"line":52,"column":6},"end":{"line":55,"column":null}},"11":{"start":{"line":53,"column":8},"end":{"line":53,"column":null}},"12":{"start":{"line":54,"column":8},"end":{"line":54,"column":null}},"13":{"start":{"line":58,"column":19},"end":{"line":58,"column":null}},"14":{"start":{"line":60,"column":6},"end":{"line":60,"column":null}},"15":{"start":{"line":63,"column":4},"end":{"line":63,"column":null}},"16":{"start":{"line":66,"column":2},"end":{"line":118,"column":null}},"17":{"start":{"line":84,"column":12},"end":{"line":113,"column":null}},"18":{"start":{"line":128,"column":20},"end":{"line":128,"column":null}},"19":{"start":{"line":129,"column":14},"end":{"line":129,"column":null}},"20":{"start":{"line":132,"column":4},"end":{"line":134,"column":null}},"21":{"start":{"line":136,"column":20},"end":{"line":136,"column":null}},"22":{"start":{"line":137,"column":2},"end":{"line":137,"column":null}},"23":{"start":{"line":139,"column":4},"end":{"line":141,"column":null}},"24":{"start":{"line":143,"column":21},"end":{"line":143,"column":null}},"25":{"start":{"line":144,"column":2},"end":{"line":144,"column":null}},"26":{"start":{"line":146,"column":2},"end":{"line":160,"column":null}},"27":{"start":{"line":148,"column":4},"end":{"line":150,"column":null}},"28":{"start":{"line":151,"column":2},"end":{"line":160,"column":null}},"29":{"start":{"line":152,"column":4},"end":{"line":152,"column":null}},"30":{"start":{"line":153,"column":2},"end":{"line":160,"column":null}},"31":{"start":{"line":154,"column":18},"end":{"line":154,"column":null}},"32":{"start":{"line":155,"column":16},"end":{"line":155,"column":null}},"33":{"start":{"line":156,"column":4},"end":{"line":156,"column":null}},"34":{"start":{"line":159,"column":4},"end":{"line":159,"column":null}},"35":{"start":{"line":165,"column":0},"end":{"line":168,"column":null}}},"fnMap":{"0":{"name":"Posts","decl":{"start":{"line":22,"column":9},"end":{"line":22,"column":15}},"loc":{"start":{"line":22,"column":39},"end":{"line":120,"column":null}},"line":22},"1":{"name":"(anonymous_1)","decl":{"start":{"line":29,"column":12},"end":{"line":29,"column":18}},"loc":{"start":{"line":29,"column":18},"end":{"line":64,"column":5}},"line":29},"2":{"name":"(anonymous_2)","decl":{"start":{"line":32,"column":21},"end":{"line":32,"column":33}},"loc":{"start":{"line":32,"column":33},"end":{"line":61,"column":null}},"line":32},"3":{"name":"(anonymous_3)","decl":{"start":{"line":83,"column":21},"end":{"line":83,"column":22}},"loc":{"start":{"line":84,"column":12},"end":{"line":113,"column":null}},"line":84},"4":{"name":"formatEmailDate","decl":{"start":{"line":127,"column":9},"end":{"line":127,"column":25}},"loc":{"start":{"line":127,"column":34},"end":{"line":161,"column":null}},"line":127}},"branchMap":{"0":{"loc":{"start":{"line":30,"column":4},"end":{"line":30,"column":null}},"type":"if","locations":[{"start":{"line":30,"column":4},"end":{"line":30,"column":null}},{"start":{},"end":{}}],"line":30},"1":{"loc":{"start":{"line":34,"column":6},"end":{"line":50,"column":null}},"type":"if","locations":[{"start":{"line":34,"column":6},"end":{"line":50,"column":null}},{"start":{"line":42,"column":13},"end":{"line":50,"column":null}}],"line":34},"2":{"loc":{"start":{"line":52,"column":6},"end":{"line":55,"column":null}},"type":"if","locations":[{"start":{"line":52,"column":6},"end":{"line":55,"column":null}},{"start":{},"end":{}}],"line":52},"3":{"loc":{"start":{"line":60,"column":15},"end":{"line":60,"column":45}},"type":"cond-expr","locations":[{"start":{"line":60,"column":25},"end":{"line":60,"column":41}},{"start":{"line":60,"column":41},"end":{"line":60,"column":45}}],"line":60},"4":{"loc":{"start":{"line":73,"column":15},"end":{"line":73,"column":null}},"type":"cond-expr","locations":[{"start":{"line":73,"column":26},"end":{"line":73,"column":35}},{"start":{"line":73,"column":35},"end":{"line":73,"column":null}}],"line":73},"5":{"loc":{"start":{"line":74,"column":12},"end":{"line":74,"column":null}},"type":"cond-expr","locations":[{"start":{"line":74,"column":23},"end":{"line":74,"column":27}},{"start":{"line":74,"column":27},"end":{"line":74,"column":null}}],"line":74},"6":{"loc":{"start":{"line":91,"column":28},"end":{"line":91,"column":null}},"type":"cond-expr","locations":[{"start":{"line":91,"column":39},"end":{"line":91,"column":50}},{"start":{"line":91,"column":50},"end":{"line":91,"column":null}}],"line":91},"7":{"loc":{"start":{"line":132,"column":4},"end":{"line":134,"column":null}},"type":"binary-expr","locations":[{"start":{"line":132,"column":4},"end":{"line":132,"column":null}},{"start":{"line":133,"column":4},"end":{"line":133,"column":null}},{"start":{"line":134,"column":4},"end":{"line":134,"column":null}}],"line":132},"8":{"loc":{"start":{"line":139,"column":4},"end":{"line":141,"column":null}},"type":"binary-expr","locations":[{"start":{"line":139,"column":4},"end":{"line":139,"column":null}},{"start":{"line":140,"column":4},"end":{"line":140,"column":null}},{"start":{"line":141,"column":4},"end":{"line":141,"column":null}}],"line":139},"9":{"loc":{"start":{"line":146,"column":2},"end":{"line":160,"column":null}},"type":"if","locations":[{"start":{"line":146,"column":2},"end":{"line":160,"column":null}},{"start":{"line":151,"column":2},"end":{"line":160,"column":null}}],"line":146},"10":{"loc":{"start":{"line":151,"column":2},"end":{"line":160,"column":null}},"type":"if","locations":[{"start":{"line":151,"column":2},"end":{"line":160,"column":null}},{"start":{"line":153,"column":2},"end":{"line":160,"column":null}}],"line":151},"11":{"loc":{"start":{"line":153,"column":2},"end":{"line":160,"column":null}},"type":"if","locations":[{"start":{"line":153,"column":2},"end":{"line":160,"column":null}},{"start":{"line":157,"column":9},"end":{"line":160,"column":null}}],"line":153}},"s":{"0":30,"1":30,"2":30,"3":30,"4":16,"5":8,"6":8,"7":8,"8":1,"9":7,"10":8,"11":1,"12":1,"13":7,"14":7,"15":8,"16":30,"17":10,"18":10,"19":10,"20":10,"21":10,"22":10,"23":10,"24":10,"25":10,"26":10,"27":1,"28":9,"29":1,"30":8,"31":1,"32":1,"33":1,"34":7,"35":5},"f":{"0":30,"1":16,"2":8,"3":10,"4":10},"b":{"0":[8,8],"1":[1,7],"2":[1,7],"3":[1,6],"4":[17,13],"5":[17,13],"6":[2,8],"7":[10,3,2],"8":[10,3,2],"9":[1,9],"10":[1,8],"11":[1,7]},"meta":{"lastBranch":12,"lastFunction":5,"lastStatement":36,"seen":{"f:22:9:22:15":0,"s:23:24:23:Infinity":0,"s:24:17:24:Infinity":1,"s:25:16:25:Infinity":2,"s:29:2:64:Infinity":3,"f:29:12:29:18":1,"b:30:4:30:Infinity:undefined:undefined:undefined:undefined":0,"s:30:4:30:Infinity":4,"s:30:16:30:Infinity":5,"s:32:21:61:Infinity":6,"f:32:21:32:33":2,"b:34:6:50:Infinity:42:13:50:Infinity":1,"s:34:6:50:Infinity":7,"s:35:8:41:Infinity":8,"s:43:8:49:Infinity":9,"b:52:6:55:Infinity:undefined:undefined:undefined:undefined":2,"s:52:6:55:Infinity":10,"s:53:8:53:Infinity":11,"s:54:8:54:Infinity":12,"s:58:19:58:Infinity":13,"s:60:6:60:Infinity":14,"b:60:25:60:41:60:41:60:45":3,"s:63:4:63:Infinity":15,"s:66:2:118:Infinity":16,"b:73:26:73:35:73:35:73:Infinity":4,"b:74:23:74:27:74:27:74:Infinity":5,"f:83:21:83:22":3,"s:84:12:113:Infinity":17,"b:91:39:91:50:91:50:91:Infinity":6,"f:127:9:127:25":4,"s:128:20:128:Infinity":18,"s:129:14:129:Infinity":19,"s:132:4:134:Infinity":20,"b:132:4:132:Infinity:133:4:133:Infinity:134:4:134:Infinity":7,"s:136:20:136:Infinity":21,"s:137:2:137:Infinity":22,"s:139:4:141:Infinity":23,"b:139:4:139:Infinity:140:4:140:Infinity:141:4:141:Infinity":8,"s:143:21:143:Infinity":24,"s:144:2:144:Infinity":25,"b:146:2:160:Infinity:151:2:160:Infinity":9,"s:146:2:160:Infinity":26,"s:148:4:150:Infinity":27,"b:151:2:160:Infinity:153:2:160:Infinity":10,"s:151:2:160:Infinity":28,"s:152:4:152:Infinity":29,"b:153:2:160:Infinity:157:9:160:Infinity":11,"s:153:2:160:Infinity":30,"s:154:18:154:Infinity":31,"s:155:16:155:Infinity":32,"s:156:4:156:Infinity":33,"s:159:4:159:Infinity":34,"s:165:0:168:Infinity":35}}}
}
