{"C:\\CSE-186\\Asgn8Starter\\frontend\\src\\App.jsx": {"path":"C:\\CSE-186\\Asgn8Starter\\frontend\\src\\App.jsx","statementMap":{"0":{"start":{"line":26,"column":13},"end":{"line":26,"column":null}},"1":{"start":{"line":27,"column":20},"end":{"line":27,"column":null}},"2":{"start":{"line":38,"column":34},"end":{"line":38,"column":null}},"3":{"start":{"line":42,"column":8},"end":{"line":42,"column":null}},"4":{"start":{"line":43,"column":8},"end":{"line":44,"column":null}},"5":{"start":{"line":46,"column":2},"end":{"line":62,"column":null}}},"fnMap":{"0":{"name":"App","decl":{"start":{"line":37,"column":9},"end":{"line":37,"column":15}},"loc":{"start":{"line":37,"column":15},"end":{"line":64,"column":null}},"line":37}},"branchMap":{},"s":{"0":5,"1":5,"2":1,"3":1,"4":1,"5":1},"f":{"0":1},"b":{},"meta":{"lastBranch":0,"lastFunction":1,"lastStatement":6,"seen":{"s:26:13:26:Infinity":0,"s:27:20:27:Infinity":1,"f:37:9:37:15":0,"s:38:34:38:Infinity":2,"s:42:8:42:Infinity":3,"s:43:8:44:Infinity":4,"s:46:2:62:Infinity":5}}}
,"C:\\CSE-186\\Asgn8Starter\\frontend\\src\\__tests__\\testHelpers.js": {"path":"C:\\CSE-186\\Asgn8Starter\\frontend\\src\\__tests__\\testHelpers.js","statementMap":{"0":{"start":{"line":10,"column":0},"end":{"line":16,"column":null}},"1":{"start":{"line":11,"column":17},"end":{"line":11,"column":58}},"2":{"start":{"line":12,"column":2},"end":{"line":15,"column":null}},"3":{"start":{"line":14,"column":23},"end":{"line":14,"column":35}},"4":{"start":{"line":8,"column":28},"end":{"line":8,"column":35}},"5":{"start":{"line":18,"column":27},"end":{"line":23,"column":1}}},"fnMap":{"0":{"name":"(anonymous_0)","decl":{"start":{"line":10,"column":28},"end":{"line":10,"column":33}},"loc":{"start":{"line":10,"column":40},"end":{"line":16,"column":1}},"line":10},"1":{"name":"(anonymous_1)","decl":{"start":{"line":14,"column":17},"end":{"line":14,"column":18}},"loc":{"start":{"line":14,"column":23},"end":{"line":14,"column":35}},"line":14}},"branchMap":{},"s":{"0":5,"1":5,"2":5,"3":80,"4":5,"5":5},"f":{"0":5,"1":80},"b":{},"meta":{"lastBranch":0,"lastFunction":2,"lastStatement":6,"seen":{"s:10:0:16:Infinity":0,"f:10:28:10:33":0,"s:11:17:11:58":1,"s:12:2:15:Infinity":2,"f:14:17:14:18":1,"s:14:23:14:35":3,"s:8:28:8:35":4,"s:18:27:23:1":5}}}
,"C:\\CSE-186\\Asgn8Starter\\frontend\\src\\view\\Drawer.jsx": {"path":"C:\\CSE-186\\Asgn8Starter\\frontend\\src\\view\\Drawer.jsx","statementMap":{"0":{"start":{"line":30,"column":2},"end":{"line":30,"column":null}},"1":{"start":{"line":31,"column":34},"end":{"line":31,"column":null}},"2":{"start":{"line":32,"column":16},"end":{"line":32,"column":null}},"3":{"start":{"line":33,"column":8},"end":{"line":33,"column":null}},"4":{"start":{"line":34,"column":16},"end":{"line":34,"column":null}},"5":{"start":{"line":37,"column":2},"end":{"line":54,"column":null}},"6":{"start":{"line":38,"column":4},"end":{"line":53,"column":null}},"7":{"start":{"line":46,"column":10},"end":{"line":49,"column":null}},"8":{"start":{"line":48,"column":12},"end":{"line":48,"column":null}},"9":{"start":{"line":50,"column":10},"end":{"line":50,"column":null}},"10":{"start":{"line":53,"column":24},"end":{"line":53,"column":43}},"11":{"start":{"line":57,"column":4},"end":{"line":79,"column":null}},"12":{"start":{"line":61,"column":10},"end":{"line":76,"column":null}},"13":{"start":{"line":65,"column":16},"end":{"line":65,"column":null}},"14":{"start":{"line":66,"column":16},"end":{"line":66,"column":null}},"15":{"start":{"line":82,"column":2},"end":{"line":96,"column":null}},"16":{"start":{"line":86,"column":21},"end":{"line":86,"column":null}},"17":{"start":{"line":102,"column":0},"end":{"line":104,"column":null}}},"fnMap":{"0":{"name":"SideBar","decl":{"start":{"line":25,"column":9},"end":{"line":25,"column":17}},"loc":{"start":{"line":25,"column":32},"end":{"line":98,"column":null}},"line":25},"1":{"name":"(anonymous_1)","decl":{"start":{"line":37,"column":12},"end":{"line":37,"column":18}},"loc":{"start":{"line":37,"column":18},"end":{"line":54,"column":5}},"line":37},"2":{"name":"(anonymous_2)","decl":{"start":{"line":45,"column":14},"end":{"line":45,"column":15}},"loc":{"start":{"line":45,"column":23},"end":{"line":51,"column":9}},"line":45},"3":{"name":"(anonymous_3)","decl":{"start":{"line":53,"column":14},"end":{"line":53,"column":15}},"loc":{"start":{"line":53,"column":24},"end":{"line":53,"column":43}},"line":53},"4":{"name":"(anonymous_4)","decl":{"start":{"line":60,"column":24},"end":{"line":60,"column":25}},"loc":{"start":{"line":61,"column":10},"end":{"line":76,"column":null}},"line":61},"5":{"name":"(anonymous_5)","decl":{"start":{"line":64,"column":23},"end":{"line":64,"column":29}},"loc":{"start":{"line":64,"column":29},"end":{"line":67,"column":null}},"line":64},"6":{"name":"(anonymous_6)","decl":{"start":{"line":86,"column":15},"end":{"line":86,"column":21}},"loc":{"start":{"line":86,"column":21},"end":{"line":86,"column":null}},"line":86}},"branchMap":{"0":{"loc":{"start":{"line":46,"column":10},"end":{"line":49,"column":null}},"type":"if","locations":[{"start":{"line":46,"column":10},"end":{"line":49,"column":null}},{"start":{},"end":{}}],"line":46},"1":{"loc":{"start":{"line":70,"column":15},"end":{"line":72,"column":null}},"type":"cond-expr","locations":[{"start":{"line":71,"column":14},"end":{"line":71,"column":null}},{"start":{"line":72,"column":14},"end":{"line":72,"column":null}}],"line":70},"2":{"loc":{"start":{"line":84,"column":15},"end":{"line":84,"column":null}},"type":"cond-expr","locations":[{"start":{"line":84,"column":26},"end":{"line":84,"column":40}},{"start":{"line":84,"column":40},"end":{"line":84,"column":null}}],"line":84}},"s":{"0":29,"1":29,"2":29,"3":29,"4":29,"5":29,"6":12,"7":12,"8":1,"9":11,"10":12,"11":29,"12":4,"13":1,"14":1,"15":29,"16":1,"17":5},"f":{"0":29,"1":12,"2":12,"3":12,"4":4,"5":1,"6":1},"b":{"0":[1,11],"1":[1,3],"2":[21,8]},"meta":{"lastBranch":3,"lastFunction":7,"lastStatement":18,"seen":{"f:25:9:25:17":0,"s:30:2:30:Infinity":0,"s:31:34:31:Infinity":1,"s:32:16:32:Infinity":2,"s:33:8:33:Infinity":3,"s:34:16:34:Infinity":4,"s:37:2:54:Infinity":5,"f:37:12:37:18":1,"s:38:4:53:Infinity":6,"f:45:14:45:15":2,"b:46:10:49:Infinity:undefined:undefined:undefined:undefined":0,"s:46:10:49:Infinity":7,"s:48:12:48:Infinity":8,"s:50:10:50:Infinity":9,"f:53:14:53:15":3,"s:53:24:53:43":10,"s:57:4:79:Infinity":11,"f:60:24:60:25":4,"s:61:10:76:Infinity":12,"f:64:23:64:29":5,"s:65:16:65:Infinity":13,"s:66:16:66:Infinity":14,"b:71:14:71:Infinity:72:14:72:Infinity":1,"s:82:2:96:Infinity":15,"b:84:26:84:40:84:40:84:Infinity":2,"f:86:15:86:21":6,"s:86:21:86:Infinity":16,"s:102:0:104:Infinity":17}}}
,"C:\\CSE-186\\Asgn8Starter\\frontend\\src\\view\\Header.jsx": {"path":"C:\\CSE-186\\Asgn8Starter\\frontend\\src\\view\\Header.jsx","statementMap":{"0":{"start":{"line":21,"column":34},"end":{"line":21,"column":null}},"1":{"start":{"line":22,"column":8},"end":{"line":22,"column":null}},"2":{"start":{"line":24,"column":2},"end":{"line":100,"column":null}},"3":{"start":{"line":30,"column":27},"end":{"line":30,"column":null}},"4":{"start":{"line":40,"column":25},"end":{"line":40,"column":null}},"5":{"start":{"line":40,"column":49},"end":{"line":40,"column":54}},"6":{"start":{"line":53,"column":12},"end":{"line":53,"column":null}},"7":{"start":{"line":87,"column":12},"end":{"line":87,"column":null}}},"fnMap":{"0":{"name":"Header","decl":{"start":{"line":20,"column":9},"end":{"line":20,"column":18}},"loc":{"start":{"line":20,"column":18},"end":{"line":102,"column":null}},"line":20},"1":{"name":"(anonymous_1)","decl":{"start":{"line":30,"column":16},"end":{"line":30,"column":17}},"loc":{"start":{"line":30,"column":27},"end":{"line":30,"column":null}},"line":30},"2":{"name":"(anonymous_2)","decl":{"start":{"line":40,"column":19},"end":{"line":40,"column":25}},"loc":{"start":{"line":40,"column":25},"end":{"line":40,"column":null}},"line":40},"3":{"name":"(anonymous_3)","decl":{"start":{"line":40,"column":39},"end":{"line":40,"column":40}},"loc":{"start":{"line":40,"column":49},"end":{"line":40,"column":54}},"line":40},"4":{"name":"(anonymous_4)","decl":{"start":{"line":52,"column":19},"end":{"line":52,"column":25}},"loc":{"start":{"line":52,"column":25},"end":{"line":54,"column":null}},"line":52},"5":{"name":"(anonymous_5)","decl":{"start":{"line":86,"column":19},"end":{"line":86,"column":25}},"loc":{"start":{"line":86,"column":25},"end":{"line":88,"column":null}},"line":86}},"branchMap":{"0":{"loc":{"start":{"line":39,"column":23},"end":{"line":39,"column":null}},"type":"cond-expr","locations":[{"start":{"line":39,"column":36},"end":{"line":39,"column":52}},{"start":{"line":39,"column":52},"end":{"line":39,"column":null}}],"line":39}},"s":{"0":16,"1":16,"2":16,"3":16,"4":6,"5":6,"6":1,"7":1},"f":{"0":16,"1":16,"2":6,"3":6,"4":1,"5":1},"b":{"0":[5,11]},"meta":{"lastBranch":1,"lastFunction":6,"lastStatement":8,"seen":{"f:20:9:20:18":0,"s:21:34:21:Infinity":0,"s:22:8:22:Infinity":1,"s:24:2:100:Infinity":2,"f:30:16:30:17":1,"s:30:27:30:Infinity":3,"b:39:36:39:52:39:52:39:Infinity":0,"f:40:19:40:25":2,"s:40:25:40:Infinity":4,"f:40:39:40:40":3,"s:40:49:40:54":5,"f:52:19:52:25":4,"s:53:12:53:Infinity":6,"f:86:19:86:25":5,"s:87:12:87:Infinity":7}}}
,"C:\\CSE-186\\Asgn8Starter\\frontend\\src\\view\\Home.jsx": {"path":"C:\\CSE-186\\Asgn8Starter\\frontend\\src\\view\\Home.jsx","statementMap":{"0":{"start":{"line":19,"column":16},"end":{"line":19,"column":null}},"1":{"start":{"line":20,"column":2},"end":{"line":25,"column":null}},"2":{"start":{"line":31,"column":0},"end":{"line":33,"column":null}}},"fnMap":{"0":{"name":"Home","decl":{"start":{"line":18,"column":9},"end":{"line":18,"column":14}},"loc":{"start":{"line":18,"column":29},"end":{"line":27,"column":null}},"line":18}},"branchMap":{},"s":{"0":15,"1":15,"2":5},"f":{"0":15},"b":{},"meta":{"lastBranch":0,"lastFunction":1,"lastStatement":3,"seen":{"f:18:9:18:14":0,"s:19:16:19:Infinity":0,"s:20:2:25:Infinity":1,"s:31:0:33:Infinity":2}}}
,"C:\\CSE-186\\Asgn8Starter\\frontend\\src\\view\\Login.jsx": {"path":"C:\\CSE-186\\Asgn8Starter\\frontend\\src\\view\\Login.jsx","statementMap":{"0":{"start":{"line":15,"column":6},"end":{"line":39,"column":null}},"1":{"start":{"line":15,"column":43},"end":{"line":39,"column":2}},"2":{"start":{"line":46,"column":8},"end":{"line":46,"column":null}},"3":{"start":{"line":47,"column":8},"end":{"line":47,"column":null}},"4":{"start":{"line":48,"column":28},"end":{"line":48,"column":null}},"5":{"start":{"line":49,"column":8},"end":{"line":49,"column":null}},"6":{"start":{"line":51,"column":22},"end":{"line":69,"column":null}},"7":{"start":{"line":52,"column":18},"end":{"line":52,"column":null}},"8":{"start":{"line":53,"column":21},"end":{"line":53,"column":null}},"9":{"start":{"line":55,"column":16},"end":{"line":59,"column":null}},"10":{"start":{"line":61,"column":17},"end":{"line":61,"column":null}},"11":{"start":{"line":63,"column":4},"end":{"line":68,"column":null}},"12":{"start":{"line":64,"column":6},"end":{"line":64,"column":null}},"13":{"start":{"line":65,"column":6},"end":{"line":65,"column":null}},"14":{"start":{"line":67,"column":6},"end":{"line":67,"column":null}},"15":{"start":{"line":71,"column":2},"end":{"line":148,"column":null}}},"fnMap":{"0":{"name":"(anonymous_0)","decl":{"start":{"line":15,"column":29},"end":{"line":15,"column":30}},"loc":{"start":{"line":15,"column":43},"end":{"line":39,"column":2}},"line":15},"1":{"name":"Login","decl":{"start":{"line":45,"column":24},"end":{"line":45,"column":32}},"loc":{"start":{"line":45,"column":32},"end":{"line":150,"column":null}},"line":45},"2":{"name":"(anonymous_2)","decl":{"start":{"line":51,"column":22},"end":{"line":51,"column":34}},"loc":{"start":{"line":51,"column":34},"end":{"line":69,"column":null}},"line":51}},"branchMap":{"0":{"loc":{"start":{"line":63,"column":4},"end":{"line":68,"column":null}},"type":"if","locations":[{"start":{"line":63,"column":4},"end":{"line":68,"column":null}},{"start":{"line":66,"column":11},"end":{"line":68,"column":null}}],"line":63},"1":{"loc":{"start":{"line":129,"column":11},"end":{"line":136,"column":null}},"type":"binary-expr","locations":[{"start":{"line":129,"column":11},"end":{"line":129,"column":null}},{"start":{"line":130,"column":12},"end":{"line":136,"column":null}}],"line":129}},"s":{"0":6,"1":4,"2":4,"3":4,"4":4,"5":4,"6":4,"7":2,"8":2,"9":2,"10":2,"11":2,"12":1,"13":1,"14":1,"15":4},"f":{"0":4,"1":4,"2":2},"b":{"0":[1,1],"1":[4,1]},"meta":{"lastBranch":2,"lastFunction":3,"lastStatement":16,"seen":{"s:15:6:39:Infinity":0,"f:15:29:15:30":0,"s:15:43:39:2":1,"f:45:24:45:32":1,"s:46:8:46:Infinity":2,"s:47:8:47:Infinity":3,"s:48:28:48:Infinity":4,"s:49:8:49:Infinity":5,"s:51:22:69:Infinity":6,"f:51:22:51:34":2,"s:52:18:52:Infinity":7,"s:53:21:53:Infinity":8,"s:55:16:59:Infinity":9,"s:61:17:61:Infinity":10,"b:63:4:68:Infinity:66:11:68:Infinity":0,"s:63:4:68:Infinity":11,"s:64:6:64:Infinity":12,"s:65:6:65:Infinity":13,"s:67:6:67:Infinity":14,"s:71:2:148:Infinity":15,"b:129:11:129:Infinity:130:12:136:Infinity":1}}}
,"C:\\CSE-186\\Asgn8Starter\\frontend\\src\\view\\Posts.jsx": {"path":"C:\\CSE-186\\Asgn8Starter\\frontend\\src\\view\\Posts.jsx","statementMap":{"0":{"start":{"line":25,"column":24},"end":{"line":25,"column":null}},"1":{"start":{"line":26,"column":17},"end":{"line":26,"column":null}},"2":{"start":{"line":27,"column":16},"end":{"line":27,"column":null}},"3":{"start":{"line":28,"column":8},"end":{"line":28,"column":null}},"4":{"start":{"line":32,"column":2},"end":{"line":67,"column":null}},"5":{"start":{"line":33,"column":4},"end":{"line":33,"column":null}},"6":{"start":{"line":33,"column":16},"end":{"line":33,"column":null}},"7":{"start":{"line":35,"column":21},"end":{"line":64,"column":null}},"8":{"start":{"line":37,"column":6},"end":{"line":53,"column":null}},"9":{"start":{"line":38,"column":8},"end":{"line":44,"column":null}},"10":{"start":{"line":46,"column":8},"end":{"line":52,"column":null}},"11":{"start":{"line":55,"column":6},"end":{"line":58,"column":null}},"12":{"start":{"line":56,"column":8},"end":{"line":56,"column":null}},"13":{"start":{"line":56,"column":21},"end":{"line":56,"column":null}},"14":{"start":{"line":57,"column":8},"end":{"line":57,"column":null}},"15":{"start":{"line":61,"column":19},"end":{"line":61,"column":null}},"16":{"start":{"line":63,"column":6},"end":{"line":63,"column":null}},"17":{"start":{"line":66,"column":4},"end":{"line":66,"column":null}},"18":{"start":{"line":69,"column":2},"end":{"line":121,"column":null}},"19":{"start":{"line":87,"column":12},"end":{"line":116,"column":null}},"20":{"start":{"line":131,"column":20},"end":{"line":131,"column":null}},"21":{"start":{"line":132,"column":14},"end":{"line":132,"column":null}},"22":{"start":{"line":135,"column":4},"end":{"line":137,"column":null}},"23":{"start":{"line":139,"column":20},"end":{"line":139,"column":null}},"24":{"start":{"line":140,"column":2},"end":{"line":140,"column":null}},"25":{"start":{"line":142,"column":4},"end":{"line":144,"column":null}},"26":{"start":{"line":146,"column":21},"end":{"line":146,"column":null}},"27":{"start":{"line":147,"column":2},"end":{"line":147,"column":null}},"28":{"start":{"line":149,"column":2},"end":{"line":163,"column":null}},"29":{"start":{"line":151,"column":4},"end":{"line":153,"column":null}},"30":{"start":{"line":154,"column":2},"end":{"line":163,"column":null}},"31":{"start":{"line":155,"column":4},"end":{"line":155,"column":null}},"32":{"start":{"line":156,"column":2},"end":{"line":163,"column":null}},"33":{"start":{"line":157,"column":18},"end":{"line":157,"column":null}},"34":{"start":{"line":158,"column":16},"end":{"line":158,"column":null}},"35":{"start":{"line":159,"column":4},"end":{"line":159,"column":null}},"36":{"start":{"line":162,"column":4},"end":{"line":162,"column":null}},"37":{"start":{"line":168,"column":0},"end":{"line":171,"column":null}}},"fnMap":{"0":{"name":"Posts","decl":{"start":{"line":24,"column":9},"end":{"line":24,"column":15}},"loc":{"start":{"line":24,"column":39},"end":{"line":123,"column":null}},"line":24},"1":{"name":"(anonymous_1)","decl":{"start":{"line":32,"column":12},"end":{"line":32,"column":18}},"loc":{"start":{"line":32,"column":18},"end":{"line":67,"column":5}},"line":32},"2":{"name":"(anonymous_2)","decl":{"start":{"line":35,"column":21},"end":{"line":35,"column":33}},"loc":{"start":{"line":35,"column":33},"end":{"line":64,"column":null}},"line":35},"3":{"name":"(anonymous_3)","decl":{"start":{"line":86,"column":21},"end":{"line":86,"column":22}},"loc":{"start":{"line":87,"column":12},"end":{"line":116,"column":null}},"line":87},"4":{"name":"formatEmailDate","decl":{"start":{"line":130,"column":9},"end":{"line":130,"column":25}},"loc":{"start":{"line":130,"column":34},"end":{"line":164,"column":null}},"line":130}},"branchMap":{"0":{"loc":{"start":{"line":33,"column":4},"end":{"line":33,"column":null}},"type":"if","locations":[{"start":{"line":33,"column":4},"end":{"line":33,"column":null}},{"start":{},"end":{}}],"line":33},"1":{"loc":{"start":{"line":37,"column":6},"end":{"line":53,"column":null}},"type":"if","locations":[{"start":{"line":37,"column":6},"end":{"line":53,"column":null}},{"start":{"line":45,"column":13},"end":{"line":53,"column":null}}],"line":37},"2":{"loc":{"start":{"line":55,"column":6},"end":{"line":58,"column":null}},"type":"if","locations":[{"start":{"line":55,"column":6},"end":{"line":58,"column":null}},{"start":{},"end":{}}],"line":55},"3":{"loc":{"start":{"line":56,"column":8},"end":{"line":56,"column":null}},"type":"if","locations":[{"start":{"line":56,"column":8},"end":{"line":56,"column":null}},{"start":{},"end":{}}],"line":56},"4":{"loc":{"start":{"line":63,"column":15},"end":{"line":63,"column":45}},"type":"cond-expr","locations":[{"start":{"line":63,"column":25},"end":{"line":63,"column":41}},{"start":{"line":63,"column":41},"end":{"line":63,"column":45}}],"line":63},"5":{"loc":{"start":{"line":76,"column":15},"end":{"line":76,"column":null}},"type":"cond-expr","locations":[{"start":{"line":76,"column":26},"end":{"line":76,"column":35}},{"start":{"line":76,"column":35},"end":{"line":76,"column":null}}],"line":76},"6":{"loc":{"start":{"line":77,"column":12},"end":{"line":77,"column":null}},"type":"cond-expr","locations":[{"start":{"line":77,"column":23},"end":{"line":77,"column":27}},{"start":{"line":77,"column":27},"end":{"line":77,"column":null}}],"line":77},"7":{"loc":{"start":{"line":94,"column":28},"end":{"line":94,"column":null}},"type":"cond-expr","locations":[{"start":{"line":94,"column":39},"end":{"line":94,"column":50}},{"start":{"line":94,"column":50},"end":{"line":94,"column":null}}],"line":94},"8":{"loc":{"start":{"line":135,"column":4},"end":{"line":137,"column":null}},"type":"binary-expr","locations":[{"start":{"line":135,"column":4},"end":{"line":135,"column":null}},{"start":{"line":136,"column":4},"end":{"line":136,"column":null}},{"start":{"line":137,"column":4},"end":{"line":137,"column":null}}],"line":135},"9":{"loc":{"start":{"line":142,"column":4},"end":{"line":144,"column":null}},"type":"binary-expr","locations":[{"start":{"line":142,"column":4},"end":{"line":142,"column":null}},{"start":{"line":143,"column":4},"end":{"line":143,"column":null}},{"start":{"line":144,"column":4},"end":{"line":144,"column":null}}],"line":142},"10":{"loc":{"start":{"line":149,"column":2},"end":{"line":163,"column":null}},"type":"if","locations":[{"start":{"line":149,"column":2},"end":{"line":163,"column":null}},{"start":{"line":154,"column":2},"end":{"line":163,"column":null}}],"line":149},"11":{"loc":{"start":{"line":154,"column":2},"end":{"line":163,"column":null}},"type":"if","locations":[{"start":{"line":154,"column":2},"end":{"line":163,"column":null}},{"start":{"line":156,"column":2},"end":{"line":163,"column":null}}],"line":154},"12":{"loc":{"start":{"line":156,"column":2},"end":{"line":163,"column":null}},"type":"if","locations":[{"start":{"line":156,"column":2},"end":{"line":163,"column":null}},{"start":{"line":160,"column":9},"end":{"line":163,"column":null}}],"line":156}},"s":{"0":32,"1":32,"2":32,"3":32,"4":32,"5":18,"6":9,"7":9,"8":9,"9":2,"10":7,"11":9,"12":2,"13":1,"14":2,"15":7,"16":7,"17":9,"18":32,"19":10,"20":10,"21":10,"22":10,"23":10,"24":10,"25":10,"26":10,"27":10,"28":10,"29":1,"30":9,"31":1,"32":8,"33":1,"34":1,"35":1,"36":7,"37":5},"f":{"0":32,"1":18,"2":9,"3":10,"4":10},"b":{"0":[9,9],"1":[2,7],"2":[2,7],"3":[1,1],"4":[1,6],"5":[17,15],"6":[17,15],"7":[2,8],"8":[10,3,2],"9":[10,3,2],"10":[1,9],"11":[1,8],"12":[1,7]},"meta":{"lastBranch":13,"lastFunction":5,"lastStatement":38,"seen":{"f:24:9:24:15":0,"s:25:24:25:Infinity":0,"s:26:17:26:Infinity":1,"s:27:16:27:Infinity":2,"s:28:8:28:Infinity":3,"s:32:2:67:Infinity":4,"f:32:12:32:18":1,"b:33:4:33:Infinity:undefined:undefined:undefined:undefined":0,"s:33:4:33:Infinity":5,"s:33:16:33:Infinity":6,"s:35:21:64:Infinity":7,"f:35:21:35:33":2,"b:37:6:53:Infinity:45:13:53:Infinity":1,"s:37:6:53:Infinity":8,"s:38:8:44:Infinity":9,"s:46:8:52:Infinity":10,"b:55:6:58:Infinity:undefined:undefined:undefined:undefined":2,"s:55:6:58:Infinity":11,"b:56:8:56:Infinity:undefined:undefined:undefined:undefined":3,"s:56:8:56:Infinity":12,"s:56:21:56:Infinity":13,"s:57:8:57:Infinity":14,"s:61:19:61:Infinity":15,"s:63:6:63:Infinity":16,"b:63:25:63:41:63:41:63:45":4,"s:66:4:66:Infinity":17,"s:69:2:121:Infinity":18,"b:76:26:76:35:76:35:76:Infinity":5,"b:77:23:77:27:77:27:77:Infinity":6,"f:86:21:86:22":3,"s:87:12:116:Infinity":19,"b:94:39:94:50:94:50:94:Infinity":7,"f:130:9:130:25":4,"s:131:20:131:Infinity":20,"s:132:14:132:Infinity":21,"s:135:4:137:Infinity":22,"b:135:4:135:Infinity:136:4:136:Infinity:137:4:137:Infinity":8,"s:139:20:139:Infinity":23,"s:140:2:140:Infinity":24,"s:142:4:144:Infinity":25,"b:142:4:142:Infinity:143:4:143:Infinity:144:4:144:Infinity":9,"s:146:21:146:Infinity":26,"s:147:2:147:Infinity":27,"b:149:2:163:Infinity:154:2:163:Infinity":10,"s:149:2:163:Infinity":28,"s:151:4:153:Infinity":29,"b:154:2:163:Infinity:156:2:163:Infinity":11,"s:154:2:163:Infinity":30,"s:155:4:155:Infinity":31,"b:156:2:163:Infinity:160:9:163:Infinity":12,"s:156:2:163:Infinity":32,"s:157:18:157:Infinity":33,"s:158:16:158:Infinity":34,"s:159:4:159:Infinity":35,"s:162:4:162:Infinity":36,"s:168:0:171:Infinity":37}}}
}
