{"C:\\CSE-186\\Assignment5\\src\\app.js": {"path":"C:\\CSE-186\\Assignment5\\src\\app.js","statementMap":{"0":{"start":{"line":20,"column":18},"end":{"line":20,"column":49}},"1":{"start":{"line":21,"column":18},"end":{"line":21,"column":42}},"2":{"start":{"line":23,"column":11},"end":{"line":23,"column":21}},"3":{"start":{"line":24,"column":0},"end":{"line":24,"column":null}},"4":{"start":{"line":25,"column":0},"end":{"line":25,"column":null}},"5":{"start":{"line":27,"column":16},"end":{"line":27,"column":59}},"6":{"start":{"line":29,"column":15},"end":{"line":29,"column":58}},"7":{"start":{"line":30,"column":0},"end":{"line":30,"column":null}},"8":{"start":{"line":32,"column":0},"end":{"line":38,"column":null}},"9":{"start":{"line":43,"column":0},"end":{"line":49,"column":null}},"10":{"start":{"line":44,"column":2},"end":{"line":48,"column":null}},"11":{"start":{"line":51,"column":0},"end":{"line":51,"column":null}},"12":{"start":{"line":54,"column":0},"end":{"line":54,"column":null}},"13":{"start":{"line":57,"column":0},"end":{"line":57,"column":null}}},"fnMap":{"0":{"name":"(anonymous_0)","decl":{"start":{"line":43,"column":8},"end":{"line":43,"column":9}},"loc":{"start":{"line":43,"column":33},"end":{"line":49,"column":1}},"line":43}},"branchMap":{},"s":{"0":1,"1":1,"2":1,"3":1,"4":1,"5":1,"6":1,"7":1,"8":1,"9":1,"10":1,"11":1,"12":1,"13":1},"f":{"0":1},"b":{},"meta":{"lastBranch":0,"lastFunction":1,"lastStatement":14,"seen":{"s:20:18:20:49":0,"s:21:18:21:42":1,"s:23:11:23:21":2,"s:24:0:24:Infinity":3,"s:25:0:25:Infinity":4,"s:27:16:27:59":5,"s:29:15:29:58":6,"s:30:0:30:Infinity":7,"s:32:0:38:Infinity":8,"s:43:0:49:Infinity":9,"f:43:8:43:9":0,"s:44:2:48:Infinity":10,"s:51:0:51:Infinity":11,"s:54:0:54:Infinity":12,"s:57:0:57:Infinity":13}}}
,"C:\\CSE-186\\Assignment5\\src\\model\\mail.js": {"path":"C:\\CSE-186\\Assignment5\\src\\model\\mail.js","statementMap":{"0":{"start":{"line":6,"column":18},"end":{"line":6,"column":49}},"1":{"start":{"line":7,"column":18},"end":{"line":7,"column":42}},"2":{"start":{"line":9,"column":16},"end":{"line":9,"column":50}},"3":{"start":{"line":16,"column":16},"end":{"line":16,"column":74}},"4":{"start":{"line":16,"column":54},"end":{"line":16,"column":73}},"5":{"start":{"line":18,"column":2},"end":{"line":27,"column":null}},"6":{"start":{"line":19,"column":24},"end":{"line":19,"column":52}},"7":{"start":{"line":20,"column":21},"end":{"line":20,"column":45}},"8":{"start":{"line":21,"column":19},"end":{"line":21,"column":64}},"9":{"start":{"line":23,"column":4},"end":{"line":26,"column":null}},"10":{"start":{"line":25,"column":47},"end":{"line":25,"column":51}},"11":{"start":{"line":37,"column":19},"end":{"line":37,"column":53}},"12":{"start":{"line":38,"column":2},"end":{"line":38,"column":null}},"13":{"start":{"line":38,"column":32},"end":{"line":38,"column":null}},"14":{"start":{"line":40,"column":17},"end":{"line":40,"column":62}},"15":{"start":{"line":41,"column":2},"end":{"line":41,"column":50}},"16":{"start":{"line":41,"column":44},"end":{"line":41,"column":48}},"17":{"start":{"line":51,"column":16},"end":{"line":51,"column":74}},"18":{"start":{"line":51,"column":54},"end":{"line":51,"column":73}},"19":{"start":{"line":53,"column":2},"end":{"line":59,"column":null}},"20":{"start":{"line":54,"column":21},"end":{"line":54,"column":45}},"21":{"start":{"line":55,"column":19},"end":{"line":55,"column":64}},"22":{"start":{"line":57,"column":18},"end":{"line":57,"column":49}},"23":{"start":{"line":57,"column":37},"end":{"line":57,"column":48}},"24":{"start":{"line":58,"column":4},"end":{"line":58,"column":28}},"25":{"start":{"line":58,"column":15},"end":{"line":58,"column":28}},"26":{"start":{"line":61,"column":2},"end":{"line":61,"column":14}},"27":{"start":{"line":77,"column":18},"end":{"line":77,"column":20}},"28":{"start":{"line":79,"column":21},"end":{"line":88,"column":3}},"29":{"start":{"line":90,"column":2},"end":{"line":90,"column":null}},"30":{"start":{"line":95,"column":2},"end":{"line":95,"column":null}}},"fnMap":{"0":{"name":"retrieveAllMailboxes","decl":{"start":{"line":15,"column":16},"end":{"line":15,"column":36}},"loc":{"start":{"line":15,"column":39},"end":{"line":28,"column":null}},"line":15},"1":{"name":"(anonymous_1)","decl":{"start":{"line":16,"column":47},"end":{"line":16,"column":48}},"loc":{"start":{"line":16,"column":54},"end":{"line":16,"column":73}},"line":16},"2":{"name":"(anonymous_2)","decl":{"start":{"line":18,"column":19},"end":{"line":18,"column":20}},"loc":{"start":{"line":18,"column":29},"end":{"line":27,"column":3}},"line":18},"3":{"name":"(anonymous_3)","decl":{"start":{"line":25,"column":23},"end":{"line":25,"column":24}},"loc":{"start":{"line":25,"column":47},"end":{"line":25,"column":51}},"line":25},"4":{"name":"retrieveMailbox","decl":{"start":{"line":36,"column":16},"end":{"line":36,"column":31}},"loc":{"start":{"line":36,"column":38},"end":{"line":42,"column":null}},"line":36},"5":{"name":"(anonymous_5)","decl":{"start":{"line":41,"column":20},"end":{"line":41,"column":21}},"loc":{"start":{"line":41,"column":44},"end":{"line":41,"column":48}},"line":41},"6":{"name":"retrieveEmailByID","decl":{"start":{"line":50,"column":16},"end":{"line":50,"column":33}},"loc":{"start":{"line":50,"column":38},"end":{"line":62,"column":null}},"line":50},"7":{"name":"(anonymous_7)","decl":{"start":{"line":51,"column":47},"end":{"line":51,"column":48}},"loc":{"start":{"line":51,"column":54},"end":{"line":51,"column":73}},"line":51},"8":{"name":"(anonymous_8)","decl":{"start":{"line":57,"column":30},"end":{"line":57,"column":31}},"loc":{"start":{"line":57,"column":37},"end":{"line":57,"column":48}},"line":57},"9":{"name":"create","decl":{"start":{"line":69,"column":16},"end":{"line":69,"column":22}},"loc":{"start":{"line":69,"column":33},"end":{"line":96,"column":null}},"line":69}},"branchMap":{"0":{"loc":{"start":{"line":38,"column":2},"end":{"line":38,"column":null}},"type":"if","locations":[{"start":{"line":38,"column":2},"end":{"line":38,"column":null}},{"start":{},"end":{}}],"line":38},"1":{"loc":{"start":{"line":58,"column":4},"end":{"line":58,"column":28}},"type":"if","locations":[{"start":{"line":58,"column":4},"end":{"line":58,"column":28}},{"start":{},"end":{}}],"line":58}},"s":{"0":1,"1":1,"2":1,"3":5,"4":15,"5":5,"6":15,"7":15,"8":15,"9":15,"10":1500,"11":4,"12":4,"13":1,"14":3,"15":3,"16":300,"17":2,"18":6,"19":2,"20":4,"21":4,"22":4,"23":304,"24":4,"25":1,"26":1,"27":2,"28":2,"29":2,"30":2},"f":{"0":5,"1":15,"2":15,"3":1500,"4":4,"5":300,"6":2,"7":6,"8":304,"9":2},"b":{"0":[1,3],"1":[1,3]},"meta":{"lastBranch":2,"lastFunction":10,"lastStatement":31,"seen":{"s:6:18:6:49":0,"s:7:18:7:42":1,"s:9:16:9:50":2,"f:15:16:15:36":0,"s:16:16:16:74":3,"f:16:47:16:48":1,"s:16:54:16:73":4,"s:18:2:27:Infinity":5,"f:18:19:18:20":2,"s:19:24:19:52":6,"s:20:21:20:45":7,"s:21:19:21:64":8,"s:23:4:26:Infinity":9,"f:25:23:25:24":3,"s:25:47:25:51":10,"f:36:16:36:31":4,"s:37:19:37:53":11,"b:38:2:38:Infinity:undefined:undefined:undefined:undefined":0,"s:38:2:38:Infinity":12,"s:38:32:38:Infinity":13,"s:40:17:40:62":14,"s:41:2:41:50":15,"f:41:20:41:21":5,"s:41:44:41:48":16,"f:50:16:50:33":6,"s:51:16:51:74":17,"f:51:47:51:48":7,"s:51:54:51:73":18,"s:53:2:59:Infinity":19,"s:54:21:54:45":20,"s:55:19:55:64":21,"s:57:18:57:49":22,"f:57:30:57:31":8,"s:57:37:57:48":23,"b:58:4:58:28:undefined:undefined:undefined:undefined":1,"s:58:4:58:28":24,"s:58:15:58:28":25,"s:61:2:61:14":26,"f:69:16:69:22":9,"s:77:18:77:20":27,"s:79:21:88:3":28,"s:90:2:90:Infinity":29,"s:95:2:95:Infinity":30}}}
,"C:\\CSE-186\\Assignment5\\src\\router\\route.js": {"path":"C:\\CSE-186\\Assignment5\\src\\router\\route.js","statementMap":{"0":{"start":{"line":15,"column":20},"end":{"line":15,"column":29}},"1":{"start":{"line":18,"column":2},"end":{"line":29,"column":null}},"2":{"start":{"line":19,"column":19},"end":{"line":19,"column":49}},"3":{"start":{"line":20,"column":4},"end":{"line":22,"column":null}},"4":{"start":{"line":21,"column":6},"end":{"line":21,"column":null}},"5":{"start":{"line":23,"column":4},"end":{"line":28,"column":null}},"6":{"start":{"line":32,"column":20},"end":{"line":32,"column":48}},"7":{"start":{"line":33,"column":2},"end":{"line":33,"column":null}},"8":{"start":{"line":42,"column":15},"end":{"line":42,"column":25}},"9":{"start":{"line":43,"column":16},"end":{"line":43,"column":43}},"10":{"start":{"line":45,"column":2},"end":{"line":47,"column":null}},"11":{"start":{"line":46,"column":4},"end":{"line":46,"column":null}},"12":{"start":{"line":49,"column":2},"end":{"line":49,"column":null}},"13":{"start":{"line":60,"column":23},"end":{"line":60,"column":68}},"14":{"start":{"line":63,"column":25},"end":{"line":63,"column":63}},"15":{"start":{"line":63,"column":51},"end":{"line":63,"column":62}},"16":{"start":{"line":64,"column":19},"end":{"line":64,"column":79}},"17":{"start":{"line":64,"column":53},"end":{"line":64,"column":78}},"18":{"start":{"line":66,"column":2},"end":{"line":68,"column":null}},"19":{"start":{"line":67,"column":4},"end":{"line":67,"column":null}},"20":{"start":{"line":70,"column":16},"end":{"line":70,"column":46}},"21":{"start":{"line":71,"column":2},"end":{"line":71,"column":null}}},"fnMap":{"0":{"name":"getAll","decl":{"start":{"line":14,"column":22},"end":{"line":14,"column":28}},"loc":{"start":{"line":14,"column":39},"end":{"line":34,"column":null}},"line":14},"1":{"name":"getById","decl":{"start":{"line":41,"column":22},"end":{"line":41,"column":29}},"loc":{"start":{"line":41,"column":40},"end":{"line":50,"column":null}},"line":41},"2":{"name":"post","decl":{"start":{"line":59,"column":22},"end":{"line":59,"column":26}},"loc":{"start":{"line":59,"column":37},"end":{"line":72,"column":null}},"line":59},"3":{"name":"(anonymous_3)","decl":{"start":{"line":63,"column":44},"end":{"line":63,"column":45}},"loc":{"start":{"line":63,"column":51},"end":{"line":63,"column":62}},"line":63},"4":{"name":"(anonymous_4)","decl":{"start":{"line":64,"column":46},"end":{"line":64,"column":47}},"loc":{"start":{"line":64,"column":53},"end":{"line":64,"column":78}},"line":64}},"branchMap":{"0":{"loc":{"start":{"line":18,"column":2},"end":{"line":29,"column":null}},"type":"if","locations":[{"start":{"line":18,"column":2},"end":{"line":29,"column":null}},{"start":{},"end":{}}],"line":18},"1":{"loc":{"start":{"line":20,"column":4},"end":{"line":22,"column":null}},"type":"if","locations":[{"start":{"line":20,"column":4},"end":{"line":22,"column":null}},{"start":{},"end":{}}],"line":20},"2":{"loc":{"start":{"line":45,"column":2},"end":{"line":47,"column":null}},"type":"if","locations":[{"start":{"line":45,"column":2},"end":{"line":47,"column":null}},{"start":{},"end":{}}],"line":45},"3":{"loc":{"start":{"line":66,"column":2},"end":{"line":68,"column":null}},"type":"if","locations":[{"start":{"line":66,"column":2},"end":{"line":68,"column":null}},{"start":{},"end":{}}],"line":66},"4":{"loc":{"start":{"line":66,"column":6},"end":{"line":66,"column":33}},"type":"binary-expr","locations":[{"start":{"line":66,"column":6},"end":{"line":66,"column":21}},{"start":{"line":66,"column":25},"end":{"line":66,"column":33}}],"line":66}},"s":{"0":9,"1":9,"2":4,"3":4,"4":1,"5":3,"6":5,"7":5,"8":2,"9":2,"10":2,"11":1,"12":1,"13":3,"14":3,"15":12,"16":3,"17":11,"18":3,"19":1,"20":2,"21":2},"f":{"0":9,"1":2,"2":3,"3":12,"4":11},"b":{"0":[4,5],"1":[1,3],"2":[1,1],"3":[1,2],"4":[3,3]},"meta":{"lastBranch":5,"lastFunction":5,"lastStatement":22,"seen":{"f:14:22:14:28":0,"s:15:20:15:29":0,"b:18:2:29:Infinity:undefined:undefined:undefined:undefined":0,"s:18:2:29:Infinity":1,"s:19:19:19:49":2,"b:20:4:22:Infinity:undefined:undefined:undefined:undefined":1,"s:20:4:22:Infinity":3,"s:21:6:21:Infinity":4,"s:23:4:28:Infinity":5,"s:32:20:32:48":6,"s:33:2:33:Infinity":7,"f:41:22:41:29":1,"s:42:15:42:25":8,"s:43:16:43:43":9,"b:45:2:47:Infinity:undefined:undefined:undefined:undefined":2,"s:45:2:47:Infinity":10,"s:46:4:46:Infinity":11,"s:49:2:49:Infinity":12,"f:59:22:59:26":2,"s:60:23:60:68":13,"s:63:25:63:63":14,"f:63:44:63:45":3,"s:63:51:63:62":15,"s:64:19:64:79":16,"f:64:46:64:47":4,"s:64:53:64:78":17,"b:66:2:68:Infinity:undefined:undefined:undefined:undefined":3,"s:66:2:68:Infinity":18,"b:66:6:66:21:66:25:66:33":4,"s:67:4:67:Infinity":19,"s:70:16:70:46":20,"s:71:2:71:Infinity":21}}}
}
