{"C:\\CSE-186\\Assignment5\\src\\app.js": {"path":"C:\\CSE-186\\Assignment5\\src\\app.js","statementMap":{"0":{"start":{"line":20,"column":18},"end":{"line":20,"column":49}},"1":{"start":{"line":21,"column":18},"end":{"line":21,"column":42}},"2":{"start":{"line":23,"column":11},"end":{"line":23,"column":21}},"3":{"start":{"line":24,"column":0},"end":{"line":24,"column":null}},"4":{"start":{"line":25,"column":0},"end":{"line":25,"column":null}},"5":{"start":{"line":27,"column":16},"end":{"line":27,"column":59}},"6":{"start":{"line":29,"column":15},"end":{"line":29,"column":58}},"7":{"start":{"line":30,"column":0},"end":{"line":30,"column":null}},"8":{"start":{"line":32,"column":0},"end":{"line":38,"column":null}},"9":{"start":{"line":43,"column":0},"end":{"line":49,"column":null}},"10":{"start":{"line":44,"column":2},"end":{"line":48,"column":null}},"11":{"start":{"line":51,"column":0},"end":{"line":51,"column":null}},"12":{"start":{"line":54,"column":0},"end":{"line":54,"column":null}},"13":{"start":{"line":57,"column":0},"end":{"line":57,"column":null}}},"fnMap":{"0":{"name":"(anonymous_0)","decl":{"start":{"line":43,"column":8},"end":{"line":43,"column":9}},"loc":{"start":{"line":43,"column":33},"end":{"line":49,"column":1}},"line":43}},"branchMap":{},"s":{"0":1,"1":1,"2":1,"3":1,"4":1,"5":1,"6":1,"7":1,"8":1,"9":1,"10":1,"11":1,"12":1,"13":1},"f":{"0":1},"b":{},"meta":{"lastBranch":0,"lastFunction":1,"lastStatement":14,"seen":{"s:20:18:20:49":0,"s:21:18:21:42":1,"s:23:11:23:21":2,"s:24:0:24:Infinity":3,"s:25:0:25:Infinity":4,"s:27:16:27:59":5,"s:29:15:29:58":6,"s:30:0:30:Infinity":7,"s:32:0:38:Infinity":8,"s:43:0:49:Infinity":9,"f:43:8:43:9":0,"s:44:2:48:Infinity":10,"s:51:0:51:Infinity":11,"s:54:0:54:Infinity":12,"s:57:0:57:Infinity":13}}}
,"C:\\CSE-186\\Assignment5\\src\\model\\mail.js": {"path":"C:\\CSE-186\\Assignment5\\src\\model\\mail.js","statementMap":{"0":{"start":{"line":6,"column":18},"end":{"line":6,"column":49}},"1":{"start":{"line":7,"column":18},"end":{"line":7,"column":42}},"2":{"start":{"line":9,"column":14},"end":{"line":9,"column":48}},"3":{"start":{"line":16,"column":2},"end":{"line":16,"column":null}},"4":{"start":{"line":24,"column":16},"end":{"line":24,"column":74}},"5":{"start":{"line":24,"column":54},"end":{"line":24,"column":73}},"6":{"start":{"line":26,"column":2},"end":{"line":35,"column":null}},"7":{"start":{"line":27,"column":24},"end":{"line":27,"column":52}},"8":{"start":{"line":28,"column":21},"end":{"line":28,"column":45}},"9":{"start":{"line":29,"column":19},"end":{"line":29,"column":64}},"10":{"start":{"line":31,"column":4},"end":{"line":34,"column":null}},"11":{"start":{"line":33,"column":47},"end":{"line":33,"column":51}},"12":{"start":{"line":44,"column":19},"end":{"line":44,"column":53}},"13":{"start":{"line":45,"column":2},"end":{"line":45,"column":null}},"14":{"start":{"line":45,"column":32},"end":{"line":45,"column":null}},"15":{"start":{"line":47,"column":17},"end":{"line":47,"column":62}},"16":{"start":{"line":48,"column":2},"end":{"line":48,"column":50}},"17":{"start":{"line":48,"column":44},"end":{"line":48,"column":48}},"18":{"start":{"line":57,"column":16},"end":{"line":57,"column":74}},"19":{"start":{"line":57,"column":54},"end":{"line":57,"column":73}},"20":{"start":{"line":59,"column":2},"end":{"line":65,"column":null}},"21":{"start":{"line":60,"column":21},"end":{"line":60,"column":45}},"22":{"start":{"line":61,"column":19},"end":{"line":61,"column":64}},"23":{"start":{"line":63,"column":18},"end":{"line":63,"column":49}},"24":{"start":{"line":63,"column":37},"end":{"line":63,"column":48}},"25":{"start":{"line":64,"column":4},"end":{"line":64,"column":28}},"26":{"start":{"line":64,"column":15},"end":{"line":64,"column":28}},"27":{"start":{"line":67,"column":2},"end":{"line":67,"column":14}},"28":{"start":{"line":76,"column":19},"end":{"line":76,"column":60}},"29":{"start":{"line":79,"column":18},"end":{"line":81,"column":6}},"30":{"start":{"line":83,"column":21},"end":{"line":92,"column":3}},"31":{"start":{"line":94,"column":2},"end":{"line":94,"column":null}},"32":{"start":{"line":97,"column":2},"end":{"line":97,"column":null}},"33":{"start":{"line":99,"column":2},"end":{"line":99,"column":null}}},"fnMap":{"0":{"name":"setDataDirectory","decl":{"start":{"line":15,"column":16},"end":{"line":15,"column":32}},"loc":{"start":{"line":15,"column":38},"end":{"line":17,"column":null}},"line":15},"1":{"name":"retrieveAllMailboxes","decl":{"start":{"line":23,"column":16},"end":{"line":23,"column":36}},"loc":{"start":{"line":23,"column":39},"end":{"line":36,"column":null}},"line":23},"2":{"name":"(anonymous_2)","decl":{"start":{"line":24,"column":47},"end":{"line":24,"column":48}},"loc":{"start":{"line":24,"column":54},"end":{"line":24,"column":73}},"line":24},"3":{"name":"(anonymous_3)","decl":{"start":{"line":26,"column":19},"end":{"line":26,"column":20}},"loc":{"start":{"line":26,"column":29},"end":{"line":35,"column":3}},"line":26},"4":{"name":"(anonymous_4)","decl":{"start":{"line":33,"column":23},"end":{"line":33,"column":24}},"loc":{"start":{"line":33,"column":47},"end":{"line":33,"column":51}},"line":33},"5":{"name":"retrieveMailbox","decl":{"start":{"line":43,"column":16},"end":{"line":43,"column":31}},"loc":{"start":{"line":43,"column":38},"end":{"line":49,"column":null}},"line":43},"6":{"name":"(anonymous_6)","decl":{"start":{"line":48,"column":20},"end":{"line":48,"column":21}},"loc":{"start":{"line":48,"column":44},"end":{"line":48,"column":48}},"line":48},"7":{"name":"retrieveEmailByID","decl":{"start":{"line":56,"column":16},"end":{"line":56,"column":33}},"loc":{"start":{"line":56,"column":38},"end":{"line":68,"column":null}},"line":56},"8":{"name":"(anonymous_8)","decl":{"start":{"line":57,"column":47},"end":{"line":57,"column":48}},"loc":{"start":{"line":57,"column":54},"end":{"line":57,"column":73}},"line":57},"9":{"name":"(anonymous_9)","decl":{"start":{"line":63,"column":30},"end":{"line":63,"column":31}},"loc":{"start":{"line":63,"column":37},"end":{"line":63,"column":48}},"line":63},"10":{"name":"create","decl":{"start":{"line":75,"column":16},"end":{"line":75,"column":22}},"loc":{"start":{"line":75,"column":55},"end":{"line":100,"column":null}},"line":75}},"branchMap":{"0":{"loc":{"start":{"line":45,"column":2},"end":{"line":45,"column":null}},"type":"if","locations":[{"start":{"line":45,"column":2},"end":{"line":45,"column":null}},{"start":{},"end":{}}],"line":45},"1":{"loc":{"start":{"line":64,"column":4},"end":{"line":64,"column":28}},"type":"if","locations":[{"start":{"line":64,"column":4},"end":{"line":64,"column":28}},{"start":{},"end":{}}],"line":64},"2":{"loc":{"start":{"line":75,"column":33},"end":{"line":75,"column":53}},"type":"default-arg","locations":[{"start":{"line":75,"column":47},"end":{"line":75,"column":53}}],"line":75},"3":{"loc":{"start":{"line":79,"column":18},"end":{"line":81,"column":6}},"type":"cond-expr","locations":[{"start":{"line":80,"column":4},"end":{"line":80,"column":49}},{"start":{"line":81,"column":4},"end":{"line":81,"column":6}}],"line":79}},"s":{"0":1,"1":1,"2":1,"3":0,"4":5,"5":15,"6":5,"7":15,"8":15,"9":15,"10":15,"11":1550,"12":1,"13":1,"14":0,"15":1,"16":1,"17":100,"18":2,"19":6,"20":2,"21":4,"22":4,"23":4,"24":314,"25":4,"26":1,"27":1,"28":3,"29":3,"30":3,"31":3,"32":3,"33":3},"f":{"0":0,"1":5,"2":15,"3":15,"4":1550,"5":1,"6":100,"7":2,"8":6,"9":314,"10":3},"b":{"0":[0,1],"1":[1,3],"2":[3],"3":[3,0]},"meta":{"lastBranch":4,"lastFunction":11,"lastStatement":34,"seen":{"s:6:18:6:49":0,"s:7:18:7:42":1,"s:9:14:9:48":2,"f:15:16:15:32":0,"s:16:2:16:Infinity":3,"f:23:16:23:36":1,"s:24:16:24:74":4,"f:24:47:24:48":2,"s:24:54:24:73":5,"s:26:2:35:Infinity":6,"f:26:19:26:20":3,"s:27:24:27:52":7,"s:28:21:28:45":8,"s:29:19:29:64":9,"s:31:4:34:Infinity":10,"f:33:23:33:24":4,"s:33:47:33:51":11,"f:43:16:43:31":5,"s:44:19:44:53":12,"b:45:2:45:Infinity:undefined:undefined:undefined:undefined":0,"s:45:2:45:Infinity":13,"s:45:32:45:Infinity":14,"s:47:17:47:62":15,"s:48:2:48:50":16,"f:48:20:48:21":6,"s:48:44:48:48":17,"f:56:16:56:33":7,"s:57:16:57:74":18,"f:57:47:57:48":8,"s:57:54:57:73":19,"s:59:2:65:Infinity":20,"s:60:21:60:45":21,"s:61:19:61:64":22,"s:63:18:63:49":23,"f:63:30:63:31":9,"s:63:37:63:48":24,"b:64:4:64:28:undefined:undefined:undefined:undefined":1,"s:64:4:64:28":25,"s:64:15:64:28":26,"s:67:2:67:14":27,"f:75:16:75:22":10,"b:75:47:75:53":2,"s:76:19:76:60":28,"s:79:18:81:6":29,"b:80:4:80:49:81:4:81:6":3,"s:83:21:92:3":30,"s:94:2:94:Infinity":31,"s:97:2:97:Infinity":32,"s:99:2:99:Infinity":33}}}
,"C:\\CSE-186\\Assignment5\\src\\router\\route.js": {"path":"C:\\CSE-186\\Assignment5\\src\\router\\route.js","statementMap":{"0":{"start":{"line":14,"column":2},"end":{"line":36,"column":null}},"1":{"start":{"line":15,"column":22},"end":{"line":15,"column":31}},"2":{"start":{"line":18,"column":4},"end":{"line":29,"column":null}},"3":{"start":{"line":19,"column":21},"end":{"line":19,"column":51}},"4":{"start":{"line":20,"column":6},"end":{"line":22,"column":null}},"5":{"start":{"line":21,"column":8},"end":{"line":21,"column":null}},"6":{"start":{"line":23,"column":6},"end":{"line":28,"column":null}},"7":{"start":{"line":32,"column":22},"end":{"line":32,"column":50}},"8":{"start":{"line":33,"column":4},"end":{"line":33,"column":null}},"9":{"start":{"line":35,"column":4},"end":{"line":35,"column":null}},"10":{"start":{"line":45,"column":15},"end":{"line":45,"column":25}},"11":{"start":{"line":46,"column":16},"end":{"line":46,"column":43}},"12":{"start":{"line":48,"column":2},"end":{"line":50,"column":null}},"13":{"start":{"line":49,"column":4},"end":{"line":49,"column":null}},"14":{"start":{"line":52,"column":2},"end":{"line":52,"column":null}},"15":{"start":{"line":63,"column":2},"end":{"line":68,"column":null}},"16":{"start":{"line":64,"column":21},"end":{"line":64,"column":51}},"17":{"start":{"line":65,"column":4},"end":{"line":65,"column":null}},"18":{"start":{"line":67,"column":4},"end":{"line":67,"column":null}}},"fnMap":{"0":{"name":"getAll","decl":{"start":{"line":13,"column":22},"end":{"line":13,"column":28}},"loc":{"start":{"line":13,"column":39},"end":{"line":37,"column":null}},"line":13},"1":{"name":"getById","decl":{"start":{"line":44,"column":22},"end":{"line":44,"column":29}},"loc":{"start":{"line":44,"column":40},"end":{"line":53,"column":null}},"line":44},"2":{"name":"post","decl":{"start":{"line":62,"column":22},"end":{"line":62,"column":26}},"loc":{"start":{"line":62,"column":37},"end":{"line":69,"column":null}},"line":62}},"branchMap":{"0":{"loc":{"start":{"line":18,"column":4},"end":{"line":29,"column":null}},"type":"if","locations":[{"start":{"line":18,"column":4},"end":{"line":29,"column":null}},{"start":{},"end":{}}],"line":18},"1":{"loc":{"start":{"line":20,"column":6},"end":{"line":22,"column":null}},"type":"if","locations":[{"start":{"line":20,"column":6},"end":{"line":22,"column":null}},{"start":{},"end":{}}],"line":20},"2":{"loc":{"start":{"line":48,"column":2},"end":{"line":50,"column":null}},"type":"if","locations":[{"start":{"line":48,"column":2},"end":{"line":50,"column":null}},{"start":{},"end":{}}],"line":48}},"s":{"0":6,"1":6,"2":6,"3":1,"4":1,"5":0,"6":1,"7":5,"8":5,"9":0,"10":2,"11":2,"12":2,"13":1,"14":1,"15":3,"16":3,"17":3,"18":0},"f":{"0":6,"1":2,"2":3},"b":{"0":[1,5],"1":[0,1],"2":[1,1]},"meta":{"lastBranch":3,"lastFunction":3,"lastStatement":19,"seen":{"f:13:22:13:28":0,"s:14:2:36:Infinity":0,"s:15:22:15:31":1,"b:18:4:29:Infinity:undefined:undefined:undefined:undefined":0,"s:18:4:29:Infinity":2,"s:19:21:19:51":3,"b:20:6:22:Infinity:undefined:undefined:undefined:undefined":1,"s:20:6:22:Infinity":4,"s:21:8:21:Infinity":5,"s:23:6:28:Infinity":6,"s:32:22:32:50":7,"s:33:4:33:Infinity":8,"s:35:4:35:Infinity":9,"f:44:22:44:29":1,"s:45:15:45:25":10,"s:46:16:46:43":11,"b:48:2:50:Infinity:undefined:undefined:undefined:undefined":2,"s:48:2:50:Infinity":12,"s:49:4:49:Infinity":13,"s:52:2:52:Infinity":14,"f:62:22:62:26":2,"s:63:2:68:Infinity":15,"s:64:21:64:51":16,"s:65:4:65:Infinity":17,"s:67:4:67:Infinity":18}}}
}
