<?xml version="1.0" encoding="UTF-8"?>
<coverage generated="1769412838132" clover="3.2.0">
  <project timestamp="1769412838133" name="All files">
    <metrics statements="42" coveredstatements="42" conditionals="36" coveredconditionals="36" methods="17" coveredmethods="17" elements="95" coveredelements="95" complexity="0" loc="42" ncloc="42" packages="2" files="5" classes="5"/>
    <package name="model">
      <metrics statements="8" coveredstatements="8" conditionals="6" coveredconditionals="6" methods="2" coveredmethods="2"/>
      <file name="Branch.js" path="C:\CSE-186\Assignment3\src\model\Branch.js">
        <metrics statements="3" coveredstatements="3" conditionals="4" coveredconditionals="4" methods="1" coveredmethods="1"/>
        <line num="32" count="3" type="stmt"/>
        <line num="33" count="3" type="stmt"/>
        <line num="34" count="3" type="stmt"/>
      </file>
      <file name="Leaf.js" path="C:\CSE-186\Assignment3\src\model\Leaf.js">
        <metrics statements="4" coveredstatements="4" conditionals="2" coveredconditionals="2" methods="1" coveredmethods="1"/>
        <line num="26" count="17" type="stmt"/>
        <line num="27" count="17" type="stmt"/>
        <line num="28" count="17" type="stmt"/>
        <line num="29" count="17" type="stmt"/>
      </file>
      <file name="data.js" path="C:\CSE-186\Assignment3\src\model\data.js">
        <metrics statements="1" coveredstatements="1" conditionals="0" coveredconditionals="0" methods="0" coveredmethods="0"/>
        <line num="20" count="1" type="stmt"/>
      </file>
    </package>
    <package name="view">
      <metrics statements="34" coveredstatements="34" conditionals="30" coveredconditionals="30" methods="15" coveredmethods="15"/>
      <file name="Tree.css" path="C:\CSE-186\Assignment3\src\view\Tree.css">
        <metrics statements="0" coveredstatements="0" conditionals="0" coveredconditionals="0" methods="0" coveredmethods="0"/>
      </file>
      <file name="Tree.jsx" path="C:\CSE-186\Assignment3\src\view\Tree.jsx">
        <metrics statements="34" coveredstatements="34" conditionals="30" coveredconditionals="30" methods="15" coveredmethods="15"/>
        <line num="28" count="7" type="stmt"/>
        <line num="29" count="7" type="stmt"/>
        <line num="30" count="7" type="stmt"/>
        <line num="31" count="7" type="stmt"/>
        <line num="34" count="7" type="stmt"/>
        <line num="35" count="28" type="stmt"/>
        <line num="36" count="119" type="cond" truecount="2" falsecount="0"/>
        <line num="37" count="119" type="cond" truecount="2" falsecount="0"/>
        <line num="38" count="119" type="cond" truecount="2" falsecount="0"/>
        <line num="39" count="21" type="stmt"/>
        <line num="44" count="7" type="stmt"/>
        <line num="45" count="7" type="stmt"/>
        <line num="64" count="9" type="stmt"/>
        <line num="67" count="72" type="cond" truecount="2" falsecount="0"/>
        <line num="68" count="18" type="stmt"/>
        <line num="70" count="54" type="stmt"/>
        <line num="81" count="1" type="stmt"/>
        <line num="90" count="27" type="cond" truecount="2" falsecount="0"/>
        <line num="94" count="27" type="cond" truecount="2" falsecount="0"/>
        <line num="98" count="27" type="cond" truecount="2" falsecount="0"/>
        <line num="99" count="27" type="cond" truecount="2" falsecount="0"/>
        <line num="101" count="27" type="stmt"/>
        <line num="103" count="81" type="cond" truecount="2" falsecount="0"/>
        <line num="104" count="9" type="stmt"/>
        <line num="106" count="72" type="stmt"/>
        <line num="111" count="27" type="stmt"/>
        <line num="122" count="1" type="stmt"/>
        <line num="132" count="1" type="stmt"/>
        <line num="150" count="2" type="stmt"/>
        <line num="159" count="126" type="cond" truecount="2" falsecount="0"/>
        <line num="163" count="126" type="cond" truecount="2" falsecount="0"/>
        <line num="165" count="126" type="stmt"/>
        <line num="173" count="1" type="stmt"/>
        <line num="183" count="1" type="stmt"/>
      </file>
    </package>
  </project>
</coverage>
