<?xml version="1.0" encoding="UTF-8"?>
<coverage generated="1769324385081" clover="3.2.0">
  <project timestamp="1769324385081" name="All files">
    <metrics statements="45" coveredstatements="42" conditionals="40" coveredconditionals="36" methods="17" coveredmethods="16" elements="102" coveredelements="94" complexity="0" loc="45" ncloc="45" packages="2" files="5" classes="5"/>
    <package name="model">
      <metrics statements="8" coveredstatements="8" conditionals="6" coveredconditionals="6" methods="2" coveredmethods="2"/>
      <file name="Branch.js" path="C:\CSE-186\Assignment3\src\model\Branch.js">
        <metrics statements="3" coveredstatements="3" conditionals="4" coveredconditionals="4" methods="1" coveredmethods="1"/>
        <line num="32" count="3" type="stmt"/>
        <line num="33" count="3" type="stmt"/>
        <line num="34" count="3" type="stmt"/>
      </file>
      <file name="Leaf.js" path="C:\CSE-186\Assignment3\src\model\Leaf.js">
        <metrics statements="4" coveredstatements="4" conditionals="2" coveredconditionals="2" methods="1" coveredmethods="1"/>
        <line num="26" count="17" type="stmt"/>
        <line num="27" count="17" type="stmt"/>
        <line num="28" count="17" type="stmt"/>
        <line num="29" count="17" type="stmt"/>
      </file>
      <file name="data.js" path="C:\CSE-186\Assignment3\src\model\data.js">
        <metrics statements="1" coveredstatements="1" conditionals="0" coveredconditionals="0" methods="0" coveredmethods="0"/>
        <line num="20" count="1" type="stmt"/>
      </file>
    </package>
    <package name="view">
      <metrics statements="37" coveredstatements="34" conditionals="34" coveredconditionals="30" methods="15" coveredmethods="14"/>
      <file name="Tree.css" path="C:\CSE-186\Assignment3\src\view\Tree.css">
        <metrics statements="0" coveredstatements="0" conditionals="0" coveredconditionals="0" methods="0" coveredmethods="0"/>
      </file>
      <file name="Tree.jsx" path="C:\CSE-186\Assignment3\src\view\Tree.jsx">
        <metrics statements="37" coveredstatements="34" conditionals="34" coveredconditionals="30" methods="15" coveredmethods="14"/>
        <line num="28" count="5" type="stmt"/>
        <line num="29" count="5" type="stmt"/>
        <line num="30" count="5" type="stmt"/>
        <line num="31" count="5" type="stmt"/>
        <line num="34" count="5" type="stmt"/>
        <line num="35" count="20" type="stmt"/>
        <line num="36" count="85" type="cond" truecount="2" falsecount="0"/>
        <line num="37" count="15" type="cond" truecount="2" falsecount="0"/>
        <line num="38" count="15" type="cond" truecount="2" falsecount="0"/>
        <line num="39" count="15" type="cond" truecount="1" falsecount="1"/>
        <line num="40" count="70" type="cond" truecount="1" falsecount="1"/>
        <line num="41" count="70" type="cond" truecount="2" falsecount="0"/>
        <line num="46" count="5" type="stmt"/>
        <line num="47" count="5" type="stmt"/>
        <line num="66" count="7" type="stmt"/>
        <line num="69" count="56" type="cond" truecount="2" falsecount="0"/>
        <line num="70" count="14" type="stmt"/>
        <line num="71" count="42" type="cond" truecount="1" falsecount="1"/>
        <line num="72" count="42" type="stmt"/>
        <line num="74" count="0" type="stmt"/>
        <line num="83" count="1" type="stmt"/>
        <line num="92" count="21" type="cond" truecount="2" falsecount="0"/>
        <line num="96" count="21" type="cond" truecount="2" falsecount="0"/>
        <line num="100" count="21" type="stmt"/>
        <line num="102" count="63" type="cond" truecount="2" falsecount="0"/>
        <line num="103" count="7" type="stmt"/>
        <line num="104" count="56" type="cond" truecount="1" falsecount="1"/>
        <line num="105" count="56" type="stmt"/>
        <line num="107" count="0" type="stmt"/>
        <line num="110" count="21" type="stmt"/>
        <line num="121" count="0" type="stmt"/>
        <line num="131" count="1" type="stmt"/>
        <line num="149" count="1" type="stmt"/>
        <line num="158" count="98" type="cond" truecount="2" falsecount="0"/>
        <line num="162" count="98" type="stmt"/>
        <line num="170" count="1" type="stmt"/>
        <line num="180" count="1" type="stmt"/>
      </file>
    </package>
  </project>
</coverage>
