{"C:\\CSE-186\\Assignment3\\src\\model\\Branch.js": {"path":"C:\\CSE-186\\Assignment3\\src\\model\\Branch.js","statementMap":{"0":{"start":{"line":32,"column":4},"end":{"line":32,"column":null}},"1":{"start":{"line":33,"column":4},"end":{"line":33,"column":null}},"2":{"start":{"line":34,"column":4},"end":{"line":34,"column":null}}},"fnMap":{"0":{"name":"(anonymous_0)","decl":{"start":{"line":28,"column":2},"end":{"line":28,"column":13}},"loc":{"start":{"line":31,"column":4},"end":{"line":35,"column":null}},"line":31}},"branchMap":{"0":{"loc":{"start":{"line":29,"column":17},"end":{"line":29,"column":30}},"type":"default-arg","locations":[{"start":{"line":29,"column":28},"end":{"line":29,"column":30}}],"line":29},"1":{"loc":{"start":{"line":30,"column":6},"end":{"line":30,"column":22}},"type":"default-arg","locations":[{"start":{"line":30,"column":17},"end":{"line":30,"column":22}}],"line":30},"2":{"loc":{"start":{"line":30,"column":24},"end":{"line":30,"column":41}},"type":"default-arg","locations":[{"start":{"line":30,"column":36},"end":{"line":30,"column":41}}],"line":30},"3":{"loc":{"start":{"line":30,"column":43},"end":{"line":30,"column":58}},"type":"default-arg","locations":[{"start":{"line":30,"column":53},"end":{"line":30,"column":58}}],"line":30}},"s":{"0":3,"1":3,"2":3},"f":{"0":3},"b":{"0":[3],"1":[3],"2":[3],"3":[3]},"meta":{"lastBranch":4,"lastFunction":1,"lastStatement":3,"seen":{"f:28:2:28:13":0,"b:29:28:29:30":0,"b:30:17:30:22":1,"b:30:36:30:41":2,"b:30:53:30:58":3,"s:32:4:32:Infinity":0,"s:33:4:33:Infinity":1,"s:34:4:34:Infinity":2}}}
,"C:\\CSE-186\\Assignment3\\src\\model\\Leaf.js": {"path":"C:\\CSE-186\\Assignment3\\src\\model\\Leaf.js","statementMap":{"0":{"start":{"line":26,"column":4},"end":{"line":26,"column":null}},"1":{"start":{"line":27,"column":4},"end":{"line":27,"column":null}},"2":{"start":{"line":28,"column":4},"end":{"line":28,"column":null}},"3":{"start":{"line":29,"column":4},"end":{"line":29,"column":null}}},"fnMap":{"0":{"name":"(anonymous_0)","decl":{"start":{"line":25,"column":2},"end":{"line":25,"column":13}},"loc":{"start":{"line":25,"column":61},"end":{"line":30,"column":null}},"line":25}},"branchMap":{"0":{"loc":{"start":{"line":25,"column":25},"end":{"line":25,"column":42}},"type":"default-arg","locations":[{"start":{"line":25,"column":37},"end":{"line":25,"column":42}}],"line":25},"1":{"loc":{"start":{"line":25,"column":44},"end":{"line":25,"column":59}},"type":"default-arg","locations":[{"start":{"line":25,"column":54},"end":{"line":25,"column":59}}],"line":25}},"s":{"0":17,"1":17,"2":17,"3":17},"f":{"0":17},"b":{"0":[17],"1":[17]},"meta":{"lastBranch":2,"lastFunction":1,"lastStatement":4,"seen":{"f:25:2:25:13":0,"b:25:37:25:42":0,"b:25:54:25:59":1,"s:26:4:26:Infinity":0,"s:27:4:27:Infinity":1,"s:28:4:28:Infinity":2,"s:29:4:29:Infinity":3}}}
,"C:\\CSE-186\\Assignment3\\src\\model\\data.js": {"path":"C:\\CSE-186\\Assignment3\\src\\model\\data.js","statementMap":{"0":{"start":{"line":20,"column":13},"end":{"line":41,"column":1}}},"fnMap":{},"branchMap":{},"s":{"0":1},"f":{},"b":{},"meta":{"lastBranch":0,"lastFunction":0,"lastStatement":1,"seen":{"s:20:13:41:1":0}}}
,"C:\\CSE-186\\Assignment3\\src\\view\\Tree.css": {"path":"C:\\CSE-186\\Assignment3\\src\\view\\Tree.css","statementMap":{},"fnMap":{},"branchMap":{},"s":{},"f":{},"b":{},"meta":{"lastBranch":0,"lastFunction":0,"lastStatement":0,"seen":{}}}
,"C:\\CSE-186\\Assignment3\\src\\view\\Tree.jsx": {"path":"C:\\CSE-186\\Assignment3\\src\\view\\Tree.jsx","statementMap":{"0":{"start":{"line":28,"column":4},"end":{"line":28,"column":null}},"1":{"start":{"line":29,"column":4},"end":{"line":29,"column":null}},"2":{"start":{"line":30,"column":21},"end":{"line":30,"column":null}},"3":{"start":{"line":31,"column":20},"end":{"line":31,"column":null}},"4":{"start":{"line":34,"column":22},"end":{"line":44,"column":null}},"5":{"start":{"line":35,"column":6},"end":{"line":43,"column":null}},"6":{"start":{"line":36,"column":8},"end":{"line":42,"column":null}},"7":{"start":{"line":37,"column":10},"end":{"line":37,"column":null}},"8":{"start":{"line":38,"column":10},"end":{"line":38,"column":null}},"9":{"start":{"line":39,"column":10},"end":{"line":39,"column":null}},"10":{"start":{"line":39,"column":29},"end":{"line":39,"column":null}},"11":{"start":{"line":40,"column":8},"end":{"line":42,"column":null}},"12":{"start":{"line":41,"column":10},"end":{"line":41,"column":null}},"13":{"start":{"line":46,"column":4},"end":{"line":46,"column":null}},"14":{"start":{"line":47,"column":4},"end":{"line":50,"column":null}},"15":{"start":{"line":66,"column":4},"end":{"line":76,"column":null}},"16":{"start":{"line":69,"column":10},"end":{"line":73,"column":null}},"17":{"start":{"line":70,"column":12},"end":{"line":70,"column":null}},"18":{"start":{"line":71,"column":10},"end":{"line":73,"column":null}},"19":{"start":{"line":72,"column":12},"end":{"line":72,"column":null}},"20":{"start":{"line":74,"column":10},"end":{"line":74,"column":null}},"21":{"start":{"line":83,"column":4},"end":{"line":88,"column":null}},"22":{"start":{"line":83,"column":34},"end":{"line":88,"column":6}},"23":{"start":{"line":92,"column":28},"end":{"line":94,"column":null}},"24":{"start":{"line":96,"column":27},"end":{"line":98,"column":null}},"25":{"start":{"line":100,"column":21},"end":{"line":108,"column":null}},"26":{"start":{"line":102,"column":6},"end":{"line":106,"column":null}},"27":{"start":{"line":103,"column":8},"end":{"line":103,"column":null}},"28":{"start":{"line":104,"column":6},"end":{"line":106,"column":null}},"29":{"start":{"line":105,"column":8},"end":{"line":105,"column":null}},"30":{"start":{"line":107,"column":6},"end":{"line":107,"column":null}},"31":{"start":{"line":110,"column":4},"end":{"line":142,"column":null}},"32":{"start":{"line":121,"column":32},"end":{"line":121,"column":null}},"33":{"start":{"line":131,"column":29},"end":{"line":131,"column":null}},"34":{"start":{"line":149,"column":4},"end":{"line":154,"column":null}},"35":{"start":{"line":149,"column":34},"end":{"line":154,"column":6}},"36":{"start":{"line":158,"column":22},"end":{"line":160,"column":null}},"37":{"start":{"line":162,"column":4},"end":{"line":175,"column":null}},"38":{"start":{"line":170,"column":30},"end":{"line":170,"column":null}},"39":{"start":{"line":180,"column":0},"end":{"line":182,"column":null}}},"fnMap":{"0":{"name":"(anonymous_0)","decl":{"start":{"line":27,"column":2},"end":{"line":27,"column":14}},"loc":{"start":{"line":27,"column":21},"end":{"line":51,"column":null}},"line":27},"1":{"name":"(anonymous_1)","decl":{"start":{"line":34,"column":22},"end":{"line":34,"column":23}},"loc":{"start":{"line":34,"column":33},"end":{"line":44,"column":null}},"line":34},"2":{"name":"(anonymous_2)","decl":{"start":{"line":35,"column":20},"end":{"line":35,"column":21}},"loc":{"start":{"line":35,"column":30},"end":{"line":43,"column":7}},"line":35},"3":{"name":"(anonymous_3)","decl":{"start":{"line":65,"column":2},"end":{"line":65,"column":11}},"loc":{"start":{"line":65,"column":11},"end":{"line":78,"column":null}},"line":65},"4":{"name":"(anonymous_4)","decl":{"start":{"line":68,"column":23},"end":{"line":68,"column":24}},"loc":{"start":{"line":68,"column":33},"end":{"line":75,"column":9}},"line":68},"5":{"name":"(anonymous_5)","decl":{"start":{"line":81,"column":2},"end":{"line":81,"column":17}},"loc":{"start":{"line":81,"column":25},"end":{"line":89,"column":null}},"line":81},"6":{"name":"(anonymous_6)","decl":{"start":{"line":83,"column":18},"end":{"line":83,"column":19}},"loc":{"start":{"line":83,"column":34},"end":{"line":88,"column":6}},"line":83},"7":{"name":"(anonymous_7)","decl":{"start":{"line":91,"column":2},"end":{"line":91,"column":15}},"loc":{"start":{"line":91,"column":23},"end":{"line":144,"column":null}},"line":91},"8":{"name":"(anonymous_8)","decl":{"start":{"line":100,"column":41},"end":{"line":100,"column":42}},"loc":{"start":{"line":100,"column":52},"end":{"line":108,"column":5}},"line":100},"9":{"name":"(anonymous_9)","decl":{"start":{"line":121,"column":26},"end":{"line":121,"column":32}},"loc":{"start":{"line":121,"column":32},"end":{"line":121,"column":null}},"line":121},"10":{"name":"(anonymous_10)","decl":{"start":{"line":131,"column":23},"end":{"line":131,"column":29}},"loc":{"start":{"line":131,"column":29},"end":{"line":131,"column":null}},"line":131},"11":{"name":"(anonymous_11)","decl":{"start":{"line":147,"column":2},"end":{"line":147,"column":17}},"loc":{"start":{"line":147,"column":23},"end":{"line":155,"column":null}},"line":147},"12":{"name":"(anonymous_12)","decl":{"start":{"line":149,"column":18},"end":{"line":149,"column":19}},"loc":{"start":{"line":149,"column":34},"end":{"line":154,"column":6}},"line":149},"13":{"name":"(anonymous_13)","decl":{"start":{"line":157,"column":2},"end":{"line":157,"column":13}},"loc":{"start":{"line":157,"column":23},"end":{"line":177,"column":null}},"line":157},"14":{"name":"(anonymous_14)","decl":{"start":{"line":170,"column":24},"end":{"line":170,"column":30}},"loc":{"start":{"line":170,"column":30},"end":{"line":170,"column":null}},"line":170}},"branchMap":{"0":{"loc":{"start":{"line":36,"column":8},"end":{"line":42,"column":null}},"type":"if","locations":[{"start":{"line":36,"column":8},"end":{"line":42,"column":null}},{"start":{"line":40,"column":8},"end":{"line":42,"column":null}}],"line":36},"1":{"loc":{"start":{"line":37,"column":30},"end":{"line":37,"column":null}},"type":"binary-expr","locations":[{"start":{"line":37,"column":30},"end":{"line":37,"column":47}},{"start":{"line":37,"column":47},"end":{"line":37,"column":null}}],"line":37},"2":{"loc":{"start":{"line":38,"column":29},"end":{"line":38,"column":null}},"type":"binary-expr","locations":[{"start":{"line":38,"column":29},"end":{"line":38,"column":45}},{"start":{"line":38,"column":45},"end":{"line":38,"column":null}}],"line":38},"3":{"loc":{"start":{"line":39,"column":10},"end":{"line":39,"column":null}},"type":"if","locations":[{"start":{"line":39,"column":10},"end":{"line":39,"column":null}},{"start":{},"end":{}}],"line":39},"4":{"loc":{"start":{"line":40,"column":8},"end":{"line":42,"column":null}},"type":"if","locations":[{"start":{"line":40,"column":8},"end":{"line":42,"column":null}},{"start":{},"end":{}}],"line":40},"5":{"loc":{"start":{"line":41,"column":29},"end":{"line":41,"column":null}},"type":"binary-expr","locations":[{"start":{"line":41,"column":29},"end":{"line":41,"column":45}},{"start":{"line":41,"column":45},"end":{"line":41,"column":null}}],"line":41},"6":{"loc":{"start":{"line":69,"column":10},"end":{"line":73,"column":null}},"type":"if","locations":[{"start":{"line":69,"column":10},"end":{"line":73,"column":null}},{"start":{"line":71,"column":10},"end":{"line":73,"column":null}}],"line":69},"7":{"loc":{"start":{"line":71,"column":10},"end":{"line":73,"column":null}},"type":"if","locations":[{"start":{"line":71,"column":10},"end":{"line":73,"column":null}},{"start":{},"end":{}}],"line":71},"8":{"loc":{"start":{"line":92,"column":28},"end":{"line":94,"column":null}},"type":"cond-expr","locations":[{"start":{"line":93,"column":6},"end":{"line":93,"column":null}},{"start":{"line":94,"column":6},"end":{"line":94,"column":null}}],"line":92},"9":{"loc":{"start":{"line":96,"column":27},"end":{"line":98,"column":null}},"type":"cond-expr","locations":[{"start":{"line":97,"column":6},"end":{"line":97,"column":null}},{"start":{"line":98,"column":6},"end":{"line":98,"column":null}}],"line":96},"10":{"loc":{"start":{"line":102,"column":6},"end":{"line":106,"column":null}},"type":"if","locations":[{"start":{"line":102,"column":6},"end":{"line":106,"column":null}},{"start":{"line":104,"column":6},"end":{"line":106,"column":null}}],"line":102},"11":{"loc":{"start":{"line":104,"column":6},"end":{"line":106,"column":null}},"type":"if","locations":[{"start":{"line":104,"column":6},"end":{"line":106,"column":null}},{"start":{},"end":{}}],"line":104},"12":{"loc":{"start":{"line":112,"column":34},"end":{"line":114,"column":12}},"type":"cond-expr","locations":[{"start":{"line":113,"column":10},"end":{"line":113,"column":null}},{"start":{"line":114,"column":10},"end":{"line":114,"column":12}}],"line":112},"13":{"loc":{"start":{"line":115,"column":11},"end":{"line":123,"column":null}},"type":"binary-expr","locations":[{"start":{"line":115,"column":11},"end":{"line":115,"column":null}},{"start":{"line":116,"column":12},"end":{"line":123,"column":null}}],"line":115},"14":{"loc":{"start":{"line":128,"column":33},"end":{"line":130,"column":30}},"type":"cond-expr","locations":[{"start":{"line":129,"column":14},"end":{"line":129,"column":null}},{"start":{"line":130,"column":14},"end":{"line":130,"column":30}}],"line":128},"15":{"loc":{"start":{"line":158,"column":22},"end":{"line":160,"column":null}},"type":"cond-expr","locations":[{"start":{"line":159,"column":6},"end":{"line":159,"column":null}},{"start":{"line":160,"column":6},"end":{"line":160,"column":null}}],"line":158},"16":{"loc":{"start":{"line":164,"column":9},"end":{"line":172,"column":null}},"type":"binary-expr","locations":[{"start":{"line":164,"column":9},"end":{"line":164,"column":null}},{"start":{"line":165,"column":10},"end":{"line":172,"column":null}}],"line":164}},"s":{"0":5,"1":5,"2":5,"3":5,"4":5,"5":20,"6":85,"7":15,"8":15,"9":15,"10":15,"11":70,"12":70,"13":5,"14":5,"15":7,"16":56,"17":14,"18":42,"19":42,"20":0,"21":1,"22":1,"23":21,"24":21,"25":21,"26":63,"27":7,"28":56,"29":56,"30":0,"31":21,"32":0,"33":1,"34":1,"35":1,"36":98,"37":98,"38":1,"39":1},"f":{"0":5,"1":20,"2":85,"3":7,"4":56,"5":1,"6":1,"7":21,"8":63,"9":0,"10":1,"11":1,"12":1,"13":98,"14":1},"b":{"0":[15,70],"1":[15,10],"2":[15,10],"3":[15,0],"4":[70,0],"5":[70,55],"6":[14,42],"7":[42,0],"8":[8,13],"9":[7,14],"10":[7,56],"11":[56,0],"12":[8,13],"13":[21,7],"14":[8,13],"15":[20,78],"16":[98,35]},"meta":{"lastBranch":17,"lastFunction":15,"lastStatement":40,"seen":{"f:27:2:27:14":0,"s:28:4:28:Infinity":0,"s:29:4:29:Infinity":1,"s:30:21:30:Infinity":2,"s:31:20:31:Infinity":3,"s:34:22:44:Infinity":4,"f:34:22:34:23":1,"s:35:6:43:Infinity":5,"f:35:20:35:21":2,"b:36:8:42:Infinity:40:8:42:Infinity":0,"s:36:8:42:Infinity":6,"s:37:10:37:Infinity":7,"b:37:30:37:47:37:47:37:Infinity":1,"s:38:10:38:Infinity":8,"b:38:29:38:45:38:45:38:Infinity":2,"b:39:10:39:Infinity:undefined:undefined:undefined:undefined":3,"s:39:10:39:Infinity":9,"s:39:29:39:Infinity":10,"b:40:8:42:Infinity:undefined:undefined:undefined:undefined":4,"s:40:8:42:Infinity":11,"s:41:10:41:Infinity":12,"b:41:29:41:45:41:45:41:Infinity":5,"s:46:4:46:Infinity":13,"s:47:4:50:Infinity":14,"f:65:2:65:11":3,"s:66:4:76:Infinity":15,"f:68:23:68:24":4,"b:69:10:73:Infinity:71:10:73:Infinity":6,"s:69:10:73:Infinity":16,"s:70:12:70:Infinity":17,"b:71:10:73:Infinity:undefined:undefined:undefined:undefined":7,"s:71:10:73:Infinity":18,"s:72:12:72:Infinity":19,"s:74:10:74:Infinity":20,"f:81:2:81:17":5,"s:83:4:88:Infinity":21,"f:83:18:83:19":6,"s:83:34:88:6":22,"f:91:2:91:15":7,"s:92:28:94:Infinity":23,"b:93:6:93:Infinity:94:6:94:Infinity":8,"s:96:27:98:Infinity":24,"b:97:6:97:Infinity:98:6:98:Infinity":9,"s:100:21:108:Infinity":25,"f:100:41:100:42":8,"b:102:6:106:Infinity:104:6:106:Infinity":10,"s:102:6:106:Infinity":26,"s:103:8:103:Infinity":27,"b:104:6:106:Infinity:undefined:undefined:undefined:undefined":11,"s:104:6:106:Infinity":28,"s:105:8:105:Infinity":29,"s:107:6:107:Infinity":30,"s:110:4:142:Infinity":31,"b:113:10:113:Infinity:114:10:114:12":12,"b:115:11:115:Infinity:116:12:123:Infinity":13,"f:121:26:121:32":9,"s:121:32:121:Infinity":32,"b:129:14:129:Infinity:130:14:130:30":14,"f:131:23:131:29":10,"s:131:29:131:Infinity":33,"f:147:2:147:17":11,"s:149:4:154:Infinity":34,"f:149:18:149:19":12,"s:149:34:154:6":35,"f:157:2:157:13":13,"s:158:22:160:Infinity":36,"b:159:6:159:Infinity:160:6:160:Infinity":15,"s:162:4:175:Infinity":37,"b:164:9:164:Infinity:165:10:172:Infinity":16,"f:170:24:170:30":14,"s:170:30:170:Infinity":38,"s:180:0:182:Infinity":39}}}
}
