{"C:\\CSE-186\\Assignment3\\src\\App.jsx": {"path":"C:\\CSE-186\\Assignment3\\src\\App.jsx","statementMap":{"0":{"start":{"line":31,"column":4},"end":{"line":31,"column":null}},"1":{"start":{"line":32,"column":4},"end":{"line":32,"column":null}},"2":{"start":{"line":33,"column":4},"end":{"line":33,"column":null}},"3":{"start":{"line":37,"column":4},"end":{"line":39,"column":null}},"4":{"start":{"line":43,"column":4},"end":{"line":43,"column":null}},"5":{"start":{"line":50,"column":4},"end":{"line":58,"column":null}},"6":{"start":{"line":52,"column":31},"end":{"line":52,"column":44}},"7":{"start":{"line":53,"column":31},"end":{"line":53,"column":45}}},"fnMap":{"0":{"name":"(anonymous_0)","decl":{"start":{"line":30,"column":2},"end":{"line":30,"column":14}},"loc":{"start":{"line":30,"column":21},"end":{"line":34,"column":null}},"line":30},"1":{"name":"(anonymous_1)","decl":{"start":{"line":36,"column":2},"end":{"line":36,"column":9}},"loc":{"start":{"line":36,"column":9},"end":{"line":40,"column":null}},"line":36},"2":{"name":"(anonymous_2)","decl":{"start":{"line":42,"column":2},"end":{"line":42,"column":10}},"loc":{"start":{"line":42,"column":10},"end":{"line":44,"column":null}},"line":42},"3":{"name":"(anonymous_3)","decl":{"start":{"line":49,"column":2},"end":{"line":49,"column":11}},"loc":{"start":{"line":49,"column":11},"end":{"line":60,"column":null}},"line":49},"4":{"name":"(anonymous_4)","decl":{"start":{"line":52,"column":25},"end":{"line":52,"column":31}},"loc":{"start":{"line":52,"column":31},"end":{"line":52,"column":44}},"line":52},"5":{"name":"(anonymous_5)","decl":{"start":{"line":53,"column":25},"end":{"line":53,"column":31}},"loc":{"start":{"line":53,"column":31},"end":{"line":53,"column":45}},"line":53}},"branchMap":{},"s":{"0":2,"1":2,"2":2,"3":2,"4":1,"5":5,"6":2,"7":1},"f":{"0":2,"1":2,"2":1,"3":5,"4":2,"5":1},"b":{},"meta":{"lastBranch":0,"lastFunction":6,"lastStatement":8,"seen":{"f:30:2:30:14":0,"s:31:4:31:Infinity":0,"s:32:4:32:Infinity":1,"s:33:4:33:Infinity":2,"f:36:2:36:9":1,"s:37:4:39:Infinity":3,"f:42:2:42:10":2,"s:43:4:43:Infinity":4,"f:49:2:49:11":3,"s:50:4:58:Infinity":5,"f:52:25:52:31":4,"s:52:31:52:44":6,"f:53:25:53:31":5,"s:53:31:53:45":7}}}
,"C:\\CSE-186\\Assignment3\\src\\model\\Branch.js": {"path":"C:\\CSE-186\\Assignment3\\src\\model\\Branch.js","statementMap":{"0":{"start":{"line":32,"column":4},"end":{"line":32,"column":null}},"1":{"start":{"line":33,"column":4},"end":{"line":33,"column":null}},"2":{"start":{"line":34,"column":4},"end":{"line":34,"column":null}}},"fnMap":{"0":{"name":"(anonymous_0)","decl":{"start":{"line":28,"column":2},"end":{"line":28,"column":13}},"loc":{"start":{"line":31,"column":4},"end":{"line":35,"column":null}},"line":31}},"branchMap":{"0":{"loc":{"start":{"line":29,"column":17},"end":{"line":29,"column":30}},"type":"default-arg","locations":[{"start":{"line":29,"column":28},"end":{"line":29,"column":30}}],"line":29},"1":{"loc":{"start":{"line":30,"column":6},"end":{"line":30,"column":22}},"type":"default-arg","locations":[{"start":{"line":30,"column":17},"end":{"line":30,"column":22}}],"line":30},"2":{"loc":{"start":{"line":30,"column":24},"end":{"line":30,"column":41}},"type":"default-arg","locations":[{"start":{"line":30,"column":36},"end":{"line":30,"column":41}}],"line":30},"3":{"loc":{"start":{"line":30,"column":43},"end":{"line":30,"column":58}},"type":"default-arg","locations":[{"start":{"line":30,"column":53},"end":{"line":30,"column":58}}],"line":30}},"s":{"0":12,"1":12,"2":12},"f":{"0":12},"b":{"0":[12],"1":[12],"2":[12],"3":[12]},"meta":{"lastBranch":4,"lastFunction":1,"lastStatement":3,"seen":{"f:28:2:28:13":0,"b:29:28:29:30":0,"b:30:17:30:22":1,"b:30:36:30:41":2,"b:30:53:30:58":3,"s:32:4:32:Infinity":0,"s:33:4:33:Infinity":1,"s:34:4:34:Infinity":2}}}
,"C:\\CSE-186\\Assignment3\\src\\model\\Leaf.js": {"path":"C:\\CSE-186\\Assignment3\\src\\model\\Leaf.js","statementMap":{"0":{"start":{"line":26,"column":4},"end":{"line":26,"column":null}},"1":{"start":{"line":27,"column":4},"end":{"line":27,"column":null}},"2":{"start":{"line":28,"column":4},"end":{"line":28,"column":null}},"3":{"start":{"line":29,"column":4},"end":{"line":29,"column":null}}},"fnMap":{"0":{"name":"(anonymous_0)","decl":{"start":{"line":25,"column":2},"end":{"line":25,"column":13}},"loc":{"start":{"line":25,"column":61},"end":{"line":30,"column":null}},"line":25}},"branchMap":{"0":{"loc":{"start":{"line":25,"column":25},"end":{"line":25,"column":42}},"type":"default-arg","locations":[{"start":{"line":25,"column":37},"end":{"line":25,"column":42}}],"line":25},"1":{"loc":{"start":{"line":25,"column":44},"end":{"line":25,"column":59}},"type":"default-arg","locations":[{"start":{"line":25,"column":54},"end":{"line":25,"column":59}}],"line":25}},"s":{"0":68,"1":68,"2":68,"3":68},"f":{"0":68},"b":{"0":[68],"1":[68]},"meta":{"lastBranch":2,"lastFunction":1,"lastStatement":4,"seen":{"f:25:2:25:13":0,"b:25:37:25:42":0,"b:25:54:25:59":1,"s:26:4:26:Infinity":0,"s:27:4:27:Infinity":1,"s:28:4:28:Infinity":2,"s:29:4:29:Infinity":3}}}
,"C:\\CSE-186\\Assignment3\\src\\model\\data.js": {"path":"C:\\CSE-186\\Assignment3\\src\\model\\data.js","statementMap":{"0":{"start":{"line":20,"column":13},"end":{"line":41,"column":1}}},"fnMap":{},"branchMap":{},"s":{"0":4},"f":{},"b":{},"meta":{"lastBranch":0,"lastFunction":0,"lastStatement":1,"seen":{"s:20:13:41:1":0}}}
,"C:\\CSE-186\\Assignment3\\src\\view\\Tree.css": {"path":"C:\\CSE-186\\Assignment3\\src\\view\\Tree.css","statementMap":{},"fnMap":{},"branchMap":{},"s":{},"f":{},"b":{},"meta":{"lastBranch":0,"lastFunction":0,"lastStatement":0,"seen":{}}}
,"C:\\CSE-186\\Assignment3\\src\\view\\Tree.jsx": {"path":"C:\\CSE-186\\Assignment3\\src\\view\\Tree.jsx","statementMap":{"0":{"start":{"line":230,"column":19},"end":{"line":251,"column":null}},"1":{"start":{"line":28,"column":4},"end":{"line":28,"column":null}},"2":{"start":{"line":29,"column":21},"end":{"line":29,"column":null}},"3":{"start":{"line":30,"column":20},"end":{"line":30,"column":null}},"4":{"start":{"line":33,"column":22},"end":{"line":41,"column":null}},"5":{"start":{"line":34,"column":6},"end":{"line":40,"column":null}},"6":{"start":{"line":35,"column":8},"end":{"line":35,"column":null}},"7":{"start":{"line":36,"column":8},"end":{"line":36,"column":null}},"8":{"start":{"line":37,"column":8},"end":{"line":39,"column":null}},"9":{"start":{"line":38,"column":10},"end":{"line":38,"column":null}},"10":{"start":{"line":43,"column":4},"end":{"line":43,"column":null}},"11":{"start":{"line":44,"column":4},"end":{"line":49,"column":null}},"12":{"start":{"line":57,"column":4},"end":{"line":57,"column":null}},"13":{"start":{"line":65,"column":4},"end":{"line":75,"column":null}},"14":{"start":{"line":68,"column":10},"end":{"line":72,"column":null}},"15":{"start":{"line":69,"column":12},"end":{"line":69,"column":null}},"16":{"start":{"line":71,"column":12},"end":{"line":71,"column":null}},"17":{"start":{"line":82,"column":4},"end":{"line":87,"column":null}},"18":{"start":{"line":82,"column":34},"end":{"line":87,"column":6}},"19":{"start":{"line":91,"column":28},"end":{"line":93,"column":null}},"20":{"start":{"line":95,"column":27},"end":{"line":97,"column":null}},"21":{"start":{"line":99,"column":23},"end":{"line":99,"column":null}},"22":{"start":{"line":100,"column":22},"end":{"line":100,"column":null}},"23":{"start":{"line":102,"column":21},"end":{"line":110,"column":null}},"24":{"start":{"line":104,"column":6},"end":{"line":108,"column":null}},"25":{"start":{"line":105,"column":8},"end":{"line":105,"column":null}},"26":{"start":{"line":107,"column":8},"end":{"line":107,"column":null}},"27":{"start":{"line":112,"column":4},"end":{"line":146,"column":null}},"28":{"start":{"line":122,"column":32},"end":{"line":122,"column":null}},"29":{"start":{"line":132,"column":29},"end":{"line":132,"column":null}},"30":{"start":{"line":138,"column":28},"end":{"line":138,"column":null}},"31":{"start":{"line":153,"column":4},"end":{"line":158,"column":null}},"32":{"start":{"line":153,"column":34},"end":{"line":158,"column":6}},"33":{"start":{"line":163,"column":22},"end":{"line":165,"column":null}},"34":{"start":{"line":167,"column":22},"end":{"line":167,"column":null}},"35":{"start":{"line":169,"column":4},"end":{"line":189,"column":null}},"36":{"start":{"line":180,"column":30},"end":{"line":180,"column":null}},"37":{"start":{"line":185,"column":28},"end":{"line":185,"column":null}},"38":{"start":{"line":195,"column":4},"end":{"line":195,"column":null}},"39":{"start":{"line":197,"column":4},"end":{"line":219,"column":null}},"40":{"start":{"line":198,"column":24},"end":{"line":198,"column":null}},"41":{"start":{"line":199,"column":6},"end":{"line":217,"column":null}},"42":{"start":{"line":200,"column":8},"end":{"line":204,"column":null}},"43":{"start":{"line":201,"column":10},"end":{"line":201,"column":null}},"44":{"start":{"line":203,"column":10},"end":{"line":203,"column":null}},"45":{"start":{"line":210,"column":8},"end":{"line":216,"column":null}},"46":{"start":{"line":211,"column":10},"end":{"line":211,"column":null}},"47":{"start":{"line":214,"column":10},"end":{"line":214,"column":null}},"48":{"start":{"line":215,"column":10},"end":{"line":215,"column":null}},"49":{"start":{"line":218,"column":6},"end":{"line":218,"column":null}},"50":{"start":{"line":223,"column":4},"end":{"line":223,"column":null}},"51":{"start":{"line":227,"column":4},"end":{"line":227,"column":null}},"52":{"start":{"line":231,"column":4},"end":{"line":250,"column":null}},"53":{"start":{"line":232,"column":6},"end":{"line":232,"column":null}},"54":{"start":{"line":233,"column":6},"end":{"line":236,"column":null}},"55":{"start":{"line":235,"column":8},"end":{"line":235,"column":null}},"56":{"start":{"line":238,"column":6},"end":{"line":249,"column":null}},"57":{"start":{"line":239,"column":25},"end":{"line":242,"column":null}},"58":{"start":{"line":245,"column":8},"end":{"line":248,"column":null}},"59":{"start":{"line":255,"column":26},"end":{"line":255,"column":null}},"60":{"start":{"line":255,"column":49},"end":{"line":255,"column":74}},"61":{"start":{"line":258,"column":21},"end":{"line":263,"column":null}},"62":{"start":{"line":259,"column":6},"end":{"line":261,"column":null}},"63":{"start":{"line":260,"column":8},"end":{"line":260,"column":null}},"64":{"start":{"line":262,"column":6},"end":{"line":262,"column":null}},"65":{"start":{"line":265,"column":4},"end":{"line":265,"column":null}},"66":{"start":{"line":269,"column":0},"end":{"line":271,"column":null}}},"fnMap":{"0":{"name":"(anonymous_0)","decl":{"start":{"line":27,"column":2},"end":{"line":27,"column":14}},"loc":{"start":{"line":27,"column":21},"end":{"line":50,"column":null}},"line":27},"1":{"name":"(anonymous_1)","decl":{"start":{"line":33,"column":22},"end":{"line":33,"column":23}},"loc":{"start":{"line":33,"column":33},"end":{"line":41,"column":null}},"line":33},"2":{"name":"(anonymous_2)","decl":{"start":{"line":34,"column":20},"end":{"line":34,"column":21}},"loc":{"start":{"line":34,"column":30},"end":{"line":40,"column":7}},"line":34},"3":{"name":"(anonymous_3)","decl":{"start":{"line":56,"column":2},"end":{"line":56,"column":8}},"loc":{"start":{"line":56,"column":8},"end":{"line":58,"column":null}},"line":56},"4":{"name":"(anonymous_4)","decl":{"start":{"line":64,"column":2},"end":{"line":64,"column":11}},"loc":{"start":{"line":64,"column":11},"end":{"line":77,"column":null}},"line":64},"5":{"name":"(anonymous_5)","decl":{"start":{"line":67,"column":33},"end":{"line":67,"column":34}},"loc":{"start":{"line":67,"column":43},"end":{"line":74,"column":9}},"line":67},"6":{"name":"(anonymous_6)","decl":{"start":{"line":80,"column":2},"end":{"line":80,"column":17}},"loc":{"start":{"line":80,"column":25},"end":{"line":88,"column":null}},"line":80},"7":{"name":"(anonymous_7)","decl":{"start":{"line":82,"column":18},"end":{"line":82,"column":19}},"loc":{"start":{"line":82,"column":34},"end":{"line":87,"column":6}},"line":82},"8":{"name":"(anonymous_8)","decl":{"start":{"line":90,"column":2},"end":{"line":90,"column":15}},"loc":{"start":{"line":90,"column":23},"end":{"line":148,"column":null}},"line":90},"9":{"name":"(anonymous_9)","decl":{"start":{"line":102,"column":41},"end":{"line":102,"column":42}},"loc":{"start":{"line":102,"column":52},"end":{"line":110,"column":5}},"line":102},"10":{"name":"(anonymous_10)","decl":{"start":{"line":122,"column":26},"end":{"line":122,"column":32}},"loc":{"start":{"line":122,"column":32},"end":{"line":122,"column":null}},"line":122},"11":{"name":"(anonymous_11)","decl":{"start":{"line":132,"column":23},"end":{"line":132,"column":29}},"loc":{"start":{"line":132,"column":29},"end":{"line":132,"column":null}},"line":132},"12":{"name":"(anonymous_12)","decl":{"start":{"line":138,"column":21},"end":{"line":138,"column":22}},"loc":{"start":{"line":138,"column":28},"end":{"line":138,"column":null}},"line":138},"13":{"name":"(anonymous_13)","decl":{"start":{"line":151,"column":2},"end":{"line":151,"column":17}},"loc":{"start":{"line":151,"column":23},"end":{"line":159,"column":null}},"line":151},"14":{"name":"(anonymous_14)","decl":{"start":{"line":153,"column":18},"end":{"line":153,"column":19}},"loc":{"start":{"line":153,"column":34},"end":{"line":158,"column":6}},"line":153},"15":{"name":"(anonymous_15)","decl":{"start":{"line":161,"column":2},"end":{"line":161,"column":13}},"loc":{"start":{"line":161,"column":23},"end":{"line":191,"column":null}},"line":161},"16":{"name":"(anonymous_16)","decl":{"start":{"line":180,"column":24},"end":{"line":180,"column":30}},"loc":{"start":{"line":180,"column":30},"end":{"line":180,"column":null}},"line":180},"17":{"name":"(anonymous_17)","decl":{"start":{"line":185,"column":21},"end":{"line":185,"column":22}},"loc":{"start":{"line":185,"column":28},"end":{"line":185,"column":null}},"line":185},"18":{"name":"(anonymous_18)","decl":{"start":{"line":194,"column":2},"end":{"line":194,"column":14}},"loc":{"start":{"line":194,"column":23},"end":{"line":220,"column":null}},"line":194},"19":{"name":"(anonymous_19)","decl":{"start":{"line":197,"column":18},"end":{"line":197,"column":19}},"loc":{"start":{"line":197,"column":27},"end":{"line":219,"column":5}},"line":197},"20":{"name":"(anonymous_20)","decl":{"start":{"line":222,"column":2},"end":{"line":222,"column":22}},"loc":{"start":{"line":222,"column":22},"end":{"line":224,"column":null}},"line":222},"21":{"name":"(anonymous_21)","decl":{"start":{"line":226,"column":2},"end":{"line":226,"column":25}},"loc":{"start":{"line":226,"column":25},"end":{"line":228,"column":null}},"line":226},"22":{"name":"(anonymous_22)","decl":{"start":{"line":230,"column":19},"end":{"line":230,"column":20}},"loc":{"start":{"line":230,"column":26},"end":{"line":251,"column":null}},"line":230},"23":{"name":"(anonymous_23)","decl":{"start":{"line":238,"column":20},"end":{"line":238,"column":21}},"loc":{"start":{"line":238,"column":30},"end":{"line":249,"column":7}},"line":238},"24":{"name":"(anonymous_24)","decl":{"start":{"line":253,"column":2},"end":{"line":253,"column":20}},"loc":{"start":{"line":253,"column":40},"end":{"line":266,"column":null}},"line":253},"25":{"name":"(anonymous_25)","decl":{"start":{"line":255,"column":39},"end":{"line":255,"column":40}},"loc":{"start":{"line":255,"column":49},"end":{"line":255,"column":74}},"line":255},"26":{"name":"(anonymous_26)","decl":{"start":{"line":258,"column":39},"end":{"line":258,"column":40}},"loc":{"start":{"line":258,"column":49},"end":{"line":263,"column":5}},"line":258}},"branchMap":{"0":{"loc":{"start":{"line":35,"column":27},"end":{"line":35,"column":null}},"type":"binary-expr","locations":[{"start":{"line":35,"column":27},"end":{"line":35,"column":43}},{"start":{"line":35,"column":43},"end":{"line":35,"column":null}}],"line":35},"1":{"loc":{"start":{"line":36,"column":28},"end":{"line":36,"column":null}},"type":"binary-expr","locations":[{"start":{"line":36,"column":28},"end":{"line":36,"column":45}},{"start":{"line":36,"column":45},"end":{"line":36,"column":null}}],"line":36},"2":{"loc":{"start":{"line":37,"column":8},"end":{"line":39,"column":null}},"type":"if","locations":[{"start":{"line":37,"column":8},"end":{"line":39,"column":null}},{"start":{},"end":{}}],"line":37},"3":{"loc":{"start":{"line":68,"column":10},"end":{"line":72,"column":null}},"type":"if","locations":[{"start":{"line":68,"column":10},"end":{"line":72,"column":null}},{"start":{"line":70,"column":17},"end":{"line":72,"column":null}}],"line":68},"4":{"loc":{"start":{"line":91,"column":28},"end":{"line":93,"column":null}},"type":"cond-expr","locations":[{"start":{"line":92,"column":6},"end":{"line":92,"column":null}},{"start":{"line":93,"column":6},"end":{"line":93,"column":null}}],"line":91},"5":{"loc":{"start":{"line":95,"column":27},"end":{"line":97,"column":null}},"type":"cond-expr","locations":[{"start":{"line":96,"column":6},"end":{"line":96,"column":null}},{"start":{"line":97,"column":6},"end":{"line":97,"column":null}}],"line":95},"6":{"loc":{"start":{"line":99,"column":23},"end":{"line":99,"column":null}},"type":"binary-expr","locations":[{"start":{"line":99,"column":23},"end":{"line":99,"column":57}},{"start":{"line":99,"column":57},"end":{"line":99,"column":null}}],"line":99},"7":{"loc":{"start":{"line":100,"column":22},"end":{"line":100,"column":null}},"type":"binary-expr","locations":[{"start":{"line":100,"column":22},"end":{"line":100,"column":55}},{"start":{"line":100,"column":55},"end":{"line":100,"column":null}}],"line":100},"8":{"loc":{"start":{"line":104,"column":6},"end":{"line":108,"column":null}},"type":"if","locations":[{"start":{"line":104,"column":6},"end":{"line":108,"column":null}},{"start":{"line":106,"column":13},"end":{"line":108,"column":null}}],"line":104},"9":{"loc":{"start":{"line":115,"column":34},"end":{"line":115,"column":62}},"type":"cond-expr","locations":[{"start":{"line":115,"column":47},"end":{"line":115,"column":60}},{"start":{"line":115,"column":60},"end":{"line":115,"column":62}}],"line":115},"10":{"loc":{"start":{"line":116,"column":11},"end":{"line":124,"column":null}},"type":"binary-expr","locations":[{"start":{"line":116,"column":11},"end":{"line":116,"column":null}},{"start":{"line":117,"column":12},"end":{"line":124,"column":null}}],"line":116},"11":{"loc":{"start":{"line":129,"column":33},"end":{"line":131,"column":30}},"type":"cond-expr","locations":[{"start":{"line":130,"column":14},"end":{"line":130,"column":null}},{"start":{"line":131,"column":14},"end":{"line":131,"column":30}}],"line":129},"12":{"loc":{"start":{"line":137,"column":12},"end":{"line":137,"column":66}},"type":"cond-expr","locations":[{"start":{"line":137,"column":50},"end":{"line":137,"column":64}},{"start":{"line":137,"column":64},"end":{"line":137,"column":66}}],"line":137},"13":{"loc":{"start":{"line":163,"column":22},"end":{"line":165,"column":null}},"type":"cond-expr","locations":[{"start":{"line":164,"column":6},"end":{"line":164,"column":null}},{"start":{"line":165,"column":6},"end":{"line":165,"column":null}}],"line":163},"14":{"loc":{"start":{"line":167,"column":22},"end":{"line":167,"column":null}},"type":"binary-expr","locations":[{"start":{"line":167,"column":22},"end":{"line":167,"column":57}},{"start":{"line":167,"column":57},"end":{"line":167,"column":null}}],"line":167},"15":{"loc":{"start":{"line":172,"column":29},"end":{"line":173,"column":43}},"type":"cond-expr","locations":[{"start":{"line":173,"column":27},"end":{"line":173,"column":41}},{"start":{"line":173,"column":41},"end":{"line":173,"column":43}}],"line":172},"16":{"loc":{"start":{"line":174,"column":9},"end":{"line":182,"column":null}},"type":"binary-expr","locations":[{"start":{"line":174,"column":9},"end":{"line":174,"column":null}},{"start":{"line":175,"column":10},"end":{"line":182,"column":null}}],"line":174},"17":{"loc":{"start":{"line":199,"column":6},"end":{"line":217,"column":null}},"type":"if","locations":[{"start":{"line":199,"column":6},"end":{"line":217,"column":null}},{"start":{"line":208,"column":13},"end":{"line":217,"column":null}}],"line":199},"18":{"loc":{"start":{"line":200,"column":8},"end":{"line":204,"column":null}},"type":"if","locations":[{"start":{"line":200,"column":8},"end":{"line":204,"column":null}},{"start":{"line":202,"column":15},"end":{"line":204,"column":null}}],"line":200},"19":{"loc":{"start":{"line":210,"column":8},"end":{"line":216,"column":null}},"type":"if","locations":[{"start":{"line":210,"column":8},"end":{"line":216,"column":null}},{"start":{"line":213,"column":15},"end":{"line":216,"column":null}}],"line":210},"20":{"loc":{"start":{"line":231,"column":4},"end":{"line":250,"column":null}},"type":"if","locations":[{"start":{"line":231,"column":4},"end":{"line":250,"column":null}},{"start":{},"end":{}}],"line":231},"21":{"loc":{"start":{"line":231,"column":8},"end":{"line":231,"column":53}},"type":"binary-expr","locations":[{"start":{"line":231,"column":8},"end":{"line":231,"column":33}},{"start":{"line":231,"column":33},"end":{"line":231,"column":53}}],"line":231},"22":{"loc":{"start":{"line":233,"column":6},"end":{"line":236,"column":null}},"type":"if","locations":[{"start":{"line":233,"column":6},"end":{"line":236,"column":null}},{"start":{},"end":{}}],"line":233},"23":{"loc":{"start":{"line":259,"column":6},"end":{"line":261,"column":null}},"type":"if","locations":[{"start":{"line":259,"column":6},"end":{"line":261,"column":null}},{"start":{},"end":{}}],"line":259}},"s":{"0":11,"1":21,"2":21,"3":21,"4":21,"5":84,"6":356,"7":356,"8":356,"9":63,"10":21,"11":21,"12":2,"13":46,"14":364,"15":88,"16":276,"17":1,"18":1,"19":132,"20":132,"21":132,"22":132,"23":132,"24":392,"25":44,"26":348,"27":132,"28":1,"29":1,"30":16,"31":2,"32":2,"33":624,"34":624,"35":624,"36":1,"37":1,"38":17,"39":17,"40":17,"41":17,"42":12,"43":1,"44":11,"45":5,"46":3,"47":2,"48":2,"49":17,"50":20,"51":20,"52":11,"53":4,"54":4,"55":1,"56":3,"57":3,"58":3,"59":6,"60":33,"61":6,"62":28,"63":3,"64":28,"65":6,"66":4},"f":{"0":21,"1":84,"2":356,"3":2,"4":46,"5":364,"6":1,"7":1,"8":132,"9":392,"10":1,"11":1,"12":16,"13":2,"14":2,"15":624,"16":1,"17":1,"18":17,"19":17,"20":20,"21":20,"22":11,"23":3,"24":6,"25":33,"26":28},"b":{"0":[356,272],"1":[356,335],"2":[63,293],"3":[88,276],"4":[45,87],"5":[43,89],"6":[132,87],"7":[132,89],"8":[44,348],"9":[45,87],"10":[132,44],"11":[45,87],"12":[16,116],"13":[135,489],"14":[624,489],"15":[1,623],"16":[624,226],"17":[12,5],"18":[1,11],"19":[3,2],"20":[4,7],"21":[11,8],"22":[1,3],"23":[3,25]},"meta":{"lastBranch":24,"lastFunction":27,"lastStatement":67,"seen":{"s:230:19:251:Infinity":0,"f:27:2:27:14":0,"s:28:4:28:Infinity":1,"s:29:21:29:Infinity":2,"s:30:20:30:Infinity":3,"s:33:22:41:Infinity":4,"f:33:22:33:23":1,"s:34:6:40:Infinity":5,"f:34:20:34:21":2,"s:35:8:35:Infinity":6,"b:35:27:35:43:35:43:35:Infinity":0,"s:36:8:36:Infinity":7,"b:36:28:36:45:36:45:36:Infinity":1,"b:37:8:39:Infinity:undefined:undefined:undefined:undefined":2,"s:37:8:39:Infinity":8,"s:38:10:38:Infinity":9,"s:43:4:43:Infinity":10,"s:44:4:49:Infinity":11,"f:56:2:56:8":3,"s:57:4:57:Infinity":12,"f:64:2:64:11":4,"s:65:4:75:Infinity":13,"f:67:33:67:34":5,"b:68:10:72:Infinity:70:17:72:Infinity":3,"s:68:10:72:Infinity":14,"s:69:12:69:Infinity":15,"s:71:12:71:Infinity":16,"f:80:2:80:17":6,"s:82:4:87:Infinity":17,"f:82:18:82:19":7,"s:82:34:87:6":18,"f:90:2:90:15":8,"s:91:28:93:Infinity":19,"b:92:6:92:Infinity:93:6:93:Infinity":4,"s:95:27:97:Infinity":20,"b:96:6:96:Infinity:97:6:97:Infinity":5,"s:99:23:99:Infinity":21,"b:99:23:99:57:99:57:99:Infinity":6,"s:100:22:100:Infinity":22,"b:100:22:100:55:100:55:100:Infinity":7,"s:102:21:110:Infinity":23,"f:102:41:102:42":9,"b:104:6:108:Infinity:106:13:108:Infinity":8,"s:104:6:108:Infinity":24,"s:105:8:105:Infinity":25,"s:107:8:107:Infinity":26,"s:112:4:146:Infinity":27,"b:115:47:115:60:115:60:115:62":9,"b:116:11:116:Infinity:117:12:124:Infinity":10,"f:122:26:122:32":10,"s:122:32:122:Infinity":28,"b:130:14:130:Infinity:131:14:131:30":11,"f:132:23:132:29":11,"s:132:29:132:Infinity":29,"b:137:50:137:64:137:64:137:66":12,"f:138:21:138:22":12,"s:138:28:138:Infinity":30,"f:151:2:151:17":13,"s:153:4:158:Infinity":31,"f:153:18:153:19":14,"s:153:34:158:6":32,"f:161:2:161:13":15,"s:163:22:165:Infinity":33,"b:164:6:164:Infinity:165:6:165:Infinity":13,"s:167:22:167:Infinity":34,"b:167:22:167:57:167:57:167:Infinity":14,"s:169:4:189:Infinity":35,"b:173:27:173:41:173:41:173:43":15,"b:174:9:174:Infinity:175:10:182:Infinity":16,"f:180:24:180:30":16,"s:180:30:180:Infinity":36,"f:185:21:185:22":17,"s:185:28:185:Infinity":37,"f:194:2:194:14":18,"s:195:4:195:Infinity":38,"s:197:4:219:Infinity":39,"f:197:18:197:19":19,"s:198:24:198:Infinity":40,"b:199:6:217:Infinity:208:13:217:Infinity":17,"s:199:6:217:Infinity":41,"b:200:8:204:Infinity:202:15:204:Infinity":18,"s:200:8:204:Infinity":42,"s:201:10:201:Infinity":43,"s:203:10:203:Infinity":44,"b:210:8:216:Infinity:213:15:216:Infinity":19,"s:210:8:216:Infinity":45,"s:211:10:211:Infinity":46,"s:214:10:214:Infinity":47,"s:215:10:215:Infinity":48,"s:218:6:218:Infinity":49,"f:222:2:222:22":20,"s:223:4:223:Infinity":50,"f:226:2:226:25":21,"s:227:4:227:Infinity":51,"f:230:19:230:20":22,"b:231:4:250:Infinity:undefined:undefined:undefined:undefined":20,"s:231:4:250:Infinity":52,"b:231:8:231:33:231:33:231:53":21,"s:232:6:232:Infinity":53,"b:233:6:236:Infinity:undefined:undefined:undefined:undefined":22,"s:233:6:236:Infinity":54,"s:235:8:235:Infinity":55,"s:238:6:249:Infinity":56,"f:238:20:238:21":23,"s:239:25:242:Infinity":57,"s:245:8:248:Infinity":58,"f:253:2:253:20":24,"s:255:26:255:Infinity":59,"f:255:39:255:40":25,"s:255:49:255:74":60,"s:258:21:263:Infinity":61,"f:258:39:258:40":26,"b:259:6:261:Infinity:undefined:undefined:undefined:undefined":23,"s:259:6:261:Infinity":62,"s:260:8:260:Infinity":63,"s:262:6:262:Infinity":64,"s:265:4:265:Infinity":65,"s:269:0:271:Infinity":66}}}
}
