<?xml version="1.0" encoding="UTF-8"?>
<coverage generated="1771527295614" clover="3.2.0">
  <project timestamp="1771527295614" name="All files">
    <metrics statements="48" coveredstatements="42" conditionals="8" coveredconditionals="5" methods="20" coveredmethods="17" elements="76" coveredelements="64" complexity="0" loc="48" ncloc="48" packages="2" files="4" classes="4"/>
    <package name="src">
      <metrics statements="1" coveredstatements="1" conditionals="0" coveredconditionals="0" methods="1" coveredmethods="1"/>
      <file name="App.css" path="/Users/dcharris/UCSC/CSE186/Winter26/Lectures/15/TestedWebSocketBookExample/frontend/src/App.css">
        <metrics statements="0" coveredstatements="0" conditionals="0" coveredconditionals="0" methods="0" coveredmethods="0"/>
      </file>
      <file name="App.jsx" path="/Users/dcharris/UCSC/CSE186/Winter26/Lectures/15/TestedWebSocketBookExample/frontend/src/App.jsx">
        <metrics statements="1" coveredstatements="1" conditionals="0" coveredconditionals="0" methods="1" coveredmethods="1"/>
        <line num="24" count="1" type="stmt"/>
      </file>
    </package>
    <package name="src.view">
      <metrics statements="47" coveredstatements="41" conditionals="8" coveredconditionals="5" methods="19" coveredmethods="16"/>
      <file name="Entry.jsx" path="/Users/dcharris/UCSC/CSE186/Winter26/Lectures/15/TestedWebSocketBookExample/frontend/src/view/Entry.jsx">
        <metrics statements="14" coveredstatements="13" conditionals="2" coveredconditionals="1" methods="5" coveredmethods="5"/>
        <line num="18" count="45" type="stmt"/>
        <line num="20" count="45" type="stmt"/>
        <line num="21" count="44" type="stmt"/>
        <line num="22" count="44" type="stmt"/>
        <line num="23" count="44" type="stmt"/>
        <line num="24" count="44" type="stmt"/>
        <line num="27" count="45" type="stmt"/>
        <line num="28" count="1" type="stmt"/>
        <line num="29" count="1" type="stmt"/>
        <line num="37" count="1" type="cond" truecount="1" falsecount="1"/>
        <line num="38" count="0" type="stmt"/>
        <line num="42" count="1" type="stmt"/>
        <line num="46" count="45" type="stmt"/>
        <line num="49" count="180" type="stmt"/>
      </file>
      <file name="List.jsx" path="/Users/dcharris/UCSC/CSE186/Winter26/Lectures/15/TestedWebSocketBookExample/frontend/src/view/List.jsx">
        <metrics statements="33" coveredstatements="28" conditionals="6" coveredconditionals="4" methods="14" coveredmethods="11"/>
        <line num="18" count="4" type="stmt"/>
        <line num="19" count="4" type="stmt"/>
        <line num="20" count="4" type="stmt"/>
        <line num="22" count="4" type="stmt"/>
        <line num="23" count="1" type="stmt"/>
        <line num="27" count="1" type="cond" truecount="1" falsecount="1"/>
        <line num="28" count="0" type="stmt"/>
        <line num="30" count="1" type="stmt"/>
        <line num="33" count="1" type="stmt"/>
        <line num="34" count="1" type="stmt"/>
        <line num="37" count="0" type="stmt"/>
        <line num="38" count="0" type="stmt"/>
        <line num="42" count="4" type="stmt"/>
        <line num="43" count="1" type="stmt"/>
        <line num="44" count="1" type="stmt"/>
        <line num="45" count="0" type="stmt"/>
        <line num="47" count="1" type="stmt"/>
        <line num="49" count="1" type="stmt"/>
        <line num="51" count="1" type="stmt"/>
        <line num="52" count="1" type="stmt"/>
        <line num="54" count="1" type="stmt"/>
        <line num="55" count="0" type="stmt"/>
        <line num="59" count="4" type="stmt"/>
        <line num="60" count="1" type="stmt"/>
        <line num="61" count="1" type="stmt"/>
        <line num="64" count="4" type="stmt"/>
        <line num="65" count="2" type="cond" truecount="2" falsecount="0"/>
        <line num="66" count="1" type="stmt"/>
        <line num="67" count="1" type="stmt"/>
        <line num="68" count="1" type="stmt"/>
        <line num="72" count="4" type="stmt"/>
        <line num="83" count="1" type="cond" truecount="1" falsecount="1"/>
        <line num="84" count="4" type="stmt"/>
      </file>
    </package>
  </project>
</coverage>
