{"/Users/dcharris/UCSC/CSE186/Winter26/Lectures/15/TestedWebSocketBookExample/frontend/src/App.css": {"path":"/Users/dcharris/UCSC/CSE186/Winter26/Lectures/15/TestedWebSocketBookExample/frontend/src/App.css","statementMap":{},"fnMap":{},"branchMap":{},"s":{},"f":{},"b":{},"meta":{"lastBranch":0,"lastFunction":0,"lastStatement":0,"seen":{}}}
,"/Users/dcharris/UCSC/CSE186/Winter26/Lectures/15/TestedWebSocketBookExample/frontend/src/App.jsx": {"path":"/Users/dcharris/UCSC/CSE186/Winter26/Lectures/15/TestedWebSocketBookExample/frontend/src/App.jsx","statementMap":{"0":{"start":{"line":24,"column":2},"end":{"line":30,"column":null}}},"fnMap":{"0":{"name":"App","decl":{"start":{"line":23,"column":9},"end":{"line":23,"column":15}},"loc":{"start":{"line":23,"column":15},"end":{"line":32,"column":null}},"line":23}},"branchMap":{},"s":{"0":1},"f":{"0":1},"b":{},"meta":{"lastBranch":0,"lastFunction":1,"lastStatement":1,"seen":{"f:23:9:23:15":0,"s:24:2:30:Infinity":0}}}
,"/Users/dcharris/UCSC/CSE186/Winter26/Lectures/15/TestedWebSocketBookExample/frontend/src/view/Entry.jsx": {"path":"/Users/dcharris/UCSC/CSE186/Winter26/Lectures/15/TestedWebSocketBookExample/frontend/src/view/Entry.jsx","statementMap":{"0":{"start":{"line":18,"column":26},"end":{"line":18,"column":null}},"1":{"start":{"line":20,"column":28},"end":{"line":25,"column":null}},"2":{"start":{"line":21,"column":26},"end":{"line":21,"column":null}},"3":{"start":{"line":22,"column":14},"end":{"line":22,"column":null}},"4":{"start":{"line":23,"column":4},"end":{"line":23,"column":null}},"5":{"start":{"line":24,"column":4},"end":{"line":24,"column":null}},"6":{"start":{"line":27,"column":19},"end":{"line":44,"column":null}},"7":{"start":{"line":28,"column":4},"end":{"line":28,"column":null}},"8":{"start":{"line":29,"column":4},"end":{"line":43,"column":null}},"9":{"start":{"line":37,"column":10},"end":{"line":39,"column":null}},"10":{"start":{"line":38,"column":12},"end":{"line":38,"column":null}},"11":{"start":{"line":42,"column":10},"end":{"line":42,"column":null}},"12":{"start":{"line":46,"column":2},"end":{"line":58,"column":null}},"13":{"start":{"line":49,"column":8},"end":{"line":55,"column":null}}},"fnMap":{"0":{"name":"Entry","decl":{"start":{"line":17,"column":9},"end":{"line":17,"column":17}},"loc":{"start":{"line":17,"column":17},"end":{"line":60,"column":null}},"line":17},"1":{"name":"(anonymous_1)","decl":{"start":{"line":20,"column":28},"end":{"line":20,"column":29}},"loc":{"start":{"line":20,"column":39},"end":{"line":25,"column":null}},"line":20},"2":{"name":"(anonymous_2)","decl":{"start":{"line":27,"column":19},"end":{"line":27,"column":20}},"loc":{"start":{"line":27,"column":30},"end":{"line":44,"column":null}},"line":27},"3":{"name":"(anonymous_3)","decl":{"start":{"line":36,"column":14},"end":{"line":36,"column":15}},"loc":{"start":{"line":36,"column":23},"end":{"line":43,"column":9}},"line":36},"4":{"name":"(anonymous_4)","decl":{"start":{"line":48,"column":52},"end":{"line":48,"column":53}},"loc":{"start":{"line":49,"column":8},"end":{"line":55,"column":null}},"line":49}},"branchMap":{"0":{"loc":{"start":{"line":37,"column":10},"end":{"line":39,"column":null}},"type":"if","locations":[{"start":{"line":37,"column":10},"end":{"line":39,"column":null}},{"start":{},"end":{}}],"line":37}},"s":{"0":45,"1":45,"2":44,"3":44,"4":44,"5":44,"6":45,"7":1,"8":1,"9":1,"10":0,"11":1,"12":45,"13":180},"f":{"0":45,"1":44,"2":1,"3":1,"4":180},"b":{"0":[0,1]},"meta":{"lastBranch":1,"lastFunction":5,"lastStatement":14,"seen":{"f:17:9:17:17":0,"s:18:26:18:Infinity":0,"s:20:28:25:Infinity":1,"f:20:28:20:29":1,"s:21:26:21:Infinity":2,"s:22:14:22:Infinity":3,"s:23:4:23:Infinity":4,"s:24:4:24:Infinity":5,"s:27:19:44:Infinity":6,"f:27:19:27:20":2,"s:28:4:28:Infinity":7,"s:29:4:43:Infinity":8,"f:36:14:36:15":3,"b:37:10:39:Infinity:undefined:undefined:undefined:undefined":0,"s:37:10:39:Infinity":9,"s:38:12:38:Infinity":10,"s:42:10:42:Infinity":11,"s:46:2:58:Infinity":12,"f:48:52:48:53":4,"s:49:8:55:Infinity":13}}}
,"/Users/dcharris/UCSC/CSE186/Winter26/Lectures/15/TestedWebSocketBookExample/frontend/src/view/List.jsx": {"path":"/Users/dcharris/UCSC/CSE186/Winter26/Lectures/15/TestedWebSocketBookExample/frontend/src/view/List.jsx","statementMap":{"0":{"start":{"line":18,"column":28},"end":{"line":18,"column":null}},"1":{"start":{"line":19,"column":32},"end":{"line":19,"column":null}},"2":{"start":{"line":20,"column":28},"end":{"line":20,"column":null}},"3":{"start":{"line":22,"column":21},"end":{"line":40,"column":null}},"4":{"start":{"line":23,"column":4},"end":{"line":39,"column":null}},"5":{"start":{"line":27,"column":10},"end":{"line":29,"column":null}},"6":{"start":{"line":28,"column":12},"end":{"line":28,"column":null}},"7":{"start":{"line":30,"column":10},"end":{"line":30,"column":null}},"8":{"start":{"line":33,"column":10},"end":{"line":33,"column":null}},"9":{"start":{"line":34,"column":10},"end":{"line":34,"column":null}},"10":{"start":{"line":37,"column":10},"end":{"line":37,"column":null}},"11":{"start":{"line":38,"column":10},"end":{"line":38,"column":null}},"12":{"start":{"line":42,"column":24},"end":{"line":57,"column":null}},"13":{"start":{"line":43,"column":15},"end":{"line":43,"column":null}},"14":{"start":{"line":44,"column":4},"end":{"line":46,"column":null}},"15":{"start":{"line":45,"column":6},"end":{"line":45,"column":null}},"16":{"start":{"line":47,"column":4},"end":{"line":50,"column":null}},"17":{"start":{"line":49,"column":6},"end":{"line":49,"column":null}},"18":{"start":{"line":51,"column":4},"end":{"line":53,"column":null}},"19":{"start":{"line":52,"column":6},"end":{"line":52,"column":null}},"20":{"start":{"line":54,"column":4},"end":{"line":56,"column":null}},"21":{"start":{"line":55,"column":6},"end":{"line":55,"column":null}},"22":{"start":{"line":59,"column":2},"end":{"line":62,"column":null}},"23":{"start":{"line":60,"column":4},"end":{"line":60,"column":null}},"24":{"start":{"line":61,"column":4},"end":{"line":61,"column":null}},"25":{"start":{"line":64,"column":2},"end":{"line":70,"column":null}},"26":{"start":{"line":65,"column":4},"end":{"line":69,"column":null}},"27":{"start":{"line":66,"column":23},"end":{"line":66,"column":null}},"28":{"start":{"line":67,"column":6},"end":{"line":67,"column":null}},"29":{"start":{"line":68,"column":6},"end":{"line":68,"column":null}},"30":{"start":{"line":72,"column":2},"end":{"line":95,"column":null}},"31":{"start":{"line":83,"column":31},"end":{"line":83,"column":58}},"32":{"start":{"line":84,"column":10},"end":{"line":89,"column":null}}},"fnMap":{"0":{"name":"List","decl":{"start":{"line":17,"column":9},"end":{"line":17,"column":16}},"loc":{"start":{"line":17,"column":16},"end":{"line":97,"column":null}},"line":17},"1":{"name":"(anonymous_1)","decl":{"start":{"line":22,"column":21},"end":{"line":22,"column":27}},"loc":{"start":{"line":22,"column":27},"end":{"line":40,"column":null}},"line":22},"2":{"name":"(anonymous_2)","decl":{"start":{"line":26,"column":14},"end":{"line":26,"column":15}},"loc":{"start":{"line":26,"column":28},"end":{"line":31,"column":9}},"line":26},"3":{"name":"(anonymous_3)","decl":{"start":{"line":32,"column":14},"end":{"line":32,"column":15}},"loc":{"start":{"line":32,"column":24},"end":{"line":35,"column":9}},"line":32},"4":{"name":"(anonymous_4)","decl":{"start":{"line":36,"column":15},"end":{"line":36,"column":16}},"loc":{"start":{"line":36,"column":26},"end":{"line":39,"column":9}},"line":36},"5":{"name":"(anonymous_5)","decl":{"start":{"line":42,"column":24},"end":{"line":42,"column":30}},"loc":{"start":{"line":42,"column":30},"end":{"line":57,"column":null}},"line":42},"6":{"name":"(anonymous_6)","decl":{"start":{"line":44,"column":17},"end":{"line":44,"column":18}},"loc":{"start":{"line":44,"column":28},"end":{"line":46,"column":null}},"line":44},"7":{"name":"(anonymous_7)","decl":{"start":{"line":47,"column":19},"end":{"line":47,"column":20}},"loc":{"start":{"line":47,"column":32},"end":{"line":50,"column":null}},"line":47},"8":{"name":"(anonymous_8)","decl":{"start":{"line":51,"column":17},"end":{"line":51,"column":23}},"loc":{"start":{"line":51,"column":23},"end":{"line":53,"column":null}},"line":51},"9":{"name":"(anonymous_9)","decl":{"start":{"line":54,"column":11},"end":{"line":54,"column":17}},"loc":{"start":{"line":54,"column":17},"end":{"line":56,"column":null}},"line":54},"10":{"name":"(anonymous_10)","decl":{"start":{"line":59,"column":18},"end":{"line":59,"column":24}},"loc":{"start":{"line":59,"column":24},"end":{"line":62,"column":5}},"line":59},"11":{"name":"(anonymous_11)","decl":{"start":{"line":64,"column":18},"end":{"line":64,"column":24}},"loc":{"start":{"line":64,"column":24},"end":{"line":70,"column":5}},"line":64},"12":{"name":"(anonymous_12)","decl":{"start":{"line":83,"column":20},"end":{"line":83,"column":21}},"loc":{"start":{"line":83,"column":31},"end":{"line":83,"column":58}},"line":83},"13":{"name":"(anonymous_13)","decl":{"start":{"line":83,"column":64},"end":{"line":83,"column":65}},"loc":{"start":{"line":84,"column":10},"end":{"line":89,"column":null}},"line":84}},"branchMap":{"0":{"loc":{"start":{"line":27,"column":10},"end":{"line":29,"column":null}},"type":"if","locations":[{"start":{"line":27,"column":10},"end":{"line":29,"column":null}},{"start":{},"end":{}}],"line":27},"1":{"loc":{"start":{"line":65,"column":4},"end":{"line":69,"column":null}},"type":"if","locations":[{"start":{"line":65,"column":4},"end":{"line":69,"column":null}},{"start":{},"end":{}}],"line":65},"2":{"loc":{"start":{"line":83,"column":31},"end":{"line":83,"column":58}},"type":"cond-expr","locations":[{"start":{"line":83,"column":52},"end":{"line":83,"column":56}},{"start":{"line":83,"column":56},"end":{"line":83,"column":58}}],"line":83}},"s":{"0":4,"1":4,"2":4,"3":4,"4":1,"5":1,"6":0,"7":1,"8":1,"9":1,"10":0,"11":0,"12":4,"13":1,"14":1,"15":0,"16":1,"17":1,"18":1,"19":1,"20":1,"21":0,"22":4,"23":1,"24":1,"25":4,"26":2,"27":1,"28":1,"29":1,"30":4,"31":1,"32":4},"f":{"0":4,"1":1,"2":1,"3":1,"4":0,"5":1,"6":0,"7":1,"8":1,"9":0,"10":1,"11":2,"12":1,"13":4},"b":{"0":[0,1],"1":[1,1],"2":[0,1]},"meta":{"lastBranch":3,"lastFunction":14,"lastStatement":33,"seen":{"f:17:9:17:16":0,"s:18:28:18:Infinity":0,"s:19:32:19:Infinity":1,"s:20:28:20:Infinity":2,"s:22:21:40:Infinity":3,"f:22:21:22:27":1,"s:23:4:39:Infinity":4,"f:26:14:26:15":2,"b:27:10:29:Infinity:undefined:undefined:undefined:undefined":0,"s:27:10:29:Infinity":5,"s:28:12:28:Infinity":6,"s:30:10:30:Infinity":7,"f:32:14:32:15":3,"s:33:10:33:Infinity":8,"s:34:10:34:Infinity":9,"f:36:15:36:16":4,"s:37:10:37:Infinity":10,"s:38:10:38:Infinity":11,"s:42:24:57:Infinity":12,"f:42:24:42:30":5,"s:43:15:43:Infinity":13,"s:44:4:46:Infinity":14,"f:44:17:44:18":6,"s:45:6:45:Infinity":15,"s:47:4:50:Infinity":16,"f:47:19:47:20":7,"s:49:6:49:Infinity":17,"s:51:4:53:Infinity":18,"f:51:17:51:23":8,"s:52:6:52:Infinity":19,"s:54:4:56:Infinity":20,"f:54:11:54:17":9,"s:55:6:55:Infinity":21,"s:59:2:62:Infinity":22,"f:59:18:59:24":10,"s:60:4:60:Infinity":23,"s:61:4:61:Infinity":24,"s:64:2:70:Infinity":25,"f:64:18:64:24":11,"b:65:4:69:Infinity:undefined:undefined:undefined:undefined":1,"s:65:4:69:Infinity":26,"s:66:23:66:Infinity":27,"s:67:6:67:Infinity":28,"s:68:6:68:Infinity":29,"s:72:2:95:Infinity":30,"f:83:20:83:21":12,"s:83:31:83:58":31,"b:83:52:83:56:83:56:83:58":2,"f:83:64:83:65":13,"s:84:10:89:Infinity":32}}}
}
