<?xml version="1.0" encoding="UTF-8"?>
<coverage generated="1770404062577" clover="3.2.0">
  <project timestamp="1770404062577" name="All files">
    <metrics statements="87" coveredstatements="87" conditionals="30" coveredconditionals="30" methods="32" coveredmethods="32" elements="149" coveredelements="149" complexity="0" loc="87" ncloc="87" packages="3" files="9" classes="9"/>
    <package name="src">
      <metrics statements="11" coveredstatements="11" conditionals="7" coveredconditionals="7" methods="1" coveredmethods="1"/>
      <file name="App.jsx" path="C:\CSE-186\Assignment4\src\App.jsx">
        <metrics statements="11" coveredstatements="11" conditionals="7" coveredconditionals="7" methods="1" coveredmethods="1"/>
        <line num="30" count="3" type="stmt"/>
        <line num="31" count="3" type="stmt"/>
        <line num="32" count="3" type="stmt"/>
        <line num="34" count="3" type="stmt"/>
        <line num="50" count="58" type="stmt"/>
        <line num="52" count="58" type="stmt"/>
        <line num="53" count="58" type="stmt"/>
        <line num="54" count="58" type="stmt"/>
        <line num="57" count="58" type="stmt"/>
        <line num="59" count="58" type="stmt"/>
        <line num="132" count="3" type="stmt"/>
      </file>
    </package>
    <package name="src.model">
      <metrics statements="26" coveredstatements="26" conditionals="0" coveredconditionals="0" methods="14" coveredmethods="14"/>
      <file name="loader.js" path="C:\CSE-186\Assignment4\src\model\loader.js">
        <metrics statements="26" coveredstatements="26" conditionals="0" coveredconditionals="0" methods="14" coveredmethods="14"/>
        <line num="25" count="14" type="stmt"/>
        <line num="32" count="2" type="stmt"/>
        <line num="33" count="2" type="stmt"/>
        <line num="34" count="2" type="stmt"/>
        <line num="35" count="2" type="stmt"/>
        <line num="42" count="2" type="stmt"/>
        <line num="43" count="2" type="stmt"/>
        <line num="44" count="2" type="stmt"/>
        <line num="45" count="2" type="stmt"/>
        <line num="52" count="4" type="stmt"/>
        <line num="53" count="4" type="stmt"/>
        <line num="54" count="4" type="stmt"/>
        <line num="61" count="4" type="stmt"/>
        <line num="62" count="4" type="stmt"/>
        <line num="63" count="4" type="stmt"/>
        <line num="64" count="4" type="stmt"/>
        <line num="71" count="2" type="stmt"/>
        <line num="72" count="2" type="stmt"/>
        <line num="73" count="2" type="stmt"/>
        <line num="80" count="2" type="stmt"/>
        <line num="159" count="2" type="stmt"/>
        <line num="219" count="2" type="stmt"/>
        <line num="229" count="2" type="stmt"/>
        <line num="239" count="6" type="stmt"/>
        <line num="248" count="6" type="stmt"/>
        <line num="256" count="4" type="stmt"/>
      </file>
      <file name="mail.json" path="C:\CSE-186\Assignment4\src\model\mail.json">
        <metrics statements="0" coveredstatements="0" conditionals="0" coveredconditionals="0" methods="0" coveredmethods="0"/>
      </file>
    </package>
    <package name="src.view">
      <metrics statements="50" coveredstatements="50" conditionals="23" coveredconditionals="23" methods="17" coveredmethods="17"/>
      <file name="Drawer.css" path="C:\CSE-186\Assignment4\src\view\Drawer.css">
        <metrics statements="0" coveredstatements="0" conditionals="0" coveredconditionals="0" methods="0" coveredmethods="0"/>
      </file>
      <file name="Email.jsx" path="C:\CSE-186\Assignment4\src\view\Email.jsx">
        <metrics statements="6" coveredstatements="6" conditionals="2" coveredconditionals="2" methods="2" coveredmethods="2"/>
        <line num="9" count="58" type="stmt"/>
        <line num="11" count="58" type="cond" truecount="2" falsecount="0"/>
        <line num="12" count="50" type="stmt"/>
        <line num="15" count="8" type="stmt"/>
        <line num="51" count="8" type="stmt"/>
        <line num="52" count="8" type="stmt"/>
      </file>
      <file name="Header.jsx" path="C:\CSE-186\Assignment4\src\view\Header.jsx">
        <metrics statements="8" coveredstatements="8" conditionals="4" coveredconditionals="4" methods="5" coveredmethods="5"/>
        <line num="27" count="58" type="stmt"/>
        <line num="28" count="58" type="stmt"/>
        <line num="29" count="58" type="stmt"/>
        <line num="33" count="58" type="stmt"/>
        <line num="39" count="58" type="stmt"/>
        <line num="50" count="6" type="stmt"/>
        <line num="78" count="1" type="stmt"/>
        <line num="79" count="1" type="stmt"/>
      </file>
      <file name="Mail.css" path="C:\CSE-186\Assignment4\src\view\Mail.css">
        <metrics statements="0" coveredstatements="0" conditionals="0" coveredconditionals="0" methods="0" coveredmethods="0"/>
      </file>
      <file name="MailList.jsx" path="C:\CSE-186\Assignment4\src\view\MailList.jsx">
        <metrics statements="27" coveredstatements="27" conditionals="17" coveredconditionals="17" methods="6" coveredmethods="6"/>
        <line num="28" count="58" type="stmt"/>
        <line num="29" count="58" type="stmt"/>
        <line num="30" count="58" type="stmt"/>
        <line num="32" count="58" type="cond" truecount="2" falsecount="0"/>
        <line num="35" count="58" type="cond" truecount="2" falsecount="0"/>
        <line num="36" count="74" type="stmt"/>
        <line num="38" count="1839" type="stmt"/>
        <line num="40" count="58" type="stmt"/>
        <line num="55" count="455" type="stmt"/>
        <line num="60" count="8" type="stmt"/>
        <line num="61" count="8" type="stmt"/>
        <line num="87" count="3" type="stmt"/>
        <line num="97" count="455" type="stmt"/>
        <line num="98" count="455" type="stmt"/>
        <line num="101" count="455" type="cond" truecount="3" falsecount="0"/>
        <line num="105" count="455" type="stmt"/>
        <line num="106" count="455" type="stmt"/>
        <line num="108" count="455" type="cond" truecount="3" falsecount="0"/>
        <line num="112" count="455" type="stmt"/>
        <line num="113" count="455" type="stmt"/>
        <line num="115" count="455" type="cond" truecount="2" falsecount="0"/>
        <line num="117" count="4" type="stmt"/>
        <line num="120" count="451" type="cond" truecount="2" falsecount="0"/>
        <line num="121" count="4" type="stmt"/>
        <line num="122" count="447" type="cond" truecount="2" falsecount="0"/>
        <line num="124" count="93" type="stmt"/>
        <line num="129" count="354" type="stmt"/>
      </file>
      <file name="SideBar.jsx" path="C:\CSE-186\Assignment4\src\view\SideBar.jsx">
        <metrics statements="9" coveredstatements="9" conditionals="0" coveredconditionals="0" methods="4" coveredmethods="4"/>
        <line num="28" count="58" type="stmt"/>
        <line num="29" count="58" type="stmt"/>
        <line num="32" count="58" type="stmt"/>
        <line num="39" count="58" type="stmt"/>
        <line num="45" count="174" type="stmt"/>
        <line num="50" count="8" type="stmt"/>
        <line num="51" count="8" type="stmt"/>
        <line num="66" count="58" type="stmt"/>
        <line num="73" count="1" type="stmt"/>
      </file>
    </package>
  </project>
</coverage>
