{"C:\\CSE-186\\Assignment4\\src\\App.jsx": {"path":"C:\\CSE-186\\Assignment4\\src\\App.jsx","statementMap":{"0":{"start":{"line":30,"column":13},"end":{"line":30,"column":null}},"1":{"start":{"line":31,"column":13},"end":{"line":31,"column":null}},"2":{"start":{"line":32,"column":13},"end":{"line":32,"column":null}},"3":{"start":{"line":34,"column":20},"end":{"line":34,"column":null}},"4":{"start":{"line":50,"column":22},"end":{"line":50,"column":null}},"5":{"start":{"line":52,"column":28},"end":{"line":52,"column":null}},"6":{"start":{"line":53,"column":24},"end":{"line":53,"column":null}},"7":{"start":{"line":54,"column":34},"end":{"line":54,"column":null}},"8":{"start":{"line":57,"column":34},"end":{"line":57,"column":null}},"9":{"start":{"line":59,"column":2},"end":{"line":128,"column":null}},"10":{"start":{"line":132,"column":0},"end":{"line":134,"column":null}}},"fnMap":{"0":{"name":"App","decl":{"start":{"line":46,"column":9},"end":{"line":46,"column":13}},"loc":{"start":{"line":46,"column":30},"end":{"line":130,"column":null}},"line":46}},"branchMap":{"0":{"loc":{"start":{"line":46,"column":14},"end":{"line":46,"column":27}},"type":"default-arg","locations":[{"start":{"line":46,"column":23},"end":{"line":46,"column":27}}],"line":46},"1":{"loc":{"start":{"line":98,"column":24},"end":{"line":98,"column":null}},"type":"cond-expr","locations":[{"start":{"line":98,"column":37},"end":{"line":98,"column":46}},{"start":{"line":98,"column":46},"end":{"line":98,"column":null}}],"line":98},"2":{"loc":{"start":{"line":115,"column":24},"end":{"line":115,"column":null}},"type":"cond-expr","locations":[{"start":{"line":115,"column":46},"end":{"line":115,"column":56}},{"start":{"line":115,"column":56},"end":{"line":115,"column":null}}],"line":115},"3":{"loc":{"start":{"line":115,"column":24},"end":{"line":115,"column":46}},"type":"binary-expr","locations":[{"start":{"line":115,"column":24},"end":{"line":115,"column":38}},{"start":{"line":115,"column":38},"end":{"line":115,"column":46}}],"line":115}},"s":{"0":3,"1":3,"2":3,"3":3,"4":58,"5":58,"6":58,"7":58,"8":58,"9":58,"10":3},"f":{"0":58},"b":{"0":[58],"1":[8,50],"2":[8,50],"3":[58,50]},"meta":{"lastBranch":4,"lastFunction":1,"lastStatement":11,"seen":{"s:30:13:30:Infinity":0,"s:31:13:31:Infinity":1,"s:32:13:32:Infinity":2,"s:34:20:34:Infinity":3,"f:46:9:46:13":0,"b:46:23:46:27":0,"s:50:22:50:Infinity":4,"s:52:28:52:Infinity":5,"s:53:24:53:Infinity":6,"s:54:34:54:Infinity":7,"s:57:34:57:Infinity":8,"s:59:2:128:Infinity":9,"b:98:37:98:46:98:46:98:Infinity":1,"b:115:46:115:56:115:56:115:Infinity":2,"b:115:24:115:38:115:38:115:46":3,"s:132:0:134:Infinity":10}}}
,"C:\\CSE-186\\Assignment4\\src\\model\\loader.js": {"path":"C:\\CSE-186\\Assignment4\\src\\model\\loader.js","statementMap":{"0":{"start":{"line":25,"column":2},"end":{"line":25,"column":null}},"1":{"start":{"line":32,"column":15},"end":{"line":32,"column":25}},"2":{"start":{"line":33,"column":2},"end":{"line":33,"column":null}},"3":{"start":{"line":34,"column":2},"end":{"line":34,"column":null}},"4":{"start":{"line":35,"column":2},"end":{"line":35,"column":null}},"5":{"start":{"line":42,"column":15},"end":{"line":42,"column":25}},"6":{"start":{"line":43,"column":2},"end":{"line":43,"column":null}},"7":{"start":{"line":44,"column":2},"end":{"line":44,"column":null}},"8":{"start":{"line":45,"column":2},"end":{"line":45,"column":null}},"9":{"start":{"line":52,"column":15},"end":{"line":52,"column":25}},"10":{"start":{"line":53,"column":2},"end":{"line":53,"column":null}},"11":{"start":{"line":54,"column":2},"end":{"line":54,"column":null}},"12":{"start":{"line":61,"column":15},"end":{"line":61,"column":25}},"13":{"start":{"line":62,"column":2},"end":{"line":62,"column":null}},"14":{"start":{"line":63,"column":2},"end":{"line":63,"column":null}},"15":{"start":{"line":64,"column":2},"end":{"line":64,"column":null}},"16":{"start":{"line":71,"column":15},"end":{"line":71,"column":25}},"17":{"start":{"line":72,"column":2},"end":{"line":72,"column":null}},"18":{"start":{"line":73,"column":2},"end":{"line":73,"column":null}},"19":{"start":{"line":80,"column":2},"end":{"line":157,"column":null}},"20":{"start":{"line":80,"column":21},"end":{"line":80,"column":40}},"21":{"start":{"line":159,"column":2},"end":{"line":216,"column":null}},"22":{"start":{"line":159,"column":21},"end":{"line":159,"column":40}},"23":{"start":{"line":219,"column":2},"end":{"line":227,"column":null}},"24":{"start":{"line":219,"column":21},"end":{"line":219,"column":40}},"25":{"start":{"line":229,"column":2},"end":{"line":237,"column":null}},"26":{"start":{"line":229,"column":21},"end":{"line":229,"column":40}},"27":{"start":{"line":239,"column":2},"end":{"line":246,"column":null}},"28":{"start":{"line":239,"column":21},"end":{"line":239,"column":40}},"29":{"start":{"line":248,"column":2},"end":{"line":254,"column":null}},"30":{"start":{"line":248,"column":21},"end":{"line":248,"column":40}},"31":{"start":{"line":256,"column":2},"end":{"line":263,"column":null}},"32":{"start":{"line":256,"column":21},"end":{"line":256,"column":44}}},"fnMap":{"0":{"name":"trimSeconds","decl":{"start":{"line":24,"column":9},"end":{"line":24,"column":20}},"loc":{"start":{"line":24,"column":27},"end":{"line":26,"column":null}},"line":24},"1":{"name":"halfPastSixToday","decl":{"start":{"line":31,"column":9},"end":{"line":31,"column":25}},"loc":{"start":{"line":31,"column":28},"end":{"line":36,"column":null}},"line":31},"2":{"name":"quarterPastFiveToday","decl":{"start":{"line":41,"column":9},"end":{"line":41,"column":29}},"loc":{"start":{"line":41,"column":32},"end":{"line":46,"column":null}},"line":41},"3":{"name":"yesterday","decl":{"start":{"line":51,"column":9},"end":{"line":51,"column":18}},"loc":{"start":{"line":51,"column":21},"end":{"line":55,"column":null}},"line":51},"4":{"name":"lastMonth","decl":{"start":{"line":60,"column":9},"end":{"line":60,"column":18}},"loc":{"start":{"line":60,"column":21},"end":{"line":65,"column":null}},"line":60},"5":{"name":"lastWeek","decl":{"start":{"line":70,"column":9},"end":{"line":70,"column":17}},"loc":{"start":{"line":70,"column":20},"end":{"line":74,"column":null}},"line":70},"6":{"name":"loader","decl":{"start":{"line":79,"column":9},"end":{"line":79,"column":15}},"loc":{"start":{"line":79,"column":18},"end":{"line":264,"column":null}},"line":79},"7":{"name":"(anonymous_7)","decl":{"start":{"line":80,"column":12},"end":{"line":80,"column":13}},"loc":{"start":{"line":80,"column":21},"end":{"line":80,"column":40}},"line":80},"8":{"name":"(anonymous_8)","decl":{"start":{"line":159,"column":12},"end":{"line":159,"column":13}},"loc":{"start":{"line":159,"column":21},"end":{"line":159,"column":40}},"line":159},"9":{"name":"(anonymous_9)","decl":{"start":{"line":219,"column":12},"end":{"line":219,"column":13}},"loc":{"start":{"line":219,"column":21},"end":{"line":219,"column":40}},"line":219},"10":{"name":"(anonymous_10)","decl":{"start":{"line":229,"column":12},"end":{"line":229,"column":13}},"loc":{"start":{"line":229,"column":21},"end":{"line":229,"column":40}},"line":229},"11":{"name":"(anonymous_11)","decl":{"start":{"line":239,"column":12},"end":{"line":239,"column":13}},"loc":{"start":{"line":239,"column":21},"end":{"line":239,"column":40}},"line":239},"12":{"name":"(anonymous_12)","decl":{"start":{"line":248,"column":12},"end":{"line":248,"column":13}},"loc":{"start":{"line":248,"column":21},"end":{"line":248,"column":40}},"line":248},"13":{"name":"(anonymous_13)","decl":{"start":{"line":256,"column":12},"end":{"line":256,"column":13}},"loc":{"start":{"line":256,"column":21},"end":{"line":256,"column":44}},"line":256}},"branchMap":{},"s":{"0":14,"1":2,"2":2,"3":2,"4":2,"5":2,"6":2,"7":2,"8":2,"9":4,"10":4,"11":4,"12":4,"13":4,"14":4,"15":4,"16":2,"17":2,"18":2,"19":2,"20":2,"21":2,"22":2,"23":2,"24":2,"25":2,"26":2,"27":2,"28":6,"29":2,"30":6,"31":2,"32":4},"f":{"0":14,"1":2,"2":2,"3":4,"4":4,"5":2,"6":2,"7":2,"8":2,"9":2,"10":2,"11":6,"12":6,"13":4},"b":{},"meta":{"lastBranch":0,"lastFunction":14,"lastStatement":33,"seen":{"f:24:9:24:20":0,"s:25:2:25:Infinity":0,"f:31:9:31:25":1,"s:32:15:32:25":1,"s:33:2:33:Infinity":2,"s:34:2:34:Infinity":3,"s:35:2:35:Infinity":4,"f:41:9:41:29":2,"s:42:15:42:25":5,"s:43:2:43:Infinity":6,"s:44:2:44:Infinity":7,"s:45:2:45:Infinity":8,"f:51:9:51:18":3,"s:52:15:52:25":9,"s:53:2:53:Infinity":10,"s:54:2:54:Infinity":11,"f:60:9:60:18":4,"s:61:15:61:25":12,"s:62:2:62:Infinity":13,"s:63:2:63:Infinity":14,"s:64:2:64:Infinity":15,"f:70:9:70:17":5,"s:71:15:71:25":16,"s:72:2:72:Infinity":17,"s:73:2:73:Infinity":18,"f:79:9:79:15":6,"s:80:2:157:Infinity":19,"f:80:12:80:13":7,"s:80:21:80:40":20,"s:159:2:216:Infinity":21,"f:159:12:159:13":8,"s:159:21:159:40":22,"s:219:2:227:Infinity":23,"f:219:12:219:13":9,"s:219:21:219:40":24,"s:229:2:237:Infinity":25,"f:229:12:229:13":10,"s:229:21:229:40":26,"s:239:2:246:Infinity":27,"f:239:12:239:13":11,"s:239:21:239:40":28,"s:248:2:254:Infinity":29,"f:248:12:248:13":12,"s:248:21:248:40":30,"s:256:2:263:Infinity":31,"f:256:12:256:13":13,"s:256:21:256:44":32}}}
,"C:\\CSE-186\\Assignment4\\src\\model\\mail.json": {"path":"C:\\CSE-186\\Assignment4\\src\\model\\mail.json","statementMap":{},"fnMap":{},"branchMap":{},"s":{},"f":{},"b":{},"meta":{"lastBranch":0,"lastFunction":0,"lastStatement":0,"seen":{}}}
,"C:\\CSE-186\\Assignment4\\src\\view\\Drawer.css": {"path":"C:\\CSE-186\\Assignment4\\src\\view\\Drawer.css","statementMap":{},"fnMap":{},"branchMap":{},"s":{},"f":{},"b":{},"meta":{"lastBranch":0,"lastFunction":0,"lastStatement":0,"seen":{}}}
,"C:\\CSE-186\\Assignment4\\src\\view\\Email.jsx": {"path":"C:\\CSE-186\\Assignment4\\src\\view\\Email.jsx","statementMap":{"0":{"start":{"line":9,"column":14},"end":{"line":9,"column":null}},"1":{"start":{"line":11,"column":2},"end":{"line":13,"column":null}},"2":{"start":{"line":12,"column":4},"end":{"line":12,"column":null}},"3":{"start":{"line":15,"column":2},"end":{"line":24,"column":null}},"4":{"start":{"line":51,"column":20},"end":{"line":51,"column":null}},"5":{"start":{"line":52,"column":2},"end":{"line":59,"column":null}}},"fnMap":{"0":{"name":"Email","decl":{"start":{"line":8,"column":9},"end":{"line":8,"column":17}},"loc":{"start":{"line":8,"column":17},"end":{"line":26,"column":null}},"line":8},"1":{"name":"formatEmail","decl":{"start":{"line":50,"column":9},"end":{"line":50,"column":21}},"loc":{"start":{"line":50,"column":30},"end":{"line":60,"column":null}},"line":50}},"branchMap":{"0":{"loc":{"start":{"line":11,"column":2},"end":{"line":13,"column":null}},"type":"if","locations":[{"start":{"line":11,"column":2},"end":{"line":13,"column":null}},{"start":{},"end":{}}],"line":11}},"s":{"0":58,"1":58,"2":50,"3":8,"4":8,"5":8},"f":{"0":58,"1":8},"b":{"0":[50,8]},"meta":{"lastBranch":1,"lastFunction":2,"lastStatement":6,"seen":{"f:8:9:8:17":0,"s:9:14:9:Infinity":0,"b:11:2:13:Infinity:undefined:undefined:undefined:undefined":0,"s:11:2:13:Infinity":1,"s:12:4:12:Infinity":2,"s:15:2:24:Infinity":3,"f:50:9:50:21":1,"s:51:20:51:Infinity":4,"s:52:2:59:Infinity":5}}}
,"C:\\CSE-186\\Assignment4\\src\\view\\Header.jsx": {"path":"C:\\CSE-186\\Assignment4\\src\\view\\Header.jsx","statementMap":{"0":{"start":{"line":27,"column":16},"end":{"line":27,"column":null}},"1":{"start":{"line":28,"column":17},"end":{"line":28,"column":null}},"2":{"start":{"line":29,"column":61},"end":{"line":30,"column":null}},"3":{"start":{"line":33,"column":2},"end":{"line":91,"column":null}},"4":{"start":{"line":39,"column":27},"end":{"line":39,"column":null}},"5":{"start":{"line":50,"column":25},"end":{"line":50,"column":null}},"6":{"start":{"line":50,"column":49},"end":{"line":50,"column":54}},"7":{"start":{"line":78,"column":14},"end":{"line":78,"column":null}},"8":{"start":{"line":79,"column":14},"end":{"line":79,"column":null}}},"fnMap":{"0":{"name":"Header","decl":{"start":{"line":24,"column":9},"end":{"line":24,"column":18}},"loc":{"start":{"line":24,"column":18},"end":{"line":93,"column":null}},"line":24},"1":{"name":"(anonymous_1)","decl":{"start":{"line":39,"column":16},"end":{"line":39,"column":17}},"loc":{"start":{"line":39,"column":27},"end":{"line":39,"column":null}},"line":39},"2":{"name":"(anonymous_2)","decl":{"start":{"line":50,"column":19},"end":{"line":50,"column":25}},"loc":{"start":{"line":50,"column":25},"end":{"line":50,"column":null}},"line":50},"3":{"name":"(anonymous_3)","decl":{"start":{"line":50,"column":39},"end":{"line":50,"column":40}},"loc":{"start":{"line":50,"column":49},"end":{"line":50,"column":54}},"line":50},"4":{"name":"(anonymous_4)","decl":{"start":{"line":77,"column":21},"end":{"line":77,"column":27}},"loc":{"start":{"line":77,"column":27},"end":{"line":80,"column":null}},"line":77}},"branchMap":{"0":{"loc":{"start":{"line":49,"column":23},"end":{"line":49,"column":null}},"type":"cond-expr","locations":[{"start":{"line":49,"column":36},"end":{"line":49,"column":55}},{"start":{"line":49,"column":55},"end":{"line":49,"column":null}}],"line":49},"1":{"loc":{"start":{"line":73,"column":9},"end":{"line":87,"column":null}},"type":"binary-expr","locations":[{"start":{"line":73,"column":9},"end":{"line":73,"column":null}},{"start":{"line":74,"column":10},"end":{"line":87,"column":null}}],"line":73}},"s":{"0":58,"1":58,"2":58,"3":58,"4":58,"5":6,"6":6,"7":1,"8":1},"f":{"0":58,"1":58,"2":6,"3":6,"4":1},"b":{"0":[6,52],"1":[58,8]},"meta":{"lastBranch":2,"lastFunction":5,"lastStatement":9,"seen":{"f:24:9:24:18":0,"s:27:16:27:Infinity":0,"s:28:17:28:Infinity":1,"s:29:61:30:Infinity":2,"s:33:2:91:Infinity":3,"f:39:16:39:17":1,"s:39:27:39:Infinity":4,"b:49:36:49:55:49:55:49:Infinity":0,"f:50:19:50:25":2,"s:50:25:50:Infinity":5,"f:50:39:50:40":3,"s:50:49:50:54":6,"b:73:9:73:Infinity:74:10:87:Infinity":1,"f:77:21:77:27":4,"s:78:14:78:Infinity":7,"s:79:14:79:Infinity":8}}}
,"C:\\CSE-186\\Assignment4\\src\\view\\Mail.css": {"path":"C:\\CSE-186\\Assignment4\\src\\view\\Mail.css","statementMap":{},"fnMap":{},"branchMap":{},"s":{},"f":{},"b":{},"meta":{"lastBranch":0,"lastFunction":0,"lastStatement":0,"seen":{}}}
,"C:\\CSE-186\\Assignment4\\src\\view\\MailList.jsx": {"path":"C:\\CSE-186\\Assignment4\\src\\view\\MailList.jsx","statementMap":{"0":{"start":{"line":28,"column":16},"end":{"line":28,"column":null}},"1":{"start":{"line":29,"column":17},"end":{"line":29,"column":null}},"2":{"start":{"line":30,"column":22},"end":{"line":30,"column":null}},"3":{"start":{"line":32,"column":22},"end":{"line":32,"column":null}},"4":{"start":{"line":35,"column":22},"end":{"line":38,"column":null}},"5":{"start":{"line":36,"column":21},"end":{"line":36,"column":41}},"6":{"start":{"line":38,"column":22},"end":{"line":38,"column":65}},"7":{"start":{"line":40,"column":2},"end":{"line":83,"column":null}},"8":{"start":{"line":55,"column":12},"end":{"line":78,"column":null}},"9":{"start":{"line":60,"column":16},"end":{"line":60,"column":null}},"10":{"start":{"line":61,"column":16},"end":{"line":61,"column":null}},"11":{"start":{"line":87,"column":0},"end":{"line":89,"column":null}},"12":{"start":{"line":97,"column":20},"end":{"line":97,"column":null}},"13":{"start":{"line":98,"column":14},"end":{"line":98,"column":null}},"14":{"start":{"line":101,"column":4},"end":{"line":103,"column":null}},"15":{"start":{"line":105,"column":20},"end":{"line":105,"column":null}},"16":{"start":{"line":106,"column":2},"end":{"line":106,"column":null}},"17":{"start":{"line":108,"column":4},"end":{"line":110,"column":null}},"18":{"start":{"line":112,"column":21},"end":{"line":112,"column":null}},"19":{"start":{"line":113,"column":2},"end":{"line":113,"column":null}},"20":{"start":{"line":115,"column":2},"end":{"line":130,"column":null}},"21":{"start":{"line":117,"column":4},"end":{"line":119,"column":null}},"22":{"start":{"line":120,"column":2},"end":{"line":130,"column":null}},"23":{"start":{"line":121,"column":4},"end":{"line":121,"column":null}},"24":{"start":{"line":122,"column":2},"end":{"line":130,"column":null}},"25":{"start":{"line":124,"column":4},"end":{"line":126,"column":null}},"26":{"start":{"line":129,"column":4},"end":{"line":129,"column":null}}},"fnMap":{"0":{"name":"MailList","decl":{"start":{"line":27,"column":9},"end":{"line":27,"column":18}},"loc":{"start":{"line":27,"column":35},"end":{"line":85,"column":null}},"line":27},"1":{"name":"(anonymous_1)","decl":{"start":{"line":36,"column":12},"end":{"line":36,"column":13}},"loc":{"start":{"line":36,"column":21},"end":{"line":36,"column":41}},"line":36},"2":{"name":"(anonymous_2)","decl":{"start":{"line":38,"column":12},"end":{"line":38,"column":13}},"loc":{"start":{"line":38,"column":22},"end":{"line":38,"column":65}},"line":38},"3":{"name":"(anonymous_3)","decl":{"start":{"line":54,"column":27},"end":{"line":54,"column":28}},"loc":{"start":{"line":55,"column":12},"end":{"line":78,"column":null}},"line":55},"4":{"name":"(anonymous_4)","decl":{"start":{"line":58,"column":23},"end":{"line":58,"column":29}},"loc":{"start":{"line":58,"column":29},"end":{"line":62,"column":null}},"line":58},"5":{"name":"formatEmailDate","decl":{"start":{"line":96,"column":9},"end":{"line":96,"column":25}},"loc":{"start":{"line":96,"column":34},"end":{"line":131,"column":null}},"line":96}},"branchMap":{"0":{"loc":{"start":{"line":27,"column":19},"end":{"line":27,"column":32}},"type":"default-arg","locations":[{"start":{"line":27,"column":28},"end":{"line":27,"column":32}}],"line":27},"1":{"loc":{"start":{"line":32,"column":22},"end":{"line":32,"column":null}},"type":"binary-expr","locations":[{"start":{"line":32,"column":22},"end":{"line":32,"column":34}},{"start":{"line":32,"column":34},"end":{"line":32,"column":null}}],"line":32},"2":{"loc":{"start":{"line":35,"column":22},"end":{"line":38,"column":null}},"type":"binary-expr","locations":[{"start":{"line":35,"column":22},"end":{"line":38,"column":70}},{"start":{"line":38,"column":70},"end":{"line":38,"column":null}}],"line":35},"3":{"loc":{"start":{"line":101,"column":4},"end":{"line":103,"column":null}},"type":"binary-expr","locations":[{"start":{"line":101,"column":4},"end":{"line":101,"column":null}},{"start":{"line":102,"column":4},"end":{"line":102,"column":null}},{"start":{"line":103,"column":4},"end":{"line":103,"column":null}}],"line":101},"4":{"loc":{"start":{"line":108,"column":4},"end":{"line":110,"column":null}},"type":"binary-expr","locations":[{"start":{"line":108,"column":4},"end":{"line":108,"column":null}},{"start":{"line":109,"column":4},"end":{"line":109,"column":null}},{"start":{"line":110,"column":4},"end":{"line":110,"column":null}}],"line":108},"5":{"loc":{"start":{"line":115,"column":2},"end":{"line":130,"column":null}},"type":"if","locations":[{"start":{"line":115,"column":2},"end":{"line":130,"column":null}},{"start":{"line":120,"column":2},"end":{"line":130,"column":null}}],"line":115},"6":{"loc":{"start":{"line":120,"column":2},"end":{"line":130,"column":null}},"type":"if","locations":[{"start":{"line":120,"column":2},"end":{"line":130,"column":null}},{"start":{"line":122,"column":2},"end":{"line":130,"column":null}}],"line":120},"7":{"loc":{"start":{"line":122,"column":2},"end":{"line":130,"column":null}},"type":"if","locations":[{"start":{"line":122,"column":2},"end":{"line":130,"column":null}},{"start":{"line":127,"column":9},"end":{"line":130,"column":null}}],"line":122}},"s":{"0":58,"1":58,"2":58,"3":58,"4":58,"5":74,"6":1839,"7":58,"8":455,"9":8,"10":8,"11":3,"12":455,"13":455,"14":455,"15":455,"16":455,"17":455,"18":455,"19":455,"20":455,"21":4,"22":451,"23":4,"24":447,"25":93,"26":354},"f":{"0":58,"1":74,"2":1839,"3":455,"4":8,"5":455},"b":{"0":[58],"1":[58,3],"2":[58,2],"3":[455,8,8],"4":[455,8,8],"5":[4,451],"6":[4,447],"7":[93,354]},"meta":{"lastBranch":8,"lastFunction":6,"lastStatement":27,"seen":{"f:27:9:27:18":0,"b:27:28:27:32":0,"s:28:16:28:Infinity":0,"s:29:17:29:Infinity":1,"s:30:22:30:Infinity":2,"s:32:22:32:Infinity":3,"b:32:22:32:34:32:34:32:Infinity":1,"s:35:22:38:Infinity":4,"b:35:22:38:70:38:70:38:Infinity":2,"f:36:12:36:13":1,"s:36:21:36:41":5,"f:38:12:38:13":2,"s:38:22:38:65":6,"s:40:2:83:Infinity":7,"f:54:27:54:28":3,"s:55:12:78:Infinity":8,"f:58:23:58:29":4,"s:60:16:60:Infinity":9,"s:61:16:61:Infinity":10,"s:87:0:89:Infinity":11,"f:96:9:96:25":5,"s:97:20:97:Infinity":12,"s:98:14:98:Infinity":13,"s:101:4:103:Infinity":14,"b:101:4:101:Infinity:102:4:102:Infinity:103:4:103:Infinity":3,"s:105:20:105:Infinity":15,"s:106:2:106:Infinity":16,"s:108:4:110:Infinity":17,"b:108:4:108:Infinity:109:4:109:Infinity:110:4:110:Infinity":4,"s:112:21:112:Infinity":18,"s:113:2:113:Infinity":19,"b:115:2:130:Infinity:120:2:130:Infinity":5,"s:115:2:130:Infinity":20,"s:117:4:119:Infinity":21,"b:120:2:130:Infinity:122:2:130:Infinity":6,"s:120:2:130:Infinity":22,"s:121:4:121:Infinity":23,"b:122:2:130:Infinity:127:9:130:Infinity":7,"s:122:2:130:Infinity":24,"s:124:4:126:Infinity":25,"s:129:4:129:Infinity":26}}}
,"C:\\CSE-186\\Assignment4\\src\\view\\SideBar.jsx": {"path":"C:\\CSE-186\\Assignment4\\src\\view\\SideBar.jsx","statementMap":{"0":{"start":{"line":28,"column":19},"end":{"line":28,"column":null}},"1":{"start":{"line":29,"column":47},"end":{"line":29,"column":null}},"2":{"start":{"line":32,"column":20},"end":{"line":36,"column":null}},"3":{"start":{"line":39,"column":4},"end":{"line":61,"column":null}},"4":{"start":{"line":45,"column":10},"end":{"line":58,"column":null}},"5":{"start":{"line":50,"column":16},"end":{"line":50,"column":null}},"6":{"start":{"line":51,"column":16},"end":{"line":51,"column":null}},"7":{"start":{"line":66,"column":2},"end":{"line":99,"column":null}},"8":{"start":{"line":73,"column":23},"end":{"line":73,"column":null}}},"fnMap":{"0":{"name":"SideBar","decl":{"start":{"line":26,"column":9},"end":{"line":26,"column":19}},"loc":{"start":{"line":26,"column":19},"end":{"line":101,"column":null}},"line":26},"1":{"name":"(anonymous_1)","decl":{"start":{"line":44,"column":23},"end":{"line":44,"column":24}},"loc":{"start":{"line":45,"column":10},"end":{"line":58,"column":null}},"line":45},"2":{"name":"(anonymous_2)","decl":{"start":{"line":49,"column":23},"end":{"line":49,"column":29}},"loc":{"start":{"line":49,"column":29},"end":{"line":52,"column":null}},"line":49},"3":{"name":"(anonymous_3)","decl":{"start":{"line":73,"column":17},"end":{"line":73,"column":23}},"loc":{"start":{"line":73,"column":23},"end":{"line":73,"column":null}},"line":73}},"branchMap":{},"s":{"0":58,"1":58,"2":58,"3":58,"4":174,"5":8,"6":8,"7":58,"8":1},"f":{"0":58,"1":174,"2":8,"3":1},"b":{},"meta":{"lastBranch":0,"lastFunction":4,"lastStatement":9,"seen":{"f:26:9:26:19":0,"s:28:19:28:Infinity":0,"s:29:47:29:Infinity":1,"s:32:20:36:Infinity":2,"s:39:4:61:Infinity":3,"f:44:23:44:24":1,"s:45:10:58:Infinity":4,"f:49:23:49:29":2,"s:50:16:50:Infinity":5,"s:51:16:51:Infinity":6,"s:66:2:99:Infinity":7,"f:73:17:73:23":3,"s:73:23:73:Infinity":8}}}
}
