{"C:\\CSE-186\\Assignment8\\backend\\src\\app.js": {"path":"C:\\CSE-186\\Assignment8\\backend\\src\\app.js","statementMap":{"0":{"start":{"line":27,"column":18},"end":{"line":27,"column":49}},"1":{"start":{"line":28,"column":18},"end":{"line":28,"column":42}},"2":{"start":{"line":30,"column":11},"end":{"line":30,"column":21}},"3":{"start":{"line":31,"column":0},"end":{"line":31,"column":null}},"4":{"start":{"line":32,"column":0},"end":{"line":32,"column":null}},"5":{"start":{"line":34,"column":16},"end":{"line":34,"column":59}},"6":{"start":{"line":36,"column":15},"end":{"line":36,"column":58}},"7":{"start":{"line":37,"column":0},"end":{"line":37,"column":null}},"8":{"start":{"line":41,"column":0},"end":{"line":44,"column":null}},"9":{"start":{"line":46,"column":0},"end":{"line":52,"column":null}},"10":{"start":{"line":57,"column":0},"end":{"line":63,"column":null}},"11":{"start":{"line":58,"column":2},"end":{"line":62,"column":null}},"12":{"start":{"line":65,"column":0},"end":{"line":65,"column":null}},"13":{"start":{"line":66,"column":0},"end":{"line":66,"column":null}},"14":{"start":{"line":67,"column":0},"end":{"line":67,"column":null}},"15":{"start":{"line":68,"column":0},"end":{"line":68,"column":null}},"16":{"start":{"line":70,"column":15},"end":{"line":70,"column":37}}},"fnMap":{"0":{"name":"(anonymous_0)","decl":{"start":{"line":57,"column":8},"end":{"line":57,"column":9}},"loc":{"start":{"line":57,"column":33},"end":{"line":63,"column":1}},"line":57}},"branchMap":{},"s":{"0":3,"1":3,"2":3,"3":3,"4":3,"5":3,"6":3,"7":3,"8":3,"9":3,"10":3,"11":3,"12":3,"13":3,"14":3,"15":3,"16":3},"f":{"0":3},"b":{},"meta":{"lastBranch":0,"lastFunction":1,"lastStatement":17,"seen":{"s:27:18:27:49":0,"s:28:18:28:42":1,"s:30:11:30:21":2,"s:31:0:31:Infinity":3,"s:32:0:32:Infinity":4,"s:34:16:34:59":5,"s:36:15:36:58":6,"s:37:0:37:Infinity":7,"s:41:0:44:Infinity":8,"s:46:0:52:Infinity":9,"s:57:0:63:Infinity":10,"f:57:8:57:9":0,"s:58:2:62:Infinity":11,"s:65:0:65:Infinity":12,"s:66:0:66:Infinity":13,"s:67:0:67:Infinity":14,"s:68:0:68:Infinity":15,"s:70:15:70:37":16}}}
,"C:\\CSE-186\\Assignment8\\backend\\src\\middleware\\auth.js": {"path":"C:\\CSE-186\\Assignment8\\backend\\src\\middleware\\auth.js","statementMap":{"0":{"start":{"line":25,"column":21},"end":{"line":25,"column":46}},"1":{"start":{"line":26,"column":16},"end":{"line":26,"column":40}},"2":{"start":{"line":27,"column":2},"end":{"line":33,"column":3}},"3":{"start":{"line":28,"column":17},"end":{"line":28,"column":40}},"4":{"start":{"line":29,"column":4},"end":{"line":29,"column":null}},"5":{"start":{"line":30,"column":4},"end":{"line":30,"column":null}},"6":{"start":{"line":32,"column":4},"end":{"line":32,"column":null}}},"fnMap":{"0":{"name":"check","decl":{"start":{"line":24,"column":22},"end":{"line":24,"column":27}},"loc":{"start":{"line":24,"column":44},"end":{"line":34,"column":1}},"line":24}},"branchMap":{},"s":{"0":37,"1":37,"2":37,"3":37,"4":37,"5":37,"6":2},"f":{"0":37},"b":{},"meta":{"lastBranch":0,"lastFunction":1,"lastStatement":7,"seen":{"f:24:22:24:27":0,"s:25:21:25:46":0,"s:26:16:26:40":1,"s:27:2:33:3":2,"s:28:17:28:40":3,"s:29:4:29:Infinity":4,"s:30:4:30:Infinity":5,"s:32:4:32:Infinity":6}}}
,"C:\\CSE-186\\Assignment8\\backend\\src\\model\\auth.js": {"path":"C:\\CSE-186\\Assignment8\\backend\\src\\model\\auth.js","statementMap":{"0":{"start":{"line":22,"column":2},"end":{"line":29,"column":null}},"1":{"start":{"line":23,"column":4},"end":{"line":25,"column":null}},"2":{"start":{"line":24,"column":6},"end":{"line":24,"column":null}},"3":{"start":{"line":26,"column":4},"end":{"line":26,"column":null}},"4":{"start":{"line":27,"column":4},"end":{"line":27,"column":null}},"5":{"start":{"line":28,"column":4},"end":{"line":28,"column":null}},"6":{"start":{"line":30,"column":2},"end":{"line":30,"column":null}},"7":{"start":{"line":39,"column":2},"end":{"line":44,"column":null}}},"fnMap":{"0":{"name":"verify","decl":{"start":{"line":20,"column":16},"end":{"line":20,"column":22}},"loc":{"start":{"line":20,"column":30},"end":{"line":31,"column":1}},"line":20},"1":{"name":"(anonymous_1)","decl":{"start":{"line":22,"column":40},"end":{"line":22,"column":41}},"loc":{"start":{"line":22,"column":56},"end":{"line":29,"column":3}},"line":22},"2":{"name":"sign","decl":{"start":{"line":38,"column":16},"end":{"line":38,"column":20}},"loc":{"start":{"line":38,"column":27},"end":{"line":45,"column":1}},"line":38}},"branchMap":{"0":{"loc":{"start":{"line":23,"column":4},"end":{"line":25,"column":null}},"type":"if","locations":[{"start":{"line":23,"column":4},"end":{"line":25,"column":null}},{"start":{},"end":{}}],"line":23}},"s":{"0":37,"1":37,"2":2,"3":35,"4":35,"5":35,"6":37,"7":3},"f":{"0":37,"1":37,"2":3},"b":{"0":[2,35]},"meta":{"lastBranch":1,"lastFunction":3,"lastStatement":8,"seen":{"f:20:16:20:22":0,"s:22:2:29:Infinity":0,"f:22:40:22:41":1,"b:23:4:25:Infinity:undefined:undefined:undefined:undefined":0,"s:23:4:25:Infinity":1,"s:24:6:24:Infinity":2,"s:26:4:26:Infinity":3,"s:27:4:27:Infinity":4,"s:28:4:28:Infinity":5,"s:30:2:30:Infinity":6,"f:38:16:38:20":2,"s:39:2:44:Infinity":7}}}
,"C:\\CSE-186\\Assignment8\\backend\\src\\model\\pool.js": {"path":"C:\\CSE-186\\Assignment8\\backend\\src\\model\\pool.js","statementMap":{"0":{"start":{"line":14,"column":20},"end":{"line":20,"column":2}}},"fnMap":{},"branchMap":{},"s":{"0":3},"f":{},"b":{},"meta":{"lastBranch":0,"lastFunction":0,"lastStatement":1,"seen":{"s:14:20:20:2":0}}}
,"C:\\CSE-186\\Assignment8\\backend\\src\\model\\posts.js": {"path":"C:\\CSE-186\\Assignment8\\backend\\src\\model\\posts.js","statementMap":{"0":{"start":{"line":9,"column":21},"end":{"line":23,"column":3}},"1":{"start":{"line":25,"column":17},"end":{"line":25,"column":55}},"2":{"start":{"line":26,"column":2},"end":{"line":26,"column":null}},"3":{"start":{"line":35,"column":17},"end":{"line":44,"column":14}},"4":{"start":{"line":45,"column":2},"end":{"line":45,"column":null}},"5":{"start":{"line":55,"column":16},"end":{"line":72,"column":3}},"6":{"start":{"line":74,"column":17},"end":{"line":74,"column":59}},"7":{"start":{"line":75,"column":2},"end":{"line":75,"column":null}}},"fnMap":{"0":{"name":"retrievePosts","decl":{"start":{"line":8,"column":22},"end":{"line":8,"column":35}},"loc":{"start":{"line":8,"column":44},"end":{"line":27,"column":null}},"line":8},"1":{"name":"retrieveGroups","decl":{"start":{"line":34,"column":22},"end":{"line":34,"column":36}},"loc":{"start":{"line":34,"column":45},"end":{"line":46,"column":null}},"line":34},"2":{"name":"retrieveGroupPosts","decl":{"start":{"line":54,"column":22},"end":{"line":54,"column":40}},"loc":{"start":{"line":54,"column":58},"end":{"line":76,"column":null}},"line":54}},"branchMap":{},"s":{"0":7,"1":7,"2":7,"3":17,"4":17,"5":11,"6":11,"7":11},"f":{"0":7,"1":17,"2":11},"b":{},"meta":{"lastBranch":0,"lastFunction":3,"lastStatement":8,"seen":{"f:8:22:8:35":0,"s:9:21:23:3":0,"s:25:17:25:55":1,"s:26:2:26:Infinity":2,"f:34:22:34:36":1,"s:35:17:44:14":3,"s:45:2:45:Infinity":4,"f:54:22:54:40":2,"s:55:16:72:3":5,"s:74:17:74:59":6,"s:75:2:75:Infinity":7}}}
,"C:\\CSE-186\\Assignment8\\backend\\src\\model\\user.js": {"path":"C:\\CSE-186\\Assignment8\\backend\\src\\model\\user.js","statementMap":{"0":{"start":{"line":15,"column":14},"end":{"line":24,"column":1}},"1":{"start":{"line":19,"column":2},"end":{"line":23,"column":null}},"2":{"start":{"line":32,"column":14},"end":{"line":32,"column":71}},"3":{"start":{"line":33,"column":15},"end":{"line":33,"column":26}},"4":{"start":{"line":34,"column":2},"end":{"line":34,"column":null}},"5":{"start":{"line":45,"column":14},"end":{"line":51,"column":23}},"6":{"start":{"line":53,"column":15},"end":{"line":53,"column":26}},"7":{"start":{"line":54,"column":2},"end":{"line":54,"column":null}},"8":{"start":{"line":54,"column":13},"end":{"line":54,"column":null}},"9":{"start":{"line":57,"column":2},"end":{"line":57,"column":null}}},"fnMap":{"0":{"name":"(anonymous_0)","decl":{"start":{"line":15,"column":14},"end":{"line":15,"column":15}},"loc":{"start":{"line":15,"column":27},"end":{"line":24,"column":1}},"line":15},"1":{"name":"retrieveById","decl":{"start":{"line":31,"column":22},"end":{"line":31,"column":34}},"loc":{"start":{"line":31,"column":39},"end":{"line":35,"column":null}},"line":31},"2":{"name":"retrieveByCredentials","decl":{"start":{"line":44,"column":22},"end":{"line":44,"column":43}},"loc":{"start":{"line":44,"column":61},"end":{"line":58,"column":null}},"line":44}},"branchMap":{"0":{"loc":{"start":{"line":54,"column":2},"end":{"line":54,"column":null}},"type":"if","locations":[{"start":{"line":54,"column":2},"end":{"line":54,"column":null}},{"start":{},"end":{}}],"line":54}},"s":{"0":3,"1":38,"2":35,"3":35,"4":35,"5":5,"6":5,"7":5,"8":2,"9":3},"f":{"0":38,"1":35,"2":5},"b":{"0":[2,3]},"meta":{"lastBranch":1,"lastFunction":3,"lastStatement":10,"seen":{"s:15:14:24:1":0,"f:15:14:15:15":0,"s:19:2:23:Infinity":1,"f:31:22:31:34":1,"s:32:14:32:71":2,"s:33:15:33:26":3,"s:34:2:34:Infinity":4,"f:44:22:44:43":2,"s:45:14:51:23":5,"s:53:15:53:26":6,"b:54:2:54:Infinity:undefined:undefined:undefined:undefined":0,"s:54:2:54:Infinity":7,"s:54:13:54:Infinity":8,"s:57:2:57:Infinity":9}}}
,"C:\\CSE-186\\Assignment8\\backend\\src\\route\\login.js": {"path":"C:\\CSE-186\\Assignment8\\backend\\src\\route\\login.js","statementMap":{"0":{"start":{"line":22,"column":28},"end":{"line":22,"column":36}},"1":{"start":{"line":25,"column":15},"end":{"line":25,"column":69}},"2":{"start":{"line":26,"column":2},"end":{"line":28,"column":null}},"3":{"start":{"line":27,"column":4},"end":{"line":27,"column":null}},"4":{"start":{"line":30,"column":22},"end":{"line":30,"column":51}},"5":{"start":{"line":33,"column":2},"end":{"line":36,"column":null}}},"fnMap":{"0":{"name":"login","decl":{"start":{"line":21,"column":22},"end":{"line":21,"column":27}},"loc":{"start":{"line":21,"column":38},"end":{"line":37,"column":null}},"line":21}},"branchMap":{"0":{"loc":{"start":{"line":26,"column":2},"end":{"line":28,"column":null}},"type":"if","locations":[{"start":{"line":26,"column":2},"end":{"line":28,"column":null}},{"start":{},"end":{}}],"line":26}},"s":{"0":5,"1":5,"2":5,"3":2,"4":3,"5":3},"f":{"0":5},"b":{"0":[2,3]},"meta":{"lastBranch":1,"lastFunction":1,"lastStatement":6,"seen":{"f:21:22:21:27":0,"s:22:28:22:36":0,"s:25:15:25:69":1,"b:26:2:28:Infinity:undefined:undefined:undefined:undefined":0,"s:26:2:28:Infinity":2,"s:27:4:27:Infinity":3,"s:30:22:30:51":4,"s:33:2:36:Infinity":5}}}
,"C:\\CSE-186\\Assignment8\\backend\\src\\route\\posts.js": {"path":"C:\\CSE-186\\Assignment8\\backend\\src\\route\\posts.js","statementMap":{"0":{"start":{"line":11,"column":15},"end":{"line":11,"column":29}},"1":{"start":{"line":12,"column":16},"end":{"line":12,"column":55}},"2":{"start":{"line":13,"column":2},"end":{"line":13,"column":null}},"3":{"start":{"line":23,"column":17},"end":{"line":23,"column":36}},"4":{"start":{"line":24,"column":17},"end":{"line":24,"column":56}},"5":{"start":{"line":26,"column":2},"end":{"line":26,"column":null}},"6":{"start":{"line":36,"column":20},"end":{"line":36,"column":30}},"7":{"start":{"line":37,"column":17},"end":{"line":37,"column":36}},"8":{"start":{"line":38,"column":16},"end":{"line":38,"column":68}},"9":{"start":{"line":42,"column":2},"end":{"line":45,"column":null}}},"fnMap":{"0":{"name":"getAll","decl":{"start":{"line":10,"column":22},"end":{"line":10,"column":28}},"loc":{"start":{"line":10,"column":39},"end":{"line":14,"column":null}},"line":10},"1":{"name":"getGroups","decl":{"start":{"line":22,"column":22},"end":{"line":22,"column":31}},"loc":{"start":{"line":22,"column":42},"end":{"line":27,"column":null}},"line":22},"2":{"name":"getGroupPosts","decl":{"start":{"line":35,"column":22},"end":{"line":35,"column":35}},"loc":{"start":{"line":35,"column":46},"end":{"line":46,"column":null}},"line":35}},"branchMap":{},"s":{"0":7,"1":7,"2":7,"3":17,"4":17,"5":17,"6":11,"7":11,"8":11,"9":11},"f":{"0":7,"1":17,"2":11},"b":{},"meta":{"lastBranch":0,"lastFunction":3,"lastStatement":10,"seen":{"f:10:22:10:28":0,"s:11:15:11:29":0,"s:12:16:12:55":1,"s:13:2:13:Infinity":2,"f:22:22:22:31":1,"s:23:17:23:36":3,"s:24:17:24:56":4,"s:26:2:26:Infinity":5,"f:35:22:35:35":2,"s:36:20:36:30":6,"s:37:17:37:36":7,"s:38:16:38:68":8,"s:42:2:45:Infinity":9}}}
,"C:\\CSE-186\\Assignment8\\backend\\test\\db.js": {"path":"C:\\CSE-186\\Assignment8\\backend\\test\\db.js","statementMap":{"0":{"start":{"line":21,"column":0},"end":{"line":21,"column":null}},"1":{"start":{"line":22,"column":0},"end":{"line":22,"column":null}},"2":{"start":{"line":24,"column":13},"end":{"line":30,"column":2}},"3":{"start":{"line":32,"column":12},"end":{"line":46,"column":1}},"4":{"start":{"line":33,"column":18},"end":{"line":33,"column":47}},"5":{"start":{"line":34,"column":16},"end":{"line":34,"column":38}},"6":{"start":{"line":35,"column":18},"end":{"line":35,"column":20}},"7":{"start":{"line":36,"column":2},"end":{"line":45,"column":null}},"8":{"start":{"line":37,"column":4},"end":{"line":37,"column":null}},"9":{"start":{"line":38,"column":4},"end":{"line":44,"column":null}},"10":{"start":{"line":39,"column":6},"end":{"line":39,"column":null}},"11":{"start":{"line":40,"column":6},"end":{"line":43,"column":null}},"12":{"start":{"line":41,"column":8},"end":{"line":41,"column":null}},"13":{"start":{"line":42,"column":8},"end":{"line":42,"column":null}},"14":{"start":{"line":51,"column":2},"end":{"line":51,"column":null}},"15":{"start":{"line":52,"column":2},"end":{"line":52,"column":null}},"16":{"start":{"line":58,"column":2},"end":{"line":58,"column":null}}},"fnMap":{"0":{"name":"(anonymous_0)","decl":{"start":{"line":32,"column":12},"end":{"line":32,"column":17}},"loc":{"start":{"line":32,"column":28},"end":{"line":46,"column":1}},"line":32},"1":{"name":"reset","decl":{"start":{"line":50,"column":22},"end":{"line":50,"column":27}},"loc":{"start":{"line":50,"column":30},"end":{"line":53,"column":1}},"line":50},"2":{"name":"close","decl":{"start":{"line":57,"column":16},"end":{"line":57,"column":21}},"loc":{"start":{"line":57,"column":24},"end":{"line":59,"column":1}},"line":57}},"branchMap":{"0":{"loc":{"start":{"line":38,"column":4},"end":{"line":44,"column":null}},"type":"if","locations":[{"start":{"line":38,"column":4},"end":{"line":44,"column":null}},{"start":{},"end":{}}],"line":38},"1":{"loc":{"start":{"line":40,"column":6},"end":{"line":43,"column":null}},"type":"if","locations":[{"start":{"line":40,"column":6},"end":{"line":43,"column":null}},{"start":{},"end":{}}],"line":40}},"s":{"0":3,"1":3,"2":3,"3":3,"4":6,"5":6,"6":6,"7":6,"8":210,"9":210,"10":183,"11":183,"12":42,"13":42,"14":3,"15":3,"16":3},"f":{"0":6,"1":3,"2":3},"b":{"0":[183,27],"1":[42,141]},"meta":{"lastBranch":2,"lastFunction":3,"lastStatement":17,"seen":{"s:21:0:21:Infinity":0,"s:22:0:22:Infinity":1,"s:24:13:30:2":2,"s:32:12:46:1":3,"f:32:12:32:17":0,"s:33:18:33:47":4,"s:34:16:34:38":5,"s:35:18:35:20":6,"s:36:2:45:Infinity":7,"s:37:4:37:Infinity":8,"b:38:4:44:Infinity:undefined:undefined:undefined:undefined":0,"s:38:4:44:Infinity":9,"s:39:6:39:Infinity":10,"b:40:6:43:Infinity:undefined:undefined:undefined:undefined":1,"s:40:6:43:Infinity":11,"s:41:8:41:Infinity":12,"s:42:8:42:Infinity":13,"f:50:22:50:27":1,"s:51:2:51:Infinity":14,"s:52:2:52:Infinity":15,"f:57:16:57:21":2,"s:58:2:58:Infinity":16}}}
,"C:\\CSE-186\\Assignment8\\backend\\test\\setup.js": {"path":"C:\\CSE-186\\Assignment8\\backend\\test\\setup.js","statementMap":{"0":{"start":{"line":5,"column":19},"end":{"line":5,"column":47}},"1":{"start":{"line":11,"column":2},"end":{"line":11,"column":null}},"2":{"start":{"line":12,"column":2},"end":{"line":12,"column":null}},"3":{"start":{"line":13,"column":2},"end":{"line":13,"column":null}},"4":{"start":{"line":20,"column":2},"end":{"line":20,"column":null}},"5":{"start":{"line":21,"column":2},"end":{"line":21,"column":null}},"6":{"start":{"line":31,"column":14},"end":{"line":33,"column":30}},"7":{"start":{"line":34,"column":2},"end":{"line":34,"column":null}},"8":{"start":{"line":35,"column":2},"end":{"line":35,"column":null}}},"fnMap":{"0":{"name":"setup","decl":{"start":{"line":10,"column":22},"end":{"line":10,"column":27}},"loc":{"start":{"line":10,"column":30},"end":{"line":14,"column":null}},"line":10},"1":{"name":"teardown","decl":{"start":{"line":19,"column":22},"end":{"line":19,"column":30}},"loc":{"start":{"line":19,"column":33},"end":{"line":22,"column":null}},"line":19},"2":{"name":"login","decl":{"start":{"line":30,"column":22},"end":{"line":30,"column":27}},"loc":{"start":{"line":30,"column":45},"end":{"line":36,"column":null}},"line":30}},"branchMap":{},"s":{"0":3,"1":3,"2":3,"3":3,"4":3,"5":3,"6":1,"7":1,"8":1},"f":{"0":3,"1":3,"2":1},"b":{},"meta":{"lastBranch":0,"lastFunction":3,"lastStatement":9,"seen":{"s:5:19:5:47":0,"f:10:22:10:27":0,"s:11:2:11:Infinity":1,"s:12:2:12:Infinity":2,"s:13:2:13:Infinity":3,"f:19:22:19:30":1,"s:20:2:20:Infinity":4,"s:21:2:21:Infinity":5,"f:30:22:30:27":2,"s:31:14:33:30":6,"s:34:2:34:Infinity":7,"s:35:2:35:Infinity":8}}}
}
