{"C:\\CSE-186\\Assignment8\\backend\\src\\app.js": {"path":"C:\\CSE-186\\Assignment8\\backend\\src\\app.js","statementMap":{"0":{"start":{"line":27,"column":18},"end":{"line":27,"column":49}},"1":{"start":{"line":28,"column":18},"end":{"line":28,"column":42}},"2":{"start":{"line":30,"column":11},"end":{"line":30,"column":21}},"3":{"start":{"line":31,"column":0},"end":{"line":31,"column":null}},"4":{"start":{"line":32,"column":0},"end":{"line":32,"column":null}},"5":{"start":{"line":34,"column":16},"end":{"line":34,"column":59}},"6":{"start":{"line":36,"column":15},"end":{"line":36,"column":58}},"7":{"start":{"line":37,"column":0},"end":{"line":37,"column":null}},"8":{"start":{"line":41,"column":0},"end":{"line":44,"column":null}},"9":{"start":{"line":46,"column":0},"end":{"line":52,"column":null}},"10":{"start":{"line":57,"column":0},"end":{"line":63,"column":null}},"11":{"start":{"line":58,"column":2},"end":{"line":62,"column":null}},"12":{"start":{"line":65,"column":0},"end":{"line":65,"column":null}},"13":{"start":{"line":66,"column":0},"end":{"line":66,"column":null}},"14":{"start":{"line":68,"column":15},"end":{"line":68,"column":37}}},"fnMap":{"0":{"name":"(anonymous_0)","decl":{"start":{"line":57,"column":8},"end":{"line":57,"column":9}},"loc":{"start":{"line":57,"column":33},"end":{"line":63,"column":1}},"line":57}},"branchMap":{},"s":{"0":2,"1":2,"2":2,"3":2,"4":2,"5":2,"6":2,"7":2,"8":2,"9":2,"10":2,"11":3,"12":2,"13":2,"14":2},"f":{"0":3},"b":{},"meta":{"lastBranch":0,"lastFunction":1,"lastStatement":15,"seen":{"s:27:18:27:49":0,"s:28:18:28:42":1,"s:30:11:30:21":2,"s:31:0:31:Infinity":3,"s:32:0:32:Infinity":4,"s:34:16:34:59":5,"s:36:15:36:58":6,"s:37:0:37:Infinity":7,"s:41:0:44:Infinity":8,"s:46:0:52:Infinity":9,"s:57:0:63:Infinity":10,"f:57:8:57:9":0,"s:58:2:62:Infinity":11,"s:65:0:65:Infinity":12,"s:66:0:66:Infinity":13,"s:68:15:68:37":14}}}
,"C:\\CSE-186\\Assignment8\\backend\\src\\middleware\\auth.js": {"path":"C:\\CSE-186\\Assignment8\\backend\\src\\middleware\\auth.js","statementMap":{"0":{"start":{"line":25,"column":21},"end":{"line":25,"column":46}},"1":{"start":{"line":26,"column":16},"end":{"line":26,"column":40}},"2":{"start":{"line":27,"column":2},"end":{"line":33,"column":3}},"3":{"start":{"line":28,"column":17},"end":{"line":28,"column":40}},"4":{"start":{"line":29,"column":4},"end":{"line":29,"column":null}},"5":{"start":{"line":30,"column":4},"end":{"line":30,"column":null}},"6":{"start":{"line":32,"column":4},"end":{"line":32,"column":null}}},"fnMap":{"0":{"name":"check","decl":{"start":{"line":24,"column":22},"end":{"line":24,"column":27}},"loc":{"start":{"line":24,"column":44},"end":{"line":34,"column":1}},"line":24}},"branchMap":{},"s":{"0":8,"1":8,"2":8,"3":8,"4":8,"5":8,"6":1},"f":{"0":8},"b":{},"meta":{"lastBranch":0,"lastFunction":1,"lastStatement":7,"seen":{"f:24:22:24:27":0,"s:25:21:25:46":0,"s:26:16:26:40":1,"s:27:2:33:3":2,"s:28:17:28:40":3,"s:29:4:29:Infinity":4,"s:30:4:30:Infinity":5,"s:32:4:32:Infinity":6}}}
,"C:\\CSE-186\\Assignment8\\backend\\src\\model\\auth.js": {"path":"C:\\CSE-186\\Assignment8\\backend\\src\\model\\auth.js","statementMap":{"0":{"start":{"line":22,"column":2},"end":{"line":29,"column":null}},"1":{"start":{"line":23,"column":4},"end":{"line":25,"column":null}},"2":{"start":{"line":24,"column":6},"end":{"line":24,"column":null}},"3":{"start":{"line":26,"column":4},"end":{"line":26,"column":null}},"4":{"start":{"line":27,"column":4},"end":{"line":27,"column":null}},"5":{"start":{"line":28,"column":4},"end":{"line":28,"column":null}},"6":{"start":{"line":30,"column":2},"end":{"line":30,"column":null}},"7":{"start":{"line":39,"column":2},"end":{"line":44,"column":null}}},"fnMap":{"0":{"name":"verify","decl":{"start":{"line":20,"column":16},"end":{"line":20,"column":22}},"loc":{"start":{"line":20,"column":30},"end":{"line":31,"column":1}},"line":20},"1":{"name":"(anonymous_1)","decl":{"start":{"line":22,"column":40},"end":{"line":22,"column":41}},"loc":{"start":{"line":22,"column":56},"end":{"line":29,"column":3}},"line":22},"2":{"name":"sign","decl":{"start":{"line":38,"column":16},"end":{"line":38,"column":20}},"loc":{"start":{"line":38,"column":27},"end":{"line":45,"column":1}},"line":38}},"branchMap":{"0":{"loc":{"start":{"line":23,"column":4},"end":{"line":25,"column":null}},"type":"if","locations":[{"start":{"line":23,"column":4},"end":{"line":25,"column":null}},{"start":{},"end":{}}],"line":23}},"s":{"0":8,"1":8,"2":1,"3":7,"4":7,"5":7,"6":8,"7":2},"f":{"0":8,"1":8,"2":2},"b":{"0":[1,7]},"meta":{"lastBranch":1,"lastFunction":3,"lastStatement":8,"seen":{"f:20:16:20:22":0,"s:22:2:29:Infinity":0,"f:22:40:22:41":1,"b:23:4:25:Infinity:undefined:undefined:undefined:undefined":0,"s:23:4:25:Infinity":1,"s:24:6:24:Infinity":2,"s:26:4:26:Infinity":3,"s:27:4:27:Infinity":4,"s:28:4:28:Infinity":5,"s:30:2:30:Infinity":6,"f:38:16:38:20":2,"s:39:2:44:Infinity":7}}}
,"C:\\CSE-186\\Assignment8\\backend\\src\\model\\pool.js": {"path":"C:\\CSE-186\\Assignment8\\backend\\src\\model\\pool.js","statementMap":{"0":{"start":{"line":14,"column":20},"end":{"line":20,"column":2}}},"fnMap":{},"branchMap":{},"s":{"0":2},"f":{},"b":{},"meta":{"lastBranch":0,"lastFunction":0,"lastStatement":1,"seen":{"s:14:20:20:2":0}}}
,"C:\\CSE-186\\Assignment8\\backend\\src\\model\\posts.js": {"path":"C:\\CSE-186\\Assignment8\\backend\\src\\model\\posts.js","statementMap":{"0":{"start":{"line":9,"column":25},"end":{"line":20,"column":3}},"1":{"start":{"line":22,"column":17},"end":{"line":22,"column":48}},"2":{"start":{"line":25,"column":2},"end":{"line":25,"column":null}}},"fnMap":{"0":{"name":"retrievePosts","decl":{"start":{"line":8,"column":22},"end":{"line":8,"column":35}},"loc":{"start":{"line":8,"column":38},"end":{"line":26,"column":null}},"line":8}},"branchMap":{},"s":{"0":7,"1":7,"2":7},"f":{"0":7},"b":{},"meta":{"lastBranch":0,"lastFunction":1,"lastStatement":3,"seen":{"f:8:22:8:35":0,"s:9:25:20:3":0,"s:22:17:22:48":1,"s:25:2:25:Infinity":2}}}
,"C:\\CSE-186\\Assignment8\\backend\\src\\model\\user.js": {"path":"C:\\CSE-186\\Assignment8\\backend\\src\\model\\user.js","statementMap":{"0":{"start":{"line":15,"column":14},"end":{"line":24,"column":1}},"1":{"start":{"line":19,"column":2},"end":{"line":23,"column":null}},"2":{"start":{"line":32,"column":14},"end":{"line":32,"column":71}},"3":{"start":{"line":33,"column":15},"end":{"line":33,"column":26}},"4":{"start":{"line":34,"column":2},"end":{"line":34,"column":null}},"5":{"start":{"line":45,"column":14},"end":{"line":51,"column":23}},"6":{"start":{"line":53,"column":15},"end":{"line":53,"column":26}},"7":{"start":{"line":54,"column":2},"end":{"line":54,"column":null}},"8":{"start":{"line":54,"column":13},"end":{"line":54,"column":null}},"9":{"start":{"line":57,"column":2},"end":{"line":57,"column":null}}},"fnMap":{"0":{"name":"(anonymous_0)","decl":{"start":{"line":15,"column":14},"end":{"line":15,"column":15}},"loc":{"start":{"line":15,"column":27},"end":{"line":24,"column":1}},"line":15},"1":{"name":"retrieveById","decl":{"start":{"line":31,"column":22},"end":{"line":31,"column":34}},"loc":{"start":{"line":31,"column":39},"end":{"line":35,"column":null}},"line":31},"2":{"name":"retrieveByCredentials","decl":{"start":{"line":44,"column":22},"end":{"line":44,"column":43}},"loc":{"start":{"line":44,"column":61},"end":{"line":58,"column":null}},"line":44}},"branchMap":{"0":{"loc":{"start":{"line":54,"column":2},"end":{"line":54,"column":null}},"type":"if","locations":[{"start":{"line":54,"column":2},"end":{"line":54,"column":null}},{"start":{},"end":{}}],"line":54}},"s":{"0":2,"1":9,"2":7,"3":7,"4":7,"5":4,"6":4,"7":4,"8":2,"9":2},"f":{"0":9,"1":7,"2":4},"b":{"0":[2,2]},"meta":{"lastBranch":1,"lastFunction":3,"lastStatement":10,"seen":{"s:15:14:24:1":0,"f:15:14:15:15":0,"s:19:2:23:Infinity":1,"f:31:22:31:34":1,"s:32:14:32:71":2,"s:33:15:33:26":3,"s:34:2:34:Infinity":4,"f:44:22:44:43":2,"s:45:14:51:23":5,"s:53:15:53:26":6,"b:54:2:54:Infinity:undefined:undefined:undefined:undefined":0,"s:54:2:54:Infinity":7,"s:54:13:54:Infinity":8,"s:57:2:57:Infinity":9}}}
,"C:\\CSE-186\\Assignment8\\backend\\src\\route\\login.js": {"path":"C:\\CSE-186\\Assignment8\\backend\\src\\route\\login.js","statementMap":{"0":{"start":{"line":22,"column":28},"end":{"line":22,"column":36}},"1":{"start":{"line":25,"column":15},"end":{"line":25,"column":69}},"2":{"start":{"line":26,"column":2},"end":{"line":28,"column":null}},"3":{"start":{"line":27,"column":4},"end":{"line":27,"column":null}},"4":{"start":{"line":30,"column":22},"end":{"line":30,"column":51}},"5":{"start":{"line":33,"column":2},"end":{"line":36,"column":null}}},"fnMap":{"0":{"name":"login","decl":{"start":{"line":21,"column":22},"end":{"line":21,"column":27}},"loc":{"start":{"line":21,"column":38},"end":{"line":37,"column":null}},"line":21}},"branchMap":{"0":{"loc":{"start":{"line":26,"column":2},"end":{"line":28,"column":null}},"type":"if","locations":[{"start":{"line":26,"column":2},"end":{"line":28,"column":null}},{"start":{},"end":{}}],"line":26}},"s":{"0":4,"1":4,"2":4,"3":2,"4":2,"5":2},"f":{"0":4},"b":{"0":[2,2]},"meta":{"lastBranch":1,"lastFunction":1,"lastStatement":6,"seen":{"f:21:22:21:27":0,"s:22:28:22:36":0,"s:25:15:25:69":1,"b:26:2:28:Infinity:undefined:undefined:undefined:undefined":0,"s:26:2:28:Infinity":2,"s:27:4:27:Infinity":3,"s:30:22:30:51":4,"s:33:2:36:Infinity":5}}}
,"C:\\CSE-186\\Assignment8\\backend\\src\\route\\posts.js": {"path":"C:\\CSE-186\\Assignment8\\backend\\src\\route\\posts.js","statementMap":{"0":{"start":{"line":11,"column":16},"end":{"line":11,"column":48}},"1":{"start":{"line":18,"column":2},"end":{"line":18,"column":null}}},"fnMap":{"0":{"name":"getAll","decl":{"start":{"line":10,"column":22},"end":{"line":10,"column":28}},"loc":{"start":{"line":10,"column":39},"end":{"line":19,"column":null}},"line":10}},"branchMap":{},"s":{"0":7,"1":7},"f":{"0":7},"b":{},"meta":{"lastBranch":0,"lastFunction":1,"lastStatement":2,"seen":{"f:10:22:10:28":0,"s:11:16:11:48":0,"s:18:2:18:Infinity":1}}}
,"C:\\CSE-186\\Assignment8\\backend\\test\\db.js": {"path":"C:\\CSE-186\\Assignment8\\backend\\test\\db.js","statementMap":{"0":{"start":{"line":21,"column":0},"end":{"line":21,"column":null}},"1":{"start":{"line":22,"column":0},"end":{"line":22,"column":null}},"2":{"start":{"line":24,"column":13},"end":{"line":30,"column":2}},"3":{"start":{"line":32,"column":12},"end":{"line":46,"column":1}},"4":{"start":{"line":33,"column":18},"end":{"line":33,"column":47}},"5":{"start":{"line":34,"column":16},"end":{"line":34,"column":38}},"6":{"start":{"line":35,"column":18},"end":{"line":35,"column":20}},"7":{"start":{"line":36,"column":2},"end":{"line":45,"column":null}},"8":{"start":{"line":37,"column":4},"end":{"line":37,"column":null}},"9":{"start":{"line":38,"column":4},"end":{"line":44,"column":null}},"10":{"start":{"line":39,"column":6},"end":{"line":39,"column":null}},"11":{"start":{"line":40,"column":6},"end":{"line":43,"column":null}},"12":{"start":{"line":41,"column":8},"end":{"line":41,"column":null}},"13":{"start":{"line":42,"column":8},"end":{"line":42,"column":null}},"14":{"start":{"line":51,"column":2},"end":{"line":51,"column":null}},"15":{"start":{"line":52,"column":2},"end":{"line":52,"column":null}},"16":{"start":{"line":58,"column":2},"end":{"line":58,"column":null}}},"fnMap":{"0":{"name":"(anonymous_0)","decl":{"start":{"line":32,"column":12},"end":{"line":32,"column":17}},"loc":{"start":{"line":32,"column":28},"end":{"line":46,"column":1}},"line":32},"1":{"name":"reset","decl":{"start":{"line":50,"column":22},"end":{"line":50,"column":27}},"loc":{"start":{"line":50,"column":30},"end":{"line":53,"column":1}},"line":50},"2":{"name":"close","decl":{"start":{"line":57,"column":16},"end":{"line":57,"column":21}},"loc":{"start":{"line":57,"column":24},"end":{"line":59,"column":1}},"line":57}},"branchMap":{"0":{"loc":{"start":{"line":38,"column":4},"end":{"line":44,"column":null}},"type":"if","locations":[{"start":{"line":38,"column":4},"end":{"line":44,"column":null}},{"start":{},"end":{}}],"line":38},"1":{"loc":{"start":{"line":40,"column":6},"end":{"line":43,"column":null}},"type":"if","locations":[{"start":{"line":40,"column":6},"end":{"line":43,"column":null}},{"start":{},"end":{}}],"line":40}},"s":{"0":2,"1":2,"2":2,"3":2,"4":4,"5":4,"6":4,"7":4,"8":200,"9":200,"10":64,"11":64,"12":12,"13":12,"14":2,"15":2,"16":2},"f":{"0":4,"1":2,"2":2},"b":{"0":[64,136],"1":[12,52]},"meta":{"lastBranch":2,"lastFunction":3,"lastStatement":17,"seen":{"s:21:0:21:Infinity":0,"s:22:0:22:Infinity":1,"s:24:13:30:2":2,"s:32:12:46:1":3,"f:32:12:32:17":0,"s:33:18:33:47":4,"s:34:16:34:38":5,"s:35:18:35:20":6,"s:36:2:45:Infinity":7,"s:37:4:37:Infinity":8,"b:38:4:44:Infinity:undefined:undefined:undefined:undefined":0,"s:38:4:44:Infinity":9,"s:39:6:39:Infinity":10,"b:40:6:43:Infinity:undefined:undefined:undefined:undefined":1,"s:40:6:43:Infinity":11,"s:41:8:41:Infinity":12,"s:42:8:42:Infinity":13,"f:50:22:50:27":1,"s:51:2:51:Infinity":14,"s:52:2:52:Infinity":15,"f:57:16:57:21":2,"s:58:2:58:Infinity":16}}}
}
