<?xml version="1.0" encoding="UTF-8"?>
<coverage generated="1771037920090" clover="3.2.0">
  <project timestamp="1771037920090" name="All files">
    <metrics statements="66" coveredstatements="66" conditionals="16" coveredconditionals="16" methods="11" coveredmethods="11" elements="93" coveredelements="93" complexity="0" loc="66" ncloc="66" packages="4" files="5" classes="5"/>
    <package name="src">
      <metrics statements="13" coveredstatements="13" conditionals="0" coveredconditionals="0" methods="1" coveredmethods="1"/>
      <file name="app.js" path="C:\CSE-186\Assignment6\src\app.js">
        <metrics statements="13" coveredstatements="13" conditionals="0" coveredconditionals="0" methods="1" coveredmethods="1"/>
        <line num="20" count="1" type="stmt"/>
        <line num="21" count="1" type="stmt"/>
        <line num="23" count="1" type="stmt"/>
        <line num="24" count="1" type="stmt"/>
        <line num="25" count="1" type="stmt"/>
        <line num="27" count="1" type="stmt"/>
        <line num="29" count="1" type="stmt"/>
        <line num="30" count="1" type="stmt"/>
        <line num="32" count="1" type="stmt"/>
        <line num="46" count="1" type="stmt"/>
        <line num="47" count="1" type="stmt"/>
        <line num="55" count="1" type="stmt"/>
        <line num="58" count="1" type="stmt"/>
      </file>
    </package>
    <package name="src.model">
      <metrics statements="23" coveredstatements="23" conditionals="6" coveredconditionals="6" methods="5" coveredmethods="5"/>
      <file name="mail.js" path="C:\CSE-186\Assignment6\src\model\mail.js">
        <metrics statements="22" coveredstatements="22" conditionals="6" coveredconditionals="6" methods="5" coveredmethods="5"/>
        <line num="14" count="14" type="stmt"/>
        <line num="21" count="14" type="stmt"/>
        <line num="24" count="14" type="stmt"/>
        <line num="26" count="14" type="stmt"/>
        <line num="28" count="14" type="stmt"/>
        <line num="30" count="4200" type="stmt"/>
        <line num="31" count="4200" type="stmt"/>
        <line num="33" count="4200" type="stmt"/>
        <line num="39" count="4200" type="cond" truecount="2" falsecount="0"/>
        <line num="40" count="42" type="stmt"/>
        <line num="43" count="4200" type="stmt"/>
        <line num="46" count="42" type="stmt"/>
        <line num="47" count="14" type="stmt"/>
        <line num="57" count="4" type="stmt"/>
        <line num="60" count="9" type="stmt"/>
        <line num="62" count="4" type="cond" truecount="2" falsecount="0"/>
        <line num="72" count="5" type="stmt"/>
        <line num="79" count="5" type="stmt"/>
        <line num="84" count="5" type="stmt"/>
        <line num="86" count="5" type="cond" truecount="2" falsecount="0"/>
        <line num="89" count="4" type="stmt"/>
        <line num="90" count="4" type="stmt"/>
      </file>
      <file name="pool.js" path="C:\CSE-186\Assignment6\src\model\pool.js">
        <metrics statements="1" coveredstatements="1" conditionals="0" coveredconditionals="0" methods="0" coveredmethods="0"/>
        <line num="14" count="1" type="stmt"/>
      </file>
    </package>
    <package name="src.router">
      <metrics statements="13" coveredstatements="13" conditionals="6" coveredconditionals="6" methods="2" coveredmethods="2"/>
      <file name="route.js" path="C:\CSE-186\Assignment6\src\router\route.js">
        <metrics statements="13" coveredstatements="13" conditionals="6" coveredconditionals="6" methods="2" coveredmethods="2"/>
        <line num="10" count="14" type="stmt"/>
        <line num="13" count="14" type="cond" truecount="2" falsecount="0"/>
        <line num="14" count="4" type="stmt"/>
        <line num="16" count="4" type="cond" truecount="2" falsecount="0"/>
        <line num="17" count="1" type="stmt"/>
        <line num="19" count="3" type="stmt"/>
        <line num="22" count="10" type="stmt"/>
        <line num="23" count="10" type="stmt"/>
        <line num="38" count="5" type="stmt"/>
        <line num="40" count="5" type="stmt"/>
        <line num="41" count="5" type="cond" truecount="2" falsecount="0"/>
        <line num="42" count="1" type="stmt"/>
        <line num="44" count="4" type="stmt"/>
      </file>
    </package>
    <package name="test">
      <metrics statements="17" coveredstatements="17" conditionals="4" coveredconditionals="4" methods="3" coveredmethods="3"/>
      <file name="db.js" path="C:\CSE-186\Assignment6\test\db.js">
        <metrics statements="17" coveredstatements="17" conditionals="4" coveredconditionals="4" methods="3" coveredmethods="3"/>
        <line num="21" count="1" type="stmt"/>
        <line num="22" count="1" type="stmt"/>
        <line num="24" count="1" type="stmt"/>
        <line num="32" count="1" type="stmt"/>
        <line num="33" count="2" type="stmt"/>
        <line num="34" count="2" type="stmt"/>
        <line num="35" count="2" type="stmt"/>
        <line num="36" count="2" type="stmt"/>
        <line num="37" count="347" type="stmt"/>
        <line num="38" count="347" type="cond" truecount="2" falsecount="0"/>
        <line num="39" count="325" type="stmt"/>
        <line num="40" count="325" type="cond" truecount="2" falsecount="0"/>
        <line num="41" count="309" type="stmt"/>
        <line num="42" count="309" type="stmt"/>
        <line num="51" count="1" type="stmt"/>
        <line num="57" count="1" type="stmt"/>
        <line num="58" count="1" type="stmt"/>
      </file>
    </package>
  </project>
</coverage>
