{"C:\\CSE-186\\Assignment6\\src\\app.js": {"path":"C:\\CSE-186\\Assignment6\\src\\app.js","statementMap":{"0":{"start":{"line":20,"column":18},"end":{"line":20,"column":49}},"1":{"start":{"line":21,"column":18},"end":{"line":21,"column":42}},"2":{"start":{"line":23,"column":11},"end":{"line":23,"column":21}},"3":{"start":{"line":24,"column":0},"end":{"line":24,"column":null}},"4":{"start":{"line":25,"column":0},"end":{"line":25,"column":null}},"5":{"start":{"line":27,"column":16},"end":{"line":27,"column":59}},"6":{"start":{"line":29,"column":15},"end":{"line":29,"column":58}},"7":{"start":{"line":30,"column":0},"end":{"line":30,"column":null}},"8":{"start":{"line":32,"column":0},"end":{"line":38,"column":null}},"9":{"start":{"line":46,"column":0},"end":{"line":52,"column":null}},"10":{"start":{"line":47,"column":2},"end":{"line":51,"column":null}},"11":{"start":{"line":55,"column":0},"end":{"line":55,"column":null}},"12":{"start":{"line":58,"column":0},"end":{"line":58,"column":null}}},"fnMap":{"0":{"name":"(anonymous_0)","decl":{"start":{"line":46,"column":8},"end":{"line":46,"column":9}},"loc":{"start":{"line":46,"column":33},"end":{"line":52,"column":1}},"line":46}},"branchMap":{},"s":{"0":1,"1":1,"2":1,"3":1,"4":1,"5":1,"6":1,"7":1,"8":1,"9":1,"10":1,"11":1,"12":1},"f":{"0":1},"b":{},"meta":{"lastBranch":0,"lastFunction":1,"lastStatement":13,"seen":{"s:20:18:20:49":0,"s:21:18:21:42":1,"s:23:11:23:21":2,"s:24:0:24:Infinity":3,"s:25:0:25:Infinity":4,"s:27:16:27:59":5,"s:29:15:29:58":6,"s:30:0:30:Infinity":7,"s:32:0:38:Infinity":8,"s:46:0:52:Infinity":9,"f:46:8:46:9":0,"s:47:2:51:Infinity":10,"s:55:0:55:Infinity":11,"s:58:0:58:Infinity":12}}}
,"C:\\CSE-186\\Assignment6\\src\\model\\mail.js": {"path":"C:\\CSE-186\\Assignment6\\src\\model\\mail.js","statementMap":{"0":{"start":{"line":14,"column":20},"end":{"line":20,"column":5}},"1":{"start":{"line":21,"column":16},"end":{"line":23,"column":3}},"2":{"start":{"line":24,"column":17},"end":{"line":24,"column":40}},"3":{"start":{"line":26,"column":21},"end":{"line":26,"column":30}},"4":{"start":{"line":28,"column":2},"end":{"line":44,"column":null}},"5":{"start":{"line":30,"column":22},"end":{"line":30,"column":30}},"6":{"start":{"line":31,"column":4},"end":{"line":31,"column":null}},"7":{"start":{"line":33,"column":21},"end":{"line":36,"column":5}},"8":{"start":{"line":39,"column":4},"end":{"line":41,"column":null}},"9":{"start":{"line":40,"column":6},"end":{"line":40,"column":null}},"10":{"start":{"line":43,"column":4},"end":{"line":43,"column":null}},"11":{"start":{"line":46,"column":14},"end":{"line":46,"column":70}},"12":{"start":{"line":46,"column":56},"end":{"line":46,"column":68}},"13":{"start":{"line":47,"column":2},"end":{"line":47,"column":null}},"14":{"start":{"line":57,"column":17},"end":{"line":57,"column":45}},"15":{"start":{"line":60,"column":26},"end":{"line":60,"column":64}},"16":{"start":{"line":60,"column":45},"end":{"line":60,"column":63}},"17":{"start":{"line":62,"column":2},"end":{"line":62,"column":null}},"18":{"start":{"line":72,"column":19},"end":{"line":77,"column":5}},"19":{"start":{"line":79,"column":16},"end":{"line":82,"column":3}},"20":{"start":{"line":84,"column":17},"end":{"line":84,"column":40}},"21":{"start":{"line":86,"column":2},"end":{"line":86,"column":null}},"22":{"start":{"line":86,"column":29},"end":{"line":86,"column":null}},"23":{"start":{"line":89,"column":29},"end":{"line":89,"column":43}},"24":{"start":{"line":90,"column":2},"end":{"line":90,"column":null}}},"fnMap":{"0":{"name":"retrieveAllMailboxes","decl":{"start":{"line":13,"column":22},"end":{"line":13,"column":42}},"loc":{"start":{"line":13,"column":45},"end":{"line":48,"column":null}},"line":13},"1":{"name":"(anonymous_1)","decl":{"start":{"line":46,"column":37},"end":{"line":46,"column":38}},"loc":{"start":{"line":46,"column":56},"end":{"line":46,"column":68}},"line":46},"2":{"name":"retrieveMailbox","decl":{"start":{"line":56,"column":22},"end":{"line":56,"column":37}},"loc":{"start":{"line":56,"column":47},"end":{"line":63,"column":null}},"line":56},"3":{"name":"(anonymous_3)","decl":{"start":{"line":60,"column":38},"end":{"line":60,"column":39}},"loc":{"start":{"line":60,"column":45},"end":{"line":60,"column":63}},"line":60},"4":{"name":"retrieveMailByID","decl":{"start":{"line":70,"column":22},"end":{"line":70,"column":38}},"loc":{"start":{"line":70,"column":43},"end":{"line":91,"column":null}},"line":70}},"branchMap":{"0":{"loc":{"start":{"line":39,"column":4},"end":{"line":41,"column":null}},"type":"if","locations":[{"start":{"line":39,"column":4},"end":{"line":41,"column":null}},{"start":{},"end":{}}],"line":39},"1":{"loc":{"start":{"line":62,"column":9},"end":{"line":62,"column":32}},"type":"binary-expr","locations":[{"start":{"line":62,"column":9},"end":{"line":62,"column":24}},{"start":{"line":62,"column":28},"end":{"line":62,"column":32}}],"line":62},"2":{"loc":{"start":{"line":86,"column":2},"end":{"line":86,"column":null}},"type":"if","locations":[{"start":{"line":86,"column":2},"end":{"line":86,"column":null}},{"start":{},"end":{}}],"line":86}},"s":{"0":14,"1":14,"2":14,"3":14,"4":14,"5":4200,"6":4200,"7":4200,"8":4200,"9":42,"10":4200,"11":14,"12":42,"13":14,"14":4,"15":4,"16":9,"17":4,"18":5,"19":5,"20":5,"21":5,"22":1,"23":4,"24":4},"f":{"0":14,"1":42,"2":4,"3":9,"4":5},"b":{"0":[42,4158],"1":[4,1],"2":[1,4]},"meta":{"lastBranch":3,"lastFunction":5,"lastStatement":25,"seen":{"f:13:22:13:42":0,"s:14:20:20:5":0,"s:21:16:23:3":1,"s:24:17:24:40":2,"s:26:21:26:30":3,"s:28:2:44:Infinity":4,"s:30:22:30:30":5,"s:31:4:31:Infinity":6,"s:33:21:36:5":7,"b:39:4:41:Infinity:undefined:undefined:undefined:undefined":0,"s:39:4:41:Infinity":8,"s:40:6:40:Infinity":9,"s:43:4:43:Infinity":10,"s:46:14:46:70":11,"f:46:37:46:38":1,"s:46:56:46:68":12,"s:47:2:47:Infinity":13,"f:56:22:56:37":2,"s:57:17:57:45":14,"s:60:26:60:64":15,"f:60:38:60:39":3,"s:60:45:60:63":16,"s:62:2:62:Infinity":17,"b:62:9:62:24:62:28:62:32":1,"f:70:22:70:38":4,"s:72:19:77:5":18,"s:79:16:82:3":19,"s:84:17:84:40":20,"b:86:2:86:Infinity:undefined:undefined:undefined:undefined":2,"s:86:2:86:Infinity":21,"s:86:29:86:Infinity":22,"s:89:29:89:43":23,"s:90:2:90:Infinity":24}}}
,"C:\\CSE-186\\Assignment6\\src\\model\\pool.js": {"path":"C:\\CSE-186\\Assignment6\\src\\model\\pool.js","statementMap":{"0":{"start":{"line":14,"column":20},"end":{"line":20,"column":2}}},"fnMap":{},"branchMap":{},"s":{"0":1},"f":{},"b":{},"meta":{"lastBranch":0,"lastFunction":0,"lastStatement":1,"seen":{"s:14:20:20:2":0}}}
,"C:\\CSE-186\\Assignment6\\src\\router\\route.js": {"path":"C:\\CSE-186\\Assignment6\\src\\router\\route.js","statementMap":{"0":{"start":{"line":10,"column":20},"end":{"line":10,"column":29}},"1":{"start":{"line":13,"column":2},"end":{"line":20,"column":null}},"2":{"start":{"line":14,"column":19},"end":{"line":14,"column":55}},"3":{"start":{"line":16,"column":4},"end":{"line":18,"column":null}},"4":{"start":{"line":17,"column":6},"end":{"line":17,"column":null}},"5":{"start":{"line":19,"column":4},"end":{"line":19,"column":null}},"6":{"start":{"line":22,"column":20},"end":{"line":22,"column":54}},"7":{"start":{"line":23,"column":2},"end":{"line":23,"column":null}},"8":{"start":{"line":38,"column":15},"end":{"line":38,"column":25}},"9":{"start":{"line":40,"column":15},"end":{"line":40,"column":47}},"10":{"start":{"line":41,"column":2},"end":{"line":43,"column":null}},"11":{"start":{"line":42,"column":4},"end":{"line":42,"column":null}},"12":{"start":{"line":44,"column":2},"end":{"line":44,"column":null}}},"fnMap":{"0":{"name":"getAll","decl":{"start":{"line":9,"column":22},"end":{"line":9,"column":28}},"loc":{"start":{"line":9,"column":39},"end":{"line":29,"column":null}},"line":9},"1":{"name":"getByID","decl":{"start":{"line":37,"column":22},"end":{"line":37,"column":29}},"loc":{"start":{"line":37,"column":40},"end":{"line":52,"column":null}},"line":37}},"branchMap":{"0":{"loc":{"start":{"line":13,"column":2},"end":{"line":20,"column":null}},"type":"if","locations":[{"start":{"line":13,"column":2},"end":{"line":20,"column":null}},{"start":{},"end":{}}],"line":13},"1":{"loc":{"start":{"line":16,"column":4},"end":{"line":18,"column":null}},"type":"if","locations":[{"start":{"line":16,"column":4},"end":{"line":18,"column":null}},{"start":{},"end":{}}],"line":16},"2":{"loc":{"start":{"line":41,"column":2},"end":{"line":43,"column":null}},"type":"if","locations":[{"start":{"line":41,"column":2},"end":{"line":43,"column":null}},{"start":{},"end":{}}],"line":41}},"s":{"0":14,"1":14,"2":4,"3":4,"4":1,"5":3,"6":10,"7":10,"8":5,"9":5,"10":5,"11":1,"12":4},"f":{"0":14,"1":5},"b":{"0":[4,10],"1":[1,3],"2":[1,4]},"meta":{"lastBranch":3,"lastFunction":2,"lastStatement":13,"seen":{"f:9:22:9:28":0,"s:10:20:10:29":0,"b:13:2:20:Infinity:undefined:undefined:undefined:undefined":0,"s:13:2:20:Infinity":1,"s:14:19:14:55":2,"b:16:4:18:Infinity:undefined:undefined:undefined:undefined":1,"s:16:4:18:Infinity":3,"s:17:6:17:Infinity":4,"s:19:4:19:Infinity":5,"s:22:20:22:54":6,"s:23:2:23:Infinity":7,"f:37:22:37:29":1,"s:38:15:38:25":8,"s:40:15:40:47":9,"b:41:2:43:Infinity:undefined:undefined:undefined:undefined":2,"s:41:2:43:Infinity":10,"s:42:4:42:Infinity":11,"s:44:2:44:Infinity":12}}}
,"C:\\CSE-186\\Assignment6\\test\\db.js": {"path":"C:\\CSE-186\\Assignment6\\test\\db.js","statementMap":{"0":{"start":{"line":21,"column":0},"end":{"line":21,"column":null}},"1":{"start":{"line":22,"column":0},"end":{"line":22,"column":null}},"2":{"start":{"line":24,"column":13},"end":{"line":30,"column":2}},"3":{"start":{"line":32,"column":12},"end":{"line":46,"column":1}},"4":{"start":{"line":33,"column":18},"end":{"line":33,"column":47}},"5":{"start":{"line":34,"column":16},"end":{"line":34,"column":38}},"6":{"start":{"line":35,"column":18},"end":{"line":35,"column":20}},"7":{"start":{"line":36,"column":2},"end":{"line":45,"column":null}},"8":{"start":{"line":37,"column":4},"end":{"line":37,"column":null}},"9":{"start":{"line":38,"column":4},"end":{"line":44,"column":null}},"10":{"start":{"line":39,"column":6},"end":{"line":39,"column":null}},"11":{"start":{"line":40,"column":6},"end":{"line":43,"column":null}},"12":{"start":{"line":41,"column":8},"end":{"line":41,"column":null}},"13":{"start":{"line":42,"column":8},"end":{"line":42,"column":null}},"14":{"start":{"line":51,"column":2},"end":{"line":51,"column":null}},"15":{"start":{"line":57,"column":2},"end":{"line":57,"column":null}},"16":{"start":{"line":58,"column":2},"end":{"line":58,"column":null}}},"fnMap":{"0":{"name":"(anonymous_0)","decl":{"start":{"line":32,"column":12},"end":{"line":32,"column":17}},"loc":{"start":{"line":32,"column":28},"end":{"line":46,"column":1}},"line":32},"1":{"name":"close","decl":{"start":{"line":50,"column":16},"end":{"line":50,"column":21}},"loc":{"start":{"line":50,"column":24},"end":{"line":52,"column":1}},"line":50},"2":{"name":"reset","decl":{"start":{"line":56,"column":22},"end":{"line":56,"column":27}},"loc":{"start":{"line":56,"column":30},"end":{"line":59,"column":1}},"line":56}},"branchMap":{"0":{"loc":{"start":{"line":38,"column":4},"end":{"line":44,"column":null}},"type":"if","locations":[{"start":{"line":38,"column":4},"end":{"line":44,"column":null}},{"start":{},"end":{}}],"line":38},"1":{"loc":{"start":{"line":40,"column":6},"end":{"line":43,"column":null}},"type":"if","locations":[{"start":{"line":40,"column":6},"end":{"line":43,"column":null}},{"start":{},"end":{}}],"line":40}},"s":{"0":1,"1":1,"2":1,"3":1,"4":2,"5":2,"6":2,"7":2,"8":347,"9":347,"10":325,"11":325,"12":309,"13":309,"14":1,"15":1,"16":1},"f":{"0":2,"1":1,"2":1},"b":{"0":[325,22],"1":[309,16]},"meta":{"lastBranch":2,"lastFunction":3,"lastStatement":17,"seen":{"s:21:0:21:Infinity":0,"s:22:0:22:Infinity":1,"s:24:13:30:2":2,"s:32:12:46:1":3,"f:32:12:32:17":0,"s:33:18:33:47":4,"s:34:16:34:38":5,"s:35:18:35:20":6,"s:36:2:45:Infinity":7,"s:37:4:37:Infinity":8,"b:38:4:44:Infinity:undefined:undefined:undefined:undefined":0,"s:38:4:44:Infinity":9,"s:39:6:39:Infinity":10,"b:40:6:43:Infinity:undefined:undefined:undefined:undefined":1,"s:40:6:43:Infinity":11,"s:41:8:41:Infinity":12,"s:42:8:42:Infinity":13,"f:50:16:50:21":1,"s:51:2:51:Infinity":14,"f:56:22:56:27":2,"s:57:2:57:Infinity":15,"s:58:2:58:Infinity":16}}}
}
