{"C:\\CSE-186\\Assignment6\\src\\app.js": {"path":"C:\\CSE-186\\Assignment6\\src\\app.js","statementMap":{"0":{"start":{"line":20,"column":18},"end":{"line":20,"column":49}},"1":{"start":{"line":21,"column":18},"end":{"line":21,"column":42}},"2":{"start":{"line":23,"column":11},"end":{"line":23,"column":21}},"3":{"start":{"line":24,"column":0},"end":{"line":24,"column":null}},"4":{"start":{"line":25,"column":0},"end":{"line":25,"column":null}},"5":{"start":{"line":27,"column":16},"end":{"line":27,"column":59}},"6":{"start":{"line":29,"column":15},"end":{"line":29,"column":58}},"7":{"start":{"line":30,"column":0},"end":{"line":30,"column":null}},"8":{"start":{"line":32,"column":0},"end":{"line":38,"column":null}},"9":{"start":{"line":47,"column":0},"end":{"line":47,"column":null}},"10":{"start":{"line":50,"column":0},"end":{"line":50,"column":null}},"11":{"start":{"line":53,"column":0},"end":{"line":53,"column":null}},"12":{"start":{"line":56,"column":0},"end":{"line":56,"column":null}},"13":{"start":{"line":58,"column":0},"end":{"line":64,"column":null}},"14":{"start":{"line":59,"column":2},"end":{"line":63,"column":null}}},"fnMap":{"0":{"name":"(anonymous_0)","decl":{"start":{"line":58,"column":8},"end":{"line":58,"column":9}},"loc":{"start":{"line":58,"column":33},"end":{"line":64,"column":1}},"line":58}},"branchMap":{},"s":{"0":1,"1":1,"2":1,"3":1,"4":1,"5":1,"6":1,"7":1,"8":1,"9":1,"10":1,"11":1,"12":1,"13":1,"14":2},"f":{"0":2},"b":{},"meta":{"lastBranch":0,"lastFunction":1,"lastStatement":15,"seen":{"s:20:18:20:49":0,"s:21:18:21:42":1,"s:23:11:23:21":2,"s:24:0:24:Infinity":3,"s:25:0:25:Infinity":4,"s:27:16:27:59":5,"s:29:15:29:58":6,"s:30:0:30:Infinity":7,"s:32:0:38:Infinity":8,"s:47:0:47:Infinity":9,"s:50:0:50:Infinity":10,"s:53:0:53:Infinity":11,"s:56:0:56:Infinity":12,"s:58:0:64:Infinity":13,"f:58:8:58:9":0,"s:59:2:63:Infinity":14}}}
,"C:\\CSE-186\\Assignment6\\src\\model\\mail.js": {"path":"C:\\CSE-186\\Assignment6\\src\\model\\mail.js","statementMap":{"0":{"start":{"line":14,"column":20},"end":{"line":20,"column":5}},"1":{"start":{"line":21,"column":16},"end":{"line":23,"column":3}},"2":{"start":{"line":24,"column":17},"end":{"line":24,"column":40}},"3":{"start":{"line":26,"column":21},"end":{"line":26,"column":30}},"4":{"start":{"line":28,"column":2},"end":{"line":49,"column":null}},"5":{"start":{"line":30,"column":22},"end":{"line":30,"column":30}},"6":{"start":{"line":31,"column":4},"end":{"line":31,"column":null}},"7":{"start":{"line":34,"column":21},"end":{"line":41,"column":5}},"8":{"start":{"line":44,"column":4},"end":{"line":46,"column":null}},"9":{"start":{"line":45,"column":6},"end":{"line":45,"column":null}},"10":{"start":{"line":48,"column":4},"end":{"line":48,"column":null}},"11":{"start":{"line":51,"column":14},"end":{"line":51,"column":70}},"12":{"start":{"line":51,"column":56},"end":{"line":51,"column":68}},"13":{"start":{"line":52,"column":2},"end":{"line":52,"column":null}},"14":{"start":{"line":62,"column":17},"end":{"line":62,"column":45}},"15":{"start":{"line":65,"column":26},"end":{"line":65,"column":64}},"16":{"start":{"line":65,"column":45},"end":{"line":65,"column":63}},"17":{"start":{"line":67,"column":2},"end":{"line":67,"column":null}},"18":{"start":{"line":77,"column":19},"end":{"line":82,"column":5}},"19":{"start":{"line":84,"column":16},"end":{"line":87,"column":3}},"20":{"start":{"line":89,"column":17},"end":{"line":89,"column":40}},"21":{"start":{"line":91,"column":2},"end":{"line":91,"column":null}},"22":{"start":{"line":91,"column":29},"end":{"line":91,"column":null}},"23":{"start":{"line":94,"column":29},"end":{"line":94,"column":43}},"24":{"start":{"line":95,"column":2},"end":{"line":103,"column":null}},"25":{"start":{"line":112,"column":17},"end":{"line":118,"column":3}},"26":{"start":{"line":121,"column":19},"end":{"line":121,"column":43}},"27":{"start":{"line":123,"column":21},"end":{"line":133,"column":3}},"28":{"start":{"line":135,"column":17},"end":{"line":141,"column":4}},"29":{"start":{"line":144,"column":15},"end":{"line":144,"column":34}},"30":{"start":{"line":145,"column":2},"end":{"line":153,"column":null}},"31":{"start":{"line":167,"column":19},"end":{"line":175,"column":3}},"32":{"start":{"line":180,"column":20},"end":{"line":183,"column":4}},"33":{"start":{"line":186,"column":2},"end":{"line":188,"column":null}},"34":{"start":{"line":187,"column":4},"end":{"line":187,"column":null}},"35":{"start":{"line":190,"column":27},"end":{"line":190,"column":44}},"36":{"start":{"line":192,"column":2},"end":{"line":194,"column":null}},"37":{"start":{"line":193,"column":4},"end":{"line":193,"column":27}},"38":{"start":{"line":199,"column":24},"end":{"line":204,"column":4}},"39":{"start":{"line":209,"column":2},"end":{"line":223,"column":null}},"40":{"start":{"line":210,"column":26},"end":{"line":214,"column":5}},"41":{"start":{"line":215,"column":23},"end":{"line":218,"column":6}},"42":{"start":{"line":220,"column":4},"end":{"line":220,"column":null}},"43":{"start":{"line":222,"column":4},"end":{"line":222,"column":null}},"44":{"start":{"line":226,"column":15},"end":{"line":231,"column":3}},"45":{"start":{"line":233,"column":17},"end":{"line":236,"column":4}},"46":{"start":{"line":239,"column":2},"end":{"line":239,"column":null}}},"fnMap":{"0":{"name":"retrieveAllMailboxes","decl":{"start":{"line":13,"column":22},"end":{"line":13,"column":42}},"loc":{"start":{"line":13,"column":45},"end":{"line":53,"column":null}},"line":13},"1":{"name":"(anonymous_1)","decl":{"start":{"line":51,"column":37},"end":{"line":51,"column":38}},"loc":{"start":{"line":51,"column":56},"end":{"line":51,"column":68}},"line":51},"2":{"name":"retrieveMailbox","decl":{"start":{"line":61,"column":22},"end":{"line":61,"column":37}},"loc":{"start":{"line":61,"column":47},"end":{"line":68,"column":null}},"line":61},"3":{"name":"(anonymous_3)","decl":{"start":{"line":65,"column":38},"end":{"line":65,"column":39}},"loc":{"start":{"line":65,"column":45},"end":{"line":65,"column":63}},"line":65},"4":{"name":"retrieveMailByID","decl":{"start":{"line":75,"column":22},"end":{"line":75,"column":38}},"loc":{"start":{"line":75,"column":43},"end":{"line":104,"column":null}},"line":75},"5":{"name":"create","decl":{"start":{"line":111,"column":22},"end":{"line":111,"column":28}},"loc":{"start":{"line":111,"column":39},"end":{"line":154,"column":null}},"line":111},"6":{"name":"puttingIt","decl":{"start":{"line":164,"column":22},"end":{"line":164,"column":31}},"loc":{"start":{"line":164,"column":45},"end":{"line":240,"column":null}},"line":164}},"branchMap":{"0":{"loc":{"start":{"line":44,"column":4},"end":{"line":46,"column":null}},"type":"if","locations":[{"start":{"line":44,"column":4},"end":{"line":46,"column":null}},{"start":{},"end":{}}],"line":44},"1":{"loc":{"start":{"line":67,"column":9},"end":{"line":67,"column":32}},"type":"binary-expr","locations":[{"start":{"line":67,"column":9},"end":{"line":67,"column":24}},{"start":{"line":67,"column":28},"end":{"line":67,"column":32}}],"line":67},"2":{"loc":{"start":{"line":91,"column":2},"end":{"line":91,"column":null}},"type":"if","locations":[{"start":{"line":91,"column":2},"end":{"line":91,"column":null}},{"start":{},"end":{}}],"line":91},"3":{"loc":{"start":{"line":186,"column":2},"end":{"line":188,"column":null}},"type":"if","locations":[{"start":{"line":186,"column":2},"end":{"line":188,"column":null}},{"start":{},"end":{}}],"line":186},"4":{"loc":{"start":{"line":192,"column":2},"end":{"line":194,"column":null}},"type":"if","locations":[{"start":{"line":192,"column":2},"end":{"line":194,"column":null}},{"start":{},"end":{}}],"line":192},"5":{"loc":{"start":{"line":192,"column":6},"end":{"line":192,"column":52}},"type":"binary-expr","locations":[{"start":{"line":192,"column":6},"end":{"line":192,"column":24}},{"start":{"line":192,"column":28},"end":{"line":192,"column":52}}],"line":192},"6":{"loc":{"start":{"line":209,"column":2},"end":{"line":223,"column":null}},"type":"if","locations":[{"start":{"line":209,"column":2},"end":{"line":223,"column":null}},{"start":{"line":221,"column":9},"end":{"line":223,"column":null}}],"line":209}},"s":{"0":15,"1":15,"2":15,"3":15,"4":15,"5":4500,"6":4500,"7":4500,"8":4500,"9":45,"10":4500,"11":15,"12":45,"13":15,"14":4,"15":4,"16":9,"17":4,"18":5,"19":5,"20":5,"21":5,"22":1,"23":4,"24":4,"25":2,"26":2,"27":2,"28":2,"29":2,"30":2,"31":0,"32":0,"33":0,"34":0,"35":0,"36":0,"37":0,"38":0,"39":0,"40":0,"41":0,"42":0,"43":0,"44":0,"45":0,"46":0},"f":{"0":15,"1":45,"2":4,"3":9,"4":5,"5":2,"6":0},"b":{"0":[45,4455],"1":[4,1],"2":[1,4],"3":[0,0],"4":[0,0],"5":[0,0],"6":[0,0]},"meta":{"lastBranch":7,"lastFunction":7,"lastStatement":47,"seen":{"f:13:22:13:42":0,"s:14:20:20:5":0,"s:21:16:23:3":1,"s:24:17:24:40":2,"s:26:21:26:30":3,"s:28:2:49:Infinity":4,"s:30:22:30:30":5,"s:31:4:31:Infinity":6,"s:34:21:41:5":7,"b:44:4:46:Infinity:undefined:undefined:undefined:undefined":0,"s:44:4:46:Infinity":8,"s:45:6:45:Infinity":9,"s:48:4:48:Infinity":10,"s:51:14:51:70":11,"f:51:37:51:38":1,"s:51:56:51:68":12,"s:52:2:52:Infinity":13,"f:61:22:61:37":2,"s:62:17:62:45":14,"s:65:26:65:64":15,"f:65:38:65:39":3,"s:65:45:65:63":16,"s:67:2:67:Infinity":17,"b:67:9:67:24:67:28:67:32":1,"f:75:22:75:38":4,"s:77:19:82:5":18,"s:84:16:87:3":19,"s:89:17:89:40":20,"b:91:2:91:Infinity:undefined:undefined:undefined:undefined":2,"s:91:2:91:Infinity":21,"s:91:29:91:Infinity":22,"s:94:29:94:43":23,"s:95:2:103:Infinity":24,"f:111:22:111:28":5,"s:112:17:118:3":25,"s:121:19:121:43":26,"s:123:21:133:3":27,"s:135:17:141:4":28,"s:144:15:144:34":29,"s:145:2:153:Infinity":30,"f:164:22:164:31":6,"s:167:19:175:3":31,"s:180:20:183:4":32,"b:186:2:188:Infinity:undefined:undefined:undefined:undefined":3,"s:186:2:188:Infinity":33,"s:187:4:187:Infinity":34,"s:190:27:190:44":35,"b:192:2:194:Infinity:undefined:undefined:undefined:undefined":4,"s:192:2:194:Infinity":36,"b:192:6:192:24:192:28:192:52":5,"s:193:4:193:27":37,"s:199:24:204:4":38,"b:209:2:223:Infinity:221:9:223:Infinity":6,"s:209:2:223:Infinity":39,"s:210:26:214:5":40,"s:215:23:218:6":41,"s:220:4:220:Infinity":42,"s:222:4:222:Infinity":43,"s:226:15:231:3":44,"s:233:17:236:4":45,"s:239:2:239:Infinity":46}}}
,"C:\\CSE-186\\Assignment6\\src\\model\\pool.js": {"path":"C:\\CSE-186\\Assignment6\\src\\model\\pool.js","statementMap":{"0":{"start":{"line":14,"column":20},"end":{"line":20,"column":2}}},"fnMap":{},"branchMap":{},"s":{"0":1},"f":{},"b":{},"meta":{"lastBranch":0,"lastFunction":0,"lastStatement":1,"seen":{"s:14:20:20:2":0}}}
,"C:\\CSE-186\\Assignment6\\src\\router\\route.js": {"path":"C:\\CSE-186\\Assignment6\\src\\router\\route.js","statementMap":{"0":{"start":{"line":10,"column":20},"end":{"line":10,"column":29}},"1":{"start":{"line":13,"column":2},"end":{"line":20,"column":null}},"2":{"start":{"line":14,"column":19},"end":{"line":14,"column":55}},"3":{"start":{"line":16,"column":4},"end":{"line":18,"column":null}},"4":{"start":{"line":17,"column":6},"end":{"line":17,"column":null}},"5":{"start":{"line":19,"column":4},"end":{"line":19,"column":null}},"6":{"start":{"line":22,"column":20},"end":{"line":22,"column":54}},"7":{"start":{"line":23,"column":2},"end":{"line":23,"column":null}},"8":{"start":{"line":38,"column":15},"end":{"line":38,"column":25}},"9":{"start":{"line":40,"column":15},"end":{"line":40,"column":47}},"10":{"start":{"line":41,"column":2},"end":{"line":43,"column":null}},"11":{"start":{"line":42,"column":4},"end":{"line":42,"column":null}},"12":{"start":{"line":44,"column":2},"end":{"line":44,"column":null}},"13":{"start":{"line":60,"column":16},"end":{"line":60,"column":52}},"14":{"start":{"line":61,"column":2},"end":{"line":61,"column":null}},"15":{"start":{"line":71,"column":15},"end":{"line":71,"column":25}},"16":{"start":{"line":72,"column":20},"end":{"line":72,"column":29}},"17":{"start":{"line":74,"column":2},"end":{"line":87,"column":null}},"18":{"start":{"line":76,"column":18},"end":{"line":76,"column":52}},"19":{"start":{"line":77,"column":4},"end":{"line":79,"column":null}},"20":{"start":{"line":78,"column":6},"end":{"line":78,"column":null}},"21":{"start":{"line":81,"column":4},"end":{"line":81,"column":null}},"22":{"start":{"line":84,"column":4},"end":{"line":86,"column":null}},"23":{"start":{"line":85,"column":6},"end":{"line":85,"column":null}}},"fnMap":{"0":{"name":"getAll","decl":{"start":{"line":9,"column":22},"end":{"line":9,"column":28}},"loc":{"start":{"line":9,"column":39},"end":{"line":29,"column":null}},"line":9},"1":{"name":"getByID","decl":{"start":{"line":37,"column":22},"end":{"line":37,"column":29}},"loc":{"start":{"line":37,"column":40},"end":{"line":52,"column":null}},"line":37},"2":{"name":"post","decl":{"start":{"line":59,"column":22},"end":{"line":59,"column":26}},"loc":{"start":{"line":59,"column":37},"end":{"line":62,"column":null}},"line":59},"3":{"name":"put","decl":{"start":{"line":70,"column":22},"end":{"line":70,"column":25}},"loc":{"start":{"line":70,"column":36},"end":{"line":88,"column":null}},"line":70}},"branchMap":{"0":{"loc":{"start":{"line":13,"column":2},"end":{"line":20,"column":null}},"type":"if","locations":[{"start":{"line":13,"column":2},"end":{"line":20,"column":null}},{"start":{},"end":{}}],"line":13},"1":{"loc":{"start":{"line":16,"column":4},"end":{"line":18,"column":null}},"type":"if","locations":[{"start":{"line":16,"column":4},"end":{"line":18,"column":null}},{"start":{},"end":{}}],"line":16},"2":{"loc":{"start":{"line":41,"column":2},"end":{"line":43,"column":null}},"type":"if","locations":[{"start":{"line":41,"column":2},"end":{"line":43,"column":null}},{"start":{},"end":{}}],"line":41},"3":{"loc":{"start":{"line":77,"column":4},"end":{"line":79,"column":null}},"type":"if","locations":[{"start":{"line":77,"column":4},"end":{"line":79,"column":null}},{"start":{},"end":{}}],"line":77},"4":{"loc":{"start":{"line":84,"column":4},"end":{"line":86,"column":null}},"type":"if","locations":[{"start":{"line":84,"column":4},"end":{"line":86,"column":null}},{"start":{},"end":{}}],"line":84}},"s":{"0":15,"1":15,"2":4,"3":4,"4":1,"5":3,"6":11,"7":11,"8":5,"9":5,"10":5,"11":1,"12":4,"13":2,"14":2,"15":0,"16":0,"17":0,"18":0,"19":0,"20":0,"21":0,"22":0,"23":0},"f":{"0":15,"1":5,"2":2,"3":0},"b":{"0":[4,11],"1":[1,3],"2":[1,4],"3":[0,0],"4":[0,0]},"meta":{"lastBranch":5,"lastFunction":4,"lastStatement":24,"seen":{"f:9:22:9:28":0,"s:10:20:10:29":0,"b:13:2:20:Infinity:undefined:undefined:undefined:undefined":0,"s:13:2:20:Infinity":1,"s:14:19:14:55":2,"b:16:4:18:Infinity:undefined:undefined:undefined:undefined":1,"s:16:4:18:Infinity":3,"s:17:6:17:Infinity":4,"s:19:4:19:Infinity":5,"s:22:20:22:54":6,"s:23:2:23:Infinity":7,"f:37:22:37:29":1,"s:38:15:38:25":8,"s:40:15:40:47":9,"b:41:2:43:Infinity:undefined:undefined:undefined:undefined":2,"s:41:2:43:Infinity":10,"s:42:4:42:Infinity":11,"s:44:2:44:Infinity":12,"f:59:22:59:26":2,"s:60:16:60:52":13,"s:61:2:61:Infinity":14,"f:70:22:70:25":3,"s:71:15:71:25":15,"s:72:20:72:29":16,"s:74:2:87:Infinity":17,"s:76:18:76:52":18,"b:77:4:79:Infinity:undefined:undefined:undefined:undefined":3,"s:77:4:79:Infinity":19,"s:78:6:78:Infinity":20,"s:81:4:81:Infinity":21,"b:84:4:86:Infinity:undefined:undefined:undefined:undefined":4,"s:84:4:86:Infinity":22,"s:85:6:85:Infinity":23}}}
,"C:\\CSE-186\\Assignment6\\test\\db.js": {"path":"C:\\CSE-186\\Assignment6\\test\\db.js","statementMap":{"0":{"start":{"line":21,"column":0},"end":{"line":21,"column":null}},"1":{"start":{"line":22,"column":0},"end":{"line":22,"column":null}},"2":{"start":{"line":24,"column":13},"end":{"line":30,"column":2}},"3":{"start":{"line":32,"column":12},"end":{"line":46,"column":1}},"4":{"start":{"line":33,"column":18},"end":{"line":33,"column":47}},"5":{"start":{"line":34,"column":16},"end":{"line":34,"column":38}},"6":{"start":{"line":35,"column":18},"end":{"line":35,"column":20}},"7":{"start":{"line":36,"column":2},"end":{"line":45,"column":null}},"8":{"start":{"line":37,"column":4},"end":{"line":37,"column":null}},"9":{"start":{"line":38,"column":4},"end":{"line":44,"column":null}},"10":{"start":{"line":39,"column":6},"end":{"line":39,"column":null}},"11":{"start":{"line":40,"column":6},"end":{"line":43,"column":null}},"12":{"start":{"line":41,"column":8},"end":{"line":41,"column":null}},"13":{"start":{"line":42,"column":8},"end":{"line":42,"column":null}},"14":{"start":{"line":51,"column":2},"end":{"line":51,"column":null}},"15":{"start":{"line":57,"column":2},"end":{"line":57,"column":null}},"16":{"start":{"line":58,"column":2},"end":{"line":58,"column":null}}},"fnMap":{"0":{"name":"(anonymous_0)","decl":{"start":{"line":32,"column":12},"end":{"line":32,"column":17}},"loc":{"start":{"line":32,"column":28},"end":{"line":46,"column":1}},"line":32},"1":{"name":"close","decl":{"start":{"line":50,"column":16},"end":{"line":50,"column":21}},"loc":{"start":{"line":50,"column":24},"end":{"line":52,"column":1}},"line":50},"2":{"name":"reset","decl":{"start":{"line":56,"column":22},"end":{"line":56,"column":27}},"loc":{"start":{"line":56,"column":30},"end":{"line":59,"column":1}},"line":56}},"branchMap":{"0":{"loc":{"start":{"line":38,"column":4},"end":{"line":44,"column":null}},"type":"if","locations":[{"start":{"line":38,"column":4},"end":{"line":44,"column":null}},{"start":{},"end":{}}],"line":38},"1":{"loc":{"start":{"line":40,"column":6},"end":{"line":43,"column":null}},"type":"if","locations":[{"start":{"line":40,"column":6},"end":{"line":43,"column":null}},{"start":{},"end":{}}],"line":40}},"s":{"0":1,"1":1,"2":1,"3":1,"4":2,"5":2,"6":2,"7":2,"8":347,"9":347,"10":325,"11":325,"12":309,"13":309,"14":1,"15":1,"16":1},"f":{"0":2,"1":1,"2":1},"b":{"0":[325,22],"1":[309,16]},"meta":{"lastBranch":2,"lastFunction":3,"lastStatement":17,"seen":{"s:21:0:21:Infinity":0,"s:22:0:22:Infinity":1,"s:24:13:30:2":2,"s:32:12:46:1":3,"f:32:12:32:17":0,"s:33:18:33:47":4,"s:34:16:34:38":5,"s:35:18:35:20":6,"s:36:2:45:Infinity":7,"s:37:4:37:Infinity":8,"b:38:4:44:Infinity:undefined:undefined:undefined:undefined":0,"s:38:4:44:Infinity":9,"s:39:6:39:Infinity":10,"b:40:6:43:Infinity:undefined:undefined:undefined:undefined":1,"s:40:6:43:Infinity":11,"s:41:8:41:Infinity":12,"s:42:8:42:Infinity":13,"f:50:16:50:21":1,"s:51:2:51:Infinity":14,"f:56:22:56:27":2,"s:57:2:57:Infinity":15,"s:58:2:58:Infinity":16}}}
}
